2026-01-03 23:23:36.760 [info] Reading sessions from keychain...
2026-01-03 23:23:36.760 [info] Getting sessions for all scopes...
2026-01-03 23:23:36.760 [info] Got 0 sessions for ...
2026-01-03 23:23:36.760 [info] Getting sessions for all scopes...
2026-01-03 23:23:36.760 [info] Got 0 sessions for ...
2026-01-03 23:23:36.760 [info] Getting sessions for all scopes...
2026-01-03 23:23:36.760 [info] Got 0 sessions for ...
2026-01-03 23:23:36.760 [info] Getting sessions for all scopes...
2026-01-03 23:23:36.760 [info] Got 0 sessions for ...
2026-01-03 23:23:36.760 [info] Getting sessions for all scopes...
2026-01-03 23:23:36.760 [info] Got 0 sessions for ...
2026-01-03 23:23:36.760 [info] Getting sessions for all scopes...
2026-01-03 23:23:36.760 [info] Got 0 sessions for ...
2026-01-03 23:23:36.760 [info] Getting sessions for all scopes...
2026-01-03 23:23:36.760 [info] Got 0 sessions for ...
2026-01-03 23:23:36.760 [info] Getting sessions for all scopes...
2026-01-03 23:23:36.760 [info] Got 0 sessions for ...
2026-01-03 23:23:36.760 [info] Getting sessions for all scopes...
2026-01-03 23:23:36.760 [info] Got 0 sessions for ...
2026-01-03 23:23:36.760 [info] Getting sessions for all scopes...
2026-01-03 23:23:36.760 [info] Got 0 sessions for ...
2026-01-03 23:23:36.760 [info] Getting sessions for all scopes...
2026-01-03 23:23:36.760 [info] Got 0 sessions for ...
2026-01-03 23:23:36.760 [info] Getting sessions for all scopes...
2026-01-03 23:23:36.760 [info] Got 0 sessions for ...
2026-01-03 23:23:36.760 [info] Getting sessions for all scopes...
2026-01-03 23:23:36.760 [info] Got 0 sessions for ...
2026-01-03 23:23:36.760 [info] Getting sessions for all scopes...
2026-01-03 23:23:36.760 [info] Got 0 sessions for ...
2026-01-03 23:23:36.760 [info] Getting sessions for all scopes...
2026-01-03 23:23:36.760 [info] Got 0 sessions for ...
2026-01-03 23:23:36.760 [info] Getting sessions for all scopes...
2026-01-03 23:23:36.760 [info] Got 0 sessions for ...
2026-01-03 23:23:36.839 [info] Getting sessions for all scopes...
2026-01-03 23:23:36.844 [info] Got 0 sessions for ...
2026-01-03 23:23:36.915 [info] Getting sessions for all scopes...
2026-01-03 23:23:36.915 [info] Got 0 sessions for ...
2026-01-03 23:23:36.915 [info] Getting sessions for all scopes...
2026-01-03 23:23:36.915 [info] Got 0 sessions for ...
2026-01-03 23:23:37.414 [info] Getting sessions for all scopes...
2026-01-03 23:23:37.414 [info] Got 0 sessions for ...
2026-01-03 23:23:38.950 [info] Getting sessions for read:user,repo,user:email,workflow...
2026-01-03 23:23:38.950 [info] Got 0 sessions for read:user,repo,user:email,workflow...
2026-01-03 23:25:41.824 [info] Getting sessions for all scopes...
2026-01-03 23:25:41.824 [info] Got 0 sessions for ...
2026-01-03 23:27:42.199 [info] Getting sessions for all scopes...
2026-01-03 23:27:42.200 [info] Got 0 sessions for ...
