2026-01-08 13:24:08.794 [info] [main] Log level: Info
2026-01-08 13:24:08.794 [info] [main] Validating found git in: "git"
2026-01-08 13:24:08.794 [info] [main] Using git "2.52.0" from "git"
2026-01-08 13:24:08.794 [info] [Model][doInitialScan] Initial repository scan started
2026-01-08 13:24:08.794 [info] > git rev-parse --show-toplevel [18ms]
2026-01-08 13:24:08.832 [info] > git rev-parse --git-dir --git-common-dir --show-superproject-working-tree [81ms]
2026-01-08 13:24:08.889 [info] [Model][openRepository] Opened repository (path): /home/ell/Documents/ai-content-gen
2026-01-08 13:24:08.889 [info] [Model][openRepository] Opened repository (real path): /home/ell/Documents/ai-content-gen
2026-01-08 13:24:08.889 [info] [Model][openRepository] Opened repository (kind): repository
2026-01-08 13:24:09.023 [info] > git config --get commit.template [97ms]
2026-01-08 13:24:09.105 [info] > git for-each-ref --format=%(refname)%00%(upstream:short)%00%(objectname)%00%(upstream:track)%00%(upstream:remotename)%00%(upstream:remoteref) refs/heads/dev refs/remotes/dev [29ms]
2026-01-08 13:24:09.132 [info] > git rev-parse --show-toplevel [28ms]
2026-01-08 13:24:09.312 [info] > git for-each-ref --sort -committerdate --format %(refname)%00%(objectname)%00%(*objectname) [119ms]
2026-01-08 13:24:09.318 [info] > git rev-parse --show-toplevel [173ms]
2026-01-08 13:24:09.337 [info] > git status -z -uall [155ms]
2026-01-08 13:24:09.524 [info] > git for-each-ref --format=%(refname)%00%(upstream:short)%00%(objectname)%00%(upstream:track)%00%(upstream:remotename)%00%(upstream:remoteref) refs/heads/dev refs/remotes/dev [130ms]
2026-01-08 13:24:09.545 [info] > git rev-parse --show-toplevel [211ms]
2026-01-08 13:24:11.314 [info] > git config --get --local branch.dev.vscode-merge-base [1774ms]
2026-01-08 13:24:11.432 [info] > git check-ignore -v -z --stdin [101ms]
2026-01-08 13:24:11.433 [info] > git for-each-ref --format=%(refname)%00%(upstream:short)%00%(objectname)%00%(upstream:track)%00%(upstream:remotename)%00%(upstream:remoteref) refs/heads/origin/main refs/remotes/origin/main [111ms]
2026-01-08 13:24:11.447 [info] > git rev-parse --show-toplevel [140ms]
2026-01-08 13:24:11.448 [info] > git config --get commit.template [147ms]
2026-01-08 13:24:11.472 [info] > git merge-base refs/heads/dev refs/remotes/origin/dev [26ms]
2026-01-08 13:24:11.495 [info] > git diff --name-status -z --diff-filter=ADMR --find-renames=50% 83b755410c3e396ecd68b1c20189261fa266706f...refs/remotes/origin/dev -- [11ms]
2026-01-08 13:24:11.496 [info] > git rev-parse --show-toplevel [25ms]
2026-01-08 13:24:11.529 [info] > git for-each-ref --format=%(refname)%00%(upstream:short)%00%(objectname)%00%(upstream:track)%00%(upstream:remotename)%00%(upstream:remoteref) refs/heads/dev refs/remotes/dev [36ms]
2026-01-08 13:24:11.532 [info] > git rev-parse --show-toplevel [18ms]
2026-01-08 13:24:11.556 [info] > git rev-parse --show-toplevel [19ms]
2026-01-08 13:24:11.605 [info] > git status -z -uall [33ms]
2026-01-08 13:24:11.605 [info] > git for-each-ref --sort -committerdate --format %(refname)%00%(objectname)%00%(*objectname) [22ms]
2026-01-08 13:24:11.614 [info] > git rev-parse --show-toplevel [51ms]
2026-01-08 13:24:11.622 [info] > git rev-parse --show-toplevel [1ms]
2026-01-08 13:24:11.623 [info] [Model][doInitialScan] Initial repository scan completed - repositories (1), closed repositories (0), parent repositories (0), unsafe repositories (0)
2026-01-08 13:24:11.640 [info] > git show --textconv HEAD:app/(pages)/layout.tsx [10ms]
2026-01-08 13:24:11.640 [info] > git ls-tree -l HEAD -- app/(pages)/layout.tsx [3ms]
2026-01-08 13:24:11.764 [info] > git ls-tree -l HEAD -- app/(pages)/layout.tsx [4ms]
2026-01-08 13:24:11.867 [info] > git check-ignore -v -z --stdin [18ms]
2026-01-08 13:24:11.868 [info] > git log --format=%H%n%aN%n%aE%n%at%n%ct%n%P%n%D%n%B -z --shortstat --diff-merges=first-parent -n50 --skip=0 --topo-order --decorate=full --stdin [364ms]
2026-01-08 13:24:12.717 [info] > git blame --root --incremental 83b755410c3e396ecd68b1c20189261fa266706f -- app/(pages)/layout.tsx [147ms]
2026-01-08 13:24:14.889 [info] > git merge-base dev origin/dev [21ms]
2026-01-08 13:26:59.440 [info] > git stash push -u -m WIP-2: Applied some changes and commits. Now moving to new branch for cleaner commits. [60ms]
2026-01-08 13:26:59.454 [info] > git config --get commit.template [5ms]
2026-01-08 13:26:59.454 [info] > git for-each-ref --format=%(refname)%00%(upstream:short)%00%(objectname)%00%(upstream:track)%00%(upstream:remotename)%00%(upstream:remoteref) refs/heads/dev refs/remotes/dev [1ms]
2026-01-08 13:26:59.465 [info] > git status -z -uall [6ms]
2026-01-08 13:26:59.467 [info] > git for-each-ref --sort -committerdate --format %(refname)%00%(objectname)%00%(*objectname) [3ms]
2026-01-08 13:27:00.610 [info] > git config --get commit.template [2ms]
2026-01-08 13:27:00.617 [info] > git for-each-ref --format=%(refname)%00%(upstream:short)%00%(objectname)%00%(upstream:track)%00%(upstream:remotename)%00%(upstream:remoteref) refs/heads/dev refs/remotes/dev [2ms]
2026-01-08 13:27:00.629 [info] > git status -z -uall [7ms]
2026-01-08 13:27:00.630 [info] > git for-each-ref --sort -committerdate --format %(refname)%00%(objectname)%00%(*objectname) [3ms]
2026-01-08 13:27:00.708 [info] > git ls-tree -l HEAD -- app/(pages)/layout.tsx [1ms]
2026-01-08 13:27:00.716 [info] > git show --textconv HEAD:app/(pages)/layout.tsx [2ms]
2026-01-08 13:27:05.645 [info] > git config --get commit.template [6ms]
2026-01-08 13:27:05.646 [info] > git for-each-ref --format=%(refname)%00%(upstream:short)%00%(objectname)%00%(upstream:track)%00%(upstream:remotename)%00%(upstream:remoteref) refs/heads/dev refs/remotes/dev [1ms]
2026-01-08 13:27:05.658 [info] > git status -z -uall [5ms]
2026-01-08 13:27:05.659 [info] > git for-each-ref --sort -committerdate --format %(refname)%00%(objectname)%00%(*objectname) [2ms]
2026-01-08 13:27:10.670 [info] > git config --get commit.template [2ms]
2026-01-08 13:27:10.677 [info] > git for-each-ref --format=%(refname)%00%(upstream:short)%00%(objectname)%00%(upstream:track)%00%(upstream:remotename)%00%(upstream:remoteref) refs/heads/dev refs/remotes/dev [2ms]
2026-01-08 13:27:10.687 [info] > git status -z -uall [5ms]
2026-01-08 13:27:10.688 [info] > git for-each-ref --sort -committerdate --format %(refname)%00%(objectname)%00%(*objectname) [1ms]
2026-01-08 13:27:15.707 [info] > git config --get commit.template [5ms]
2026-01-08 13:27:15.708 [info] > git for-each-ref --format=%(refname)%00%(upstream:short)%00%(objectname)%00%(upstream:track)%00%(upstream:remotename)%00%(upstream:remoteref) refs/heads/dev refs/remotes/dev [1ms]
2026-01-08 13:27:15.718 [info] > git status -z -uall [5ms]
2026-01-08 13:27:15.720 [info] > git for-each-ref --sort -committerdate --format %(refname)%00%(objectname)%00%(*objectname) [2ms]
2026-01-08 13:34:36.828 [info] > git config --get commit.template [10ms]
2026-01-08 13:34:36.829 [info] > git ls-tree -l HEAD -- app/(pages)/layout.tsx [4ms]
2026-01-08 13:34:36.842 [info] > git for-each-ref --format=%(refname)%00%(upstream:short)%00%(objectname)%00%(upstream:track)%00%(upstream:remotename)%00%(upstream:remoteref) refs/heads/dev refs/remotes/dev [3ms]
2026-01-08 13:34:36.857 [info] > git status -z -uall [9ms]
2026-01-08 13:34:36.859 [info] > git for-each-ref --sort -committerdate --format %(refname)%00%(objectname)%00%(*objectname) [3ms]
2026-01-08 13:34:54.935 [info] > git config --get commit.template [9ms]
2026-01-08 13:34:54.935 [info] > git ls-tree -l HEAD -- app/(pages)/layout.tsx [2ms]
2026-01-08 13:34:54.943 [info] > git for-each-ref --format=%(refname)%00%(upstream:short)%00%(objectname)%00%(upstream:track)%00%(upstream:remotename)%00%(upstream:remoteref) refs/heads/dev refs/remotes/dev [2ms]
2026-01-08 13:34:54.958 [info] > git status -z -uall [7ms]
2026-01-08 13:34:54.959 [info] > git for-each-ref --sort -committerdate --format %(refname)%00%(objectname)%00%(*objectname) [2ms]
2026-01-08 13:50:36.695 [info] > git ls-tree -l HEAD -- app/(pages)/layout.tsx [11ms]
2026-01-08 13:50:37.941 [info] > git ls-tree -l HEAD -- app/(pages)/layout.tsx [3ms]
2026-01-08 13:50:38.435 [info] > git ls-tree -l HEAD -- app/(pages)/layout.tsx [4ms]
2026-01-08 13:52:05.257 [info] > git ls-tree -l HEAD -- app/(pages)/layout.tsx [1ms]
2026-01-08 13:52:08.197 [info] > git config --get commit.template [5ms]
2026-01-08 13:52:08.198 [info] > git for-each-ref --format=%(refname)%00%(upstream:short)%00%(objectname)%00%(upstream:track)%00%(upstream:remotename)%00%(upstream:remoteref) refs/heads/dev refs/remotes/dev [1ms]
2026-01-08 13:52:08.209 [info] > git status -z -uall [6ms]
2026-01-08 13:52:08.209 [info] > git for-each-ref --sort -committerdate --format %(refname)%00%(objectname)%00%(*objectname) [2ms]
2026-01-08 13:52:10.528 [info] > git ls-tree -l HEAD -- app/(pages)/layout.tsx [2ms]
2026-01-08 13:52:11.253 [info] > git ls-tree -l HEAD -- app/(pages)/layout.tsx [1ms]
2026-01-08 13:52:12.154 [info] > git ls-tree -l HEAD -- app/(pages)/layout.tsx [4ms]
2026-01-08 13:52:12.792 [info] > git ls-tree -l HEAD -- app/(pages)/layout.tsx [2ms]
2026-01-08 13:52:13.229 [info] > git config --get commit.template [7ms]
2026-01-08 13:52:13.230 [info] > git for-each-ref --format=%(refname)%00%(upstream:short)%00%(objectname)%00%(upstream:track)%00%(upstream:remotename)%00%(upstream:remoteref) refs/heads/dev refs/remotes/dev [2ms]
2026-01-08 13:52:13.242 [info] > git status -z -uall [6ms]
2026-01-08 13:52:13.243 [info] > git for-each-ref --sort -committerdate --format %(refname)%00%(objectname)%00%(*objectname) [2ms]
2026-01-08 13:53:39.169 [info] > git ls-tree -l HEAD -- app/(pages)/layout.tsx [2ms]
