2026-01-04 19:00:09.955 [info] [main] Log level: Info
2026-01-04 19:00:09.955 [info] [main] Validating found git in: "git"
2026-01-04 19:00:09.955 [info] [main] Using git "2.52.0" from "git"
2026-01-04 19:00:09.955 [info] [Model][doInitialScan] Initial repository scan started
2026-01-04 19:00:09.955 [info] > git rev-parse --show-toplevel [14ms]
2026-01-04 19:00:09.955 [info] > git rev-parse --git-dir --git-common-dir --show-superproject-working-tree [124ms]
2026-01-04 19:00:09.955 [info] [Model][openRepository] Opened repository (path): /home/ell/Documents/ai-content-gen
2026-01-04 19:00:09.955 [info] [Model][openRepository] Opened repository (real path): /home/ell/Documents/ai-content-gen
2026-01-04 19:00:09.955 [info] [Model][openRepository] Opened repository (kind): repository
2026-01-04 19:00:10.045 [info] > git config --get commit.template [79ms]
2026-01-04 19:00:10.136 [info] > git for-each-ref --format=%(refname)%00%(upstream:short)%00%(objectname)%00%(upstream:track)%00%(upstream:remotename)%00%(upstream:remoteref) refs/heads/dev-frontend refs/remotes/dev-frontend [22ms]
2026-01-04 19:00:10.147 [info] > git rev-parse --show-toplevel [15ms]
2026-01-04 19:00:10.198 [info] > git rev-parse --show-toplevel [31ms]
2026-01-04 19:00:10.283 [info] > git status -z -uall [95ms]
2026-01-04 19:00:10.283 [info] > git rev-parse --show-toplevel [74ms]
2026-01-04 19:00:10.285 [info] > git for-each-ref --sort -committerdate --format %(refname)%00%(objectname)%00%(*objectname) [88ms]
2026-01-04 19:00:10.377 [info] > git for-each-ref --format=%(refname)%00%(upstream:short)%00%(objectname)%00%(upstream:track)%00%(upstream:remotename)%00%(upstream:remoteref) refs/heads/dev-frontend refs/remotes/dev-frontend [29ms]
2026-01-04 19:00:10.426 [info] > git config --get --local branch.dev-frontend.vscode-merge-base [42ms]
2026-01-04 19:00:10.449 [info] > git rev-parse --show-toplevel [91ms]
2026-01-04 19:00:10.531 [info] > git check-ignore -v -z --stdin [65ms]
2026-01-04 19:00:10.538 [info] > git for-each-ref --format=%(refname)%00%(upstream:short)%00%(objectname)%00%(upstream:track)%00%(upstream:remotename)%00%(upstream:remoteref) refs/heads/origin/dev-frontend refs/remotes/origin/dev-frontend [89ms]
2026-01-04 19:00:10.559 [info] > git config --get commit.template [137ms]
2026-01-04 19:00:10.578 [info] > git merge-base refs/heads/dev-frontend refs/remotes/origin/dev-frontend [20ms]
2026-01-04 19:00:10.584 [info] > git rev-parse --show-toplevel [52ms]
2026-01-04 19:00:10.600 [info] > git diff --name-status -z --diff-filter=ADMR --find-renames=50% 20b0581f00c79f3e2a3680212781a76da4f4f06b...refs/remotes/origin/dev-frontend -- [17ms]
2026-01-04 19:00:10.601 [info] > git rev-parse --show-toplevel [3ms]
2026-01-04 19:00:10.601 [info] > git for-each-ref --format=%(refname)%00%(upstream:short)%00%(objectname)%00%(upstream:track)%00%(upstream:remotename)%00%(upstream:remoteref) refs/heads/dev-frontend refs/remotes/dev-frontend [10ms]
2026-01-04 19:00:10.607 [info] > git rev-parse --show-toplevel [1ms]
2026-01-04 19:00:10.639 [info] > git status -z -uall [19ms]
2026-01-04 19:00:10.640 [info] > git for-each-ref --sort -committerdate --format %(refname)%00%(objectname)%00%(*objectname) [4ms]
2026-01-04 19:00:10.656 [info] > git rev-parse --show-toplevel [46ms]
2026-01-04 19:00:10.657 [info] [Model][doInitialScan] Initial repository scan completed - repositories (1), closed repositories (0), parent repositories (0), unsafe repositories (0)
2026-01-04 19:00:10.684 [info] > git show --textconv HEAD:app/(pages)/layout.tsx [12ms]
2026-01-04 19:00:10.696 [info] > git ls-tree -l HEAD -- app/(pages)/layout.tsx [13ms]
2026-01-04 19:00:10.910 [info] > git ls-tree -l HEAD -- app/(pages)/layout.tsx [20ms]
2026-01-04 19:00:10.997 [info] > git log --format=%H%n%aN%n%aE%n%at%n%ct%n%P%n%D%n%B -z --shortstat --diff-merges=first-parent -n50 --skip=0 --topo-order --decorate=full --stdin [153ms]
2026-01-04 19:00:14.164 [info] > git check-ignore -v -z --stdin [470ms]
2026-01-04 19:00:14.258 [info] > git blame --root --incremental bad801dc4c8378635b7f73efd85e7685da793265 -- app/(pages)/layout.tsx [71ms]
2026-01-04 19:00:14.304 [info] > git merge-base dev-frontend origin/dev-frontend [15ms]
2026-01-04 19:00:25.892 [info] > git ls-tree -l HEAD -- app/(pages)/layout.tsx [2ms]
2026-01-04 19:00:47.965 [info] > git config --get commit.template [2ms]
2026-01-04 19:00:47.972 [info] > git for-each-ref --format=%(refname)%00%(upstream:short)%00%(objectname)%00%(upstream:track)%00%(upstream:remotename)%00%(upstream:remoteref) refs/heads/dev-frontend refs/remotes/dev-frontend [3ms]
2026-01-04 19:00:47.985 [info] > git status -z -uall [8ms]
2026-01-04 19:00:47.987 [info] > git for-each-ref --sort -committerdate --format %(refname)%00%(objectname)%00%(*objectname) [3ms]
2026-01-04 19:00:55.567 [info] > git config --get commit.template [7ms]
2026-01-04 19:00:55.568 [info] > git for-each-ref --format=%(refname)%00%(upstream:short)%00%(objectname)%00%(upstream:track)%00%(upstream:remotename)%00%(upstream:remoteref) refs/heads/dev-1 refs/remotes/dev-1 [3ms]
2026-01-04 19:00:55.580 [info] > git status -z -uall [7ms]
2026-01-04 19:00:55.581 [info] > git for-each-ref --sort -committerdate --format %(refname)%00%(objectname)%00%(*objectname) [2ms]
2026-01-04 19:00:55.593 [info] > git for-each-ref --format=%(refname)%00%(upstream:short)%00%(objectname)%00%(upstream:track)%00%(upstream:remotename)%00%(upstream:remoteref) refs/heads/dev-1 refs/remotes/dev-1 [1ms]
2026-01-04 19:00:55.601 [info] > git config --get --local branch.dev-1.vscode-merge-base [2ms]
2026-01-04 19:00:55.601 [warning] [Git][config] git config failed: Failed to execute git
2026-01-04 19:00:55.610 [info] > git reflog dev-1 --grep-reflog=branch: Created from *. [1ms]
2026-01-04 19:00:55.619 [info] > git for-each-ref --format=%(refname)%00%(upstream:short)%00%(objectname)%00%(upstream:track)%00%(upstream:remotename)%00%(upstream:remoteref) refs/heads/dev-frontend refs/remotes/dev-frontend [4ms]
2026-01-04 19:00:55.625 [info] > git for-each-ref --format=%(refname)%00%(upstream:short)%00%(objectname)%00%(upstream:track)%00%(upstream:remotename)%00%(upstream:remoteref) refs/remotes/origin/dev-frontend [1ms]
2026-01-04 19:00:55.632 [info] > git config --add --local branch.dev-1.vscode-merge-base origin/dev-frontend [2ms]
2026-01-04 19:00:55.642 [info] > git config --get commit.template [5ms]
2026-01-04 19:00:55.642 [info] > git for-each-ref --format=%(refname)%00%(upstream:short)%00%(objectname)%00%(upstream:track)%00%(upstream:remotename)%00%(upstream:remoteref) refs/heads/dev-1 refs/remotes/dev-1 [1ms]
2026-01-04 19:00:55.653 [info] > git status -z -uall [6ms]
2026-01-04 19:00:55.654 [info] > git for-each-ref --sort -committerdate --format %(refname)%00%(objectname)%00%(*objectname) [3ms]
2026-01-04 19:00:56.780 [info] > git config --get commit.template [5ms]
2026-01-04 19:00:56.781 [info] > git for-each-ref --format=%(refname)%00%(upstream:short)%00%(objectname)%00%(upstream:track)%00%(upstream:remotename)%00%(upstream:remoteref) refs/heads/dev-1 refs/remotes/dev-1 [1ms]
2026-01-04 19:00:56.790 [info] > git status -z -uall [5ms]
2026-01-04 19:00:56.791 [info] > git for-each-ref --sort -committerdate --format %(refname)%00%(objectname)%00%(*objectname) [2ms]
2026-01-04 19:00:56.878 [info] > git ls-tree -l HEAD -- app/(pages)/layout.tsx [1ms]
2026-01-04 19:00:56.885 [info] > git show --textconv HEAD:app/(pages)/layout.tsx [1ms]
2026-01-04 19:01:01.816 [info] > git config --get commit.template [5ms]
2026-01-04 19:01:01.817 [info] > git for-each-ref --format=%(refname)%00%(upstream:short)%00%(objectname)%00%(upstream:track)%00%(upstream:remotename)%00%(upstream:remoteref) refs/heads/dev-1 refs/remotes/dev-1 [2ms]
2026-01-04 19:01:01.825 [info] > git status -z -uall [5ms]
2026-01-04 19:01:01.826 [info] > git for-each-ref --sort -committerdate --format %(refname)%00%(objectname)%00%(*objectname) [2ms]
2026-01-04 19:01:04.636 [info] > git log --format=%H%n%aN%n%aE%n%at%n%ct%n%P%n%D%n%B -z --shortstat --diff-merges=first-parent -n50 --skip=0 --topo-order --decorate=full --stdin [19ms]
2026-01-04 19:01:41.501 [info] > git show --textconv HEAD:app/layout.tsx [6ms]
2026-01-04 19:01:41.502 [info] > git ls-tree -l HEAD -- app/layout.tsx [1ms]
2026-01-04 19:01:41.711 [info] > git blame --root --incremental bad801dc4c8378635b7f73efd85e7685da793265 -- app/layout.tsx [16ms]
2026-01-04 19:01:42.378 [info] > git check-ignore -v -z --stdin [1ms]
2026-01-04 19:01:54.188 [info] > git show --textconv :app/layout.tsx [7ms]
2026-01-04 19:01:54.189 [info] > git ls-files --stage -- app/layout.tsx [2ms]
2026-01-04 19:01:54.194 [info] > git cat-file -s ecfdefc2ed9302e43a562047ff2a6e7e41cc8637 [2ms]
2026-01-04 19:02:09.796 [info] > git config --get commit.template [8ms]
2026-01-04 19:02:09.796 [info] > git for-each-ref --format=%(refname)%00%(upstream:short)%00%(objectname)%00%(upstream:track)%00%(upstream:remotename)%00%(upstream:remoteref) refs/heads/dev-1 refs/remotes/dev-1 [1ms]
2026-01-04 19:02:09.806 [info] > git status -z -uall [5ms]
2026-01-04 19:02:09.807 [info] > git for-each-ref --sort -committerdate --format %(refname)%00%(objectname)%00%(*objectname) [1ms]
2026-01-04 19:03:58.114 [info] > git show --textconv :node_modules/.pnpm/zustand@5.0.7_@types+react@18.3.23_immer@11.1.3_react@19.0.0-rc-66855b96-20241106_use-s_3a28aa41940f94695c2392cc990bf5bb/node_modules/zustand/esm/react.d.mts [8ms]
2026-01-04 19:03:58.119 [info] > git ls-files --stage -- node_modules/.pnpm/zustand@5.0.7_@types+react@18.3.23_immer@11.1.3_react@19.0.0-rc-66855b96-20241106_use-s_3a28aa41940f94695c2392cc990bf5bb/node_modules/zustand/esm/react.d.mts [7ms]
2026-01-04 19:03:58.127 [info] > git hash-object -t tree /dev/null [8ms]
2026-01-04 19:03:58.127 [warning] [GitFileSystemProvider][readFile] File not found - git:/home/ell/Documents/ai-content-gen/node_modules/.pnpm/zustand%405.0.7_%40types%2Breact%4018.3.23_immer%4011.1.3_react%4019.0.0-rc-66855b96-20241106_use-s_3a28aa41940f94695c2392cc990bf5bb/node_modules/zustand/esm/react.d.mts.git?%7B%22path%22%3A%22%2Fhome%2Fell%2FDocuments%2Fai-content-gen%2Fnode_modules%2F.pnpm%2Fzustand%405.0.7_%40types%2Breact%4018.3.23_immer%4011.1.3_react%4019.0.0-rc-66855b96-20241106_use-s_3a28aa41940f94695c2392cc990bf5bb%2Fnode_modules%2Fzustand%2Fesm%2Freact.d.mts%22%2C%22ref%22%3A%22%22%7D
2026-01-04 19:03:58.132 [info] > git hash-object -t tree /dev/null [6ms]
2026-01-04 19:03:58.132 [warning] [GitFileSystemProvider][stat] File not found - git:/home/ell/Documents/ai-content-gen/node_modules/.pnpm/zustand%405.0.7_%40types%2Breact%4018.3.23_immer%4011.1.3_react%4019.0.0-rc-66855b96-20241106_use-s_3a28aa41940f94695c2392cc990bf5bb/node_modules/zustand/esm/react.d.mts.git?%7B%22path%22%3A%22%2Fhome%2Fell%2FDocuments%2Fai-content-gen%2Fnode_modules%2F.pnpm%2Fzustand%405.0.7_%40types%2Breact%4018.3.23_immer%4011.1.3_react%4019.0.0-rc-66855b96-20241106_use-s_3a28aa41940f94695c2392cc990bf5bb%2Fnode_modules%2Fzustand%2Fesm%2Freact.d.mts%22%2C%22ref%22%3A%22%22%7D
2026-01-04 19:04:01.066 [info] > git show --textconv :node_modules/.pnpm/zustand@5.0.7_@types+react@18.3.23_immer@11.1.3_react@19.0.0-rc-66855b96-20241106_use-s_3a28aa41940f94695c2392cc990bf5bb/node_modules/zustand/esm/react.d.mts [7ms]
2026-01-04 19:04:01.066 [info] > git ls-files --stage -- node_modules/.pnpm/zustand@5.0.7_@types+react@18.3.23_immer@11.1.3_react@19.0.0-rc-66855b96-20241106_use-s_3a28aa41940f94695c2392cc990bf5bb/node_modules/zustand/esm/react.d.mts [1ms]
2026-01-04 19:04:01.066 [warning] [GitFileSystemProvider][stat] File not found - git:/home/ell/Documents/ai-content-gen/node_modules/.pnpm/zustand%405.0.7_%40types%2Breact%4018.3.23_immer%4011.1.3_react%4019.0.0-rc-66855b96-20241106_use-s_3a28aa41940f94695c2392cc990bf5bb/node_modules/zustand/esm/react.d.mts.git?%7B%22path%22%3A%22%2Fhome%2Fell%2FDocuments%2Fai-content-gen%2Fnode_modules%2F.pnpm%2Fzustand%405.0.7_%40types%2Breact%4018.3.23_immer%4011.1.3_react%4019.0.0-rc-66855b96-20241106_use-s_3a28aa41940f94695c2392cc990bf5bb%2Fnode_modules%2Fzustand%2Fesm%2Freact.d.mts%22%2C%22ref%22%3A%22%22%7D
2026-01-04 19:04:01.067 [warning] [GitFileSystemProvider][readFile] File not found - git:/home/ell/Documents/ai-content-gen/node_modules/.pnpm/zustand%405.0.7_%40types%2Breact%4018.3.23_immer%4011.1.3_react%4019.0.0-rc-66855b96-20241106_use-s_3a28aa41940f94695c2392cc990bf5bb/node_modules/zustand/esm/react.d.mts.git?%7B%22path%22%3A%22%2Fhome%2Fell%2FDocuments%2Fai-content-gen%2Fnode_modules%2F.pnpm%2Fzustand%405.0.7_%40types%2Breact%4018.3.23_immer%4011.1.3_react%4019.0.0-rc-66855b96-20241106_use-s_3a28aa41940f94695c2392cc990bf5bb%2Fnode_modules%2Fzustand%2Fesm%2Freact.d.mts%22%2C%22ref%22%3A%22%22%7D
2026-01-04 19:04:02.529 [info] > git show --textconv :node_modules/.pnpm/zustand@5.0.7_@types+react@18.3.23_immer@11.1.3_react@19.0.0-rc-66855b96-20241106_use-s_3a28aa41940f94695c2392cc990bf5bb/node_modules/zustand/esm/react.d.mts [1ms]
2026-01-04 19:04:02.529 [warning] [GitFileSystemProvider][readFile] File not found - git:/home/ell/Documents/ai-content-gen/node_modules/.pnpm/zustand%405.0.7_%40types%2Breact%4018.3.23_immer%4011.1.3_react%4019.0.0-rc-66855b96-20241106_use-s_3a28aa41940f94695c2392cc990bf5bb/node_modules/zustand/esm/react.d.mts.git?%7B%22path%22%3A%22%2Fhome%2Fell%2FDocuments%2Fai-content-gen%2Fnode_modules%2F.pnpm%2Fzustand%405.0.7_%40types%2Breact%4018.3.23_immer%4011.1.3_react%4019.0.0-rc-66855b96-20241106_use-s_3a28aa41940f94695c2392cc990bf5bb%2Fnode_modules%2Fzustand%2Fesm%2Freact.d.mts%22%2C%22ref%22%3A%22%22%7D
2026-01-04 19:04:02.535 [info] > git ls-files --stage -- node_modules/.pnpm/zustand@5.0.7_@types+react@18.3.23_immer@11.1.3_react@19.0.0-rc-66855b96-20241106_use-s_3a28aa41940f94695c2392cc990bf5bb/node_modules/zustand/esm/react.d.mts [1ms]
2026-01-04 19:04:02.536 [warning] [GitFileSystemProvider][stat] File not found - git:/home/ell/Documents/ai-content-gen/node_modules/.pnpm/zustand%405.0.7_%40types%2Breact%4018.3.23_immer%4011.1.3_react%4019.0.0-rc-66855b96-20241106_use-s_3a28aa41940f94695c2392cc990bf5bb/node_modules/zustand/esm/react.d.mts.git?%7B%22path%22%3A%22%2Fhome%2Fell%2FDocuments%2Fai-content-gen%2Fnode_modules%2F.pnpm%2Fzustand%405.0.7_%40types%2Breact%4018.3.23_immer%4011.1.3_react%4019.0.0-rc-66855b96-20241106_use-s_3a28aa41940f94695c2392cc990bf5bb%2Fnode_modules%2Fzustand%2Fesm%2Freact.d.mts%22%2C%22ref%22%3A%22%22%7D
2026-01-04 19:04:02.545 [info] > git blame --root --incremental bad801dc4c8378635b7f73efd85e7685da793265 -- node_modules/.pnpm/zustand@5.0.7_@types+react@18.3.23_immer@11.1.3_react@19.0.0-rc-66855b96-20241106_use-s_3a28aa41940f94695c2392cc990bf5bb/node_modules/zustand/esm/react.d.mts [3ms]
2026-01-04 19:04:02.545 [info] fatal: no such path node_modules/.pnpm/zustand@5.0.7_@types+react@18.3.23_immer@11.1.3_react@19.0.0-rc-66855b96-20241106_use-s_3a28aa41940f94695c2392cc990bf5bb/node_modules/zustand/esm/react.d.mts in bad801dc4c8378635b7f73efd85e7685da793265
2026-01-04 19:04:02.723 [info] > git check-ignore -v -z --stdin [1ms]
2026-01-04 19:04:03.928 [info] > git show --textconv :node_modules/.pnpm/zustand@5.0.7_@types+react@18.3.23_immer@11.1.3_react@19.0.0-rc-66855b96-20241106_use-s_3a28aa41940f94695c2392cc990bf5bb/node_modules/zustand/esm/react.d.mts [5ms]
2026-01-04 19:04:03.929 [warning] [GitFileSystemProvider][readFile] File not found - git:/home/ell/Documents/ai-content-gen/node_modules/.pnpm/zustand%405.0.7_%40types%2Breact%4018.3.23_immer%4011.1.3_react%4019.0.0-rc-66855b96-20241106_use-s_3a28aa41940f94695c2392cc990bf5bb/node_modules/zustand/esm/react.d.mts.git?%7B%22path%22%3A%22%2Fhome%2Fell%2FDocuments%2Fai-content-gen%2Fnode_modules%2F.pnpm%2Fzustand%405.0.7_%40types%2Breact%4018.3.23_immer%4011.1.3_react%4019.0.0-rc-66855b96-20241106_use-s_3a28aa41940f94695c2392cc990bf5bb%2Fnode_modules%2Fzustand%2Fesm%2Freact.d.mts%22%2C%22ref%22%3A%22%22%7D
2026-01-04 19:04:03.930 [info] > git ls-files --stage -- node_modules/.pnpm/zustand@5.0.7_@types+react@18.3.23_immer@11.1.3_react@19.0.0-rc-66855b96-20241106_use-s_3a28aa41940f94695c2392cc990bf5bb/node_modules/zustand/esm/react.d.mts [3ms]
2026-01-04 19:04:03.930 [warning] [GitFileSystemProvider][stat] File not found - git:/home/ell/Documents/ai-content-gen/node_modules/.pnpm/zustand%405.0.7_%40types%2Breact%4018.3.23_immer%4011.1.3_react%4019.0.0-rc-66855b96-20241106_use-s_3a28aa41940f94695c2392cc990bf5bb/node_modules/zustand/esm/react.d.mts.git?%7B%22path%22%3A%22%2Fhome%2Fell%2FDocuments%2Fai-content-gen%2Fnode_modules%2F.pnpm%2Fzustand%405.0.7_%40types%2Breact%4018.3.23_immer%4011.1.3_react%4019.0.0-rc-66855b96-20241106_use-s_3a28aa41940f94695c2392cc990bf5bb%2Fnode_modules%2Fzustand%2Fesm%2Freact.d.mts%22%2C%22ref%22%3A%22%22%7D
2026-01-04 19:04:06.341 [info] > git check-ignore -v -z --stdin [1ms]
2026-01-04 19:05:45.831 [info] > git show --textconv :node_modules/.pnpm/zustand@5.0.7_@types+react@18.3.23_immer@11.1.3_react@19.0.0-rc-66855b96-20241106_use-s_3a28aa41940f94695c2392cc990bf5bb/node_modules/zustand/esm/react.d.mts [6ms]
2026-01-04 19:05:45.831 [warning] [GitFileSystemProvider][readFile] File not found - git:/home/ell/Documents/ai-content-gen/node_modules/.pnpm/zustand%405.0.7_%40types%2Breact%4018.3.23_immer%4011.1.3_react%4019.0.0-rc-66855b96-20241106_use-s_3a28aa41940f94695c2392cc990bf5bb/node_modules/zustand/esm/react.d.mts.git?%7B%22path%22%3A%22%2Fhome%2Fell%2FDocuments%2Fai-content-gen%2Fnode_modules%2F.pnpm%2Fzustand%405.0.7_%40types%2Breact%4018.3.23_immer%4011.1.3_react%4019.0.0-rc-66855b96-20241106_use-s_3a28aa41940f94695c2392cc990bf5bb%2Fnode_modules%2Fzustand%2Fesm%2Freact.d.mts%22%2C%22ref%22%3A%22%22%7D
2026-01-04 19:05:45.832 [info] > git ls-files --stage -- node_modules/.pnpm/zustand@5.0.7_@types+react@18.3.23_immer@11.1.3_react@19.0.0-rc-66855b96-20241106_use-s_3a28aa41940f94695c2392cc990bf5bb/node_modules/zustand/esm/react.d.mts [2ms]
2026-01-04 19:05:45.832 [warning] [GitFileSystemProvider][stat] File not found - git:/home/ell/Documents/ai-content-gen/node_modules/.pnpm/zustand%405.0.7_%40types%2Breact%4018.3.23_immer%4011.1.3_react%4019.0.0-rc-66855b96-20241106_use-s_3a28aa41940f94695c2392cc990bf5bb/node_modules/zustand/esm/react.d.mts.git?%7B%22path%22%3A%22%2Fhome%2Fell%2FDocuments%2Fai-content-gen%2Fnode_modules%2F.pnpm%2Fzustand%405.0.7_%40types%2Breact%4018.3.23_immer%4011.1.3_react%4019.0.0-rc-66855b96-20241106_use-s_3a28aa41940f94695c2392cc990bf5bb%2Fnode_modules%2Fzustand%2Fesm%2Freact.d.mts%22%2C%22ref%22%3A%22%22%7D
2026-01-04 19:06:09.504 [info] > git config --get commit.template [5ms]
2026-01-04 19:06:09.504 [info] > git for-each-ref --format=%(refname)%00%(upstream:short)%00%(objectname)%00%(upstream:track)%00%(upstream:remotename)%00%(upstream:remoteref) refs/heads/dev-1 refs/remotes/dev-1 [1ms]
2026-01-04 19:06:09.514 [info] > git status -z -uall [5ms]
2026-01-04 19:06:09.515 [info] > git for-each-ref --sort -committerdate --format %(refname)%00%(objectname)%00%(*objectname) [2ms]
2026-01-04 19:06:14.534 [info] > git config --get commit.template [5ms]
2026-01-04 19:06:14.535 [info] > git for-each-ref --format=%(refname)%00%(upstream:short)%00%(objectname)%00%(upstream:track)%00%(upstream:remotename)%00%(upstream:remoteref) refs/heads/dev-1 refs/remotes/dev-1 [1ms]
2026-01-04 19:06:14.545 [info] > git status -z -uall [5ms]
2026-01-04 19:06:14.546 [info] > git for-each-ref --sort -committerdate --format %(refname)%00%(objectname)%00%(*objectname) [2ms]
2026-01-04 19:06:21.952 [info] > git for-each-ref --format=%(refname)%00%(upstream:short)%00%(objectname)%00%(upstream:track)%00%(upstream:remotename)%00%(upstream:remoteref) refs/heads/dev-1 refs/remotes/dev-1 [1ms]
2026-01-04 19:06:21.952 [info] > git config --get commit.template [7ms]
2026-01-04 19:06:21.964 [info] > git status -z -uall [8ms]
2026-01-04 19:06:21.964 [info] > git for-each-ref --sort -committerdate --format %(refname)%00%(objectname)%00%(*objectname) [1ms]
2026-01-04 19:07:22.135 [info] > git config --get commit.template [1ms]
2026-01-04 19:07:22.142 [info] > git for-each-ref --format=%(refname)%00%(upstream:short)%00%(objectname)%00%(upstream:track)%00%(upstream:remotename)%00%(upstream:remoteref) refs/heads/dev-1 refs/remotes/dev-1 [2ms]
2026-01-04 19:07:22.156 [info] > git status -z -uall [8ms]
2026-01-04 19:07:22.157 [info] > git for-each-ref --sort -committerdate --format %(refname)%00%(objectname)%00%(*objectname) [2ms]
2026-01-04 19:07:27.175 [info] > git config --get commit.template [5ms]
2026-01-04 19:07:27.176 [info] > git for-each-ref --format=%(refname)%00%(upstream:short)%00%(objectname)%00%(upstream:track)%00%(upstream:remotename)%00%(upstream:remoteref) refs/heads/dev-1 refs/remotes/dev-1 [2ms]
2026-01-04 19:07:27.188 [info] > git status -z -uall [7ms]
2026-01-04 19:07:27.189 [info] > git for-each-ref --sort -committerdate --format %(refname)%00%(objectname)%00%(*objectname) [3ms]
2026-01-04 19:07:47.512 [info] > git config --get commit.template [11ms]
2026-01-04 19:07:47.514 [info] > git for-each-ref --format=%(refname)%00%(upstream:short)%00%(objectname)%00%(upstream:track)%00%(upstream:remotename)%00%(upstream:remoteref) refs/heads/dev-1 refs/remotes/dev-1 [3ms]
2026-01-04 19:07:47.525 [info] > git status -z -uall [6ms]
2026-01-04 19:07:47.526 [info] > git for-each-ref --sort -committerdate --format %(refname)%00%(objectname)%00%(*objectname) [1ms]
2026-01-04 19:07:54.256 [info] > git config --get commit.template [6ms]
2026-01-04 19:07:54.257 [info] > git for-each-ref --format=%(refname)%00%(upstream:short)%00%(objectname)%00%(upstream:track)%00%(upstream:remotename)%00%(upstream:remoteref) refs/heads/dev-1 refs/remotes/dev-1 [2ms]
2026-01-04 19:07:54.265 [info] > git status -z -uall [5ms]
2026-01-04 19:07:54.267 [info] > git for-each-ref --sort -committerdate --format %(refname)%00%(objectname)%00%(*objectname) [2ms]
2026-01-04 19:08:24.409 [info] > git config --get commit.template [5ms]
2026-01-04 19:08:24.410 [info] > git for-each-ref --format=%(refname)%00%(upstream:short)%00%(objectname)%00%(upstream:track)%00%(upstream:remotename)%00%(upstream:remoteref) refs/heads/dev-1 refs/remotes/dev-1 [2ms]
2026-01-04 19:08:24.419 [info] > git status -z -uall [5ms]
2026-01-04 19:08:24.421 [info] > git for-each-ref --sort -committerdate --format %(refname)%00%(objectname)%00%(*objectname) [2ms]
2026-01-04 19:08:29.429 [info] > git config --get commit.template [1ms]
2026-01-04 19:08:29.435 [info] > git for-each-ref --format=%(refname)%00%(upstream:short)%00%(objectname)%00%(upstream:track)%00%(upstream:remotename)%00%(upstream:remoteref) refs/heads/dev-1 refs/remotes/dev-1 [1ms]
2026-01-04 19:08:29.444 [info] > git status -z -uall [5ms]
2026-01-04 19:08:29.445 [info] > git for-each-ref --sort -committerdate --format %(refname)%00%(objectname)%00%(*objectname) [1ms]
2026-01-04 19:09:36.314 [info] > git config --get commit.template [6ms]
2026-01-04 19:09:36.317 [info] > git for-each-ref --format=%(refname)%00%(upstream:short)%00%(objectname)%00%(upstream:track)%00%(upstream:remotename)%00%(upstream:remoteref) refs/heads/dev-1 refs/remotes/dev-1 [4ms]
2026-01-04 19:09:36.329 [info] > git status -z -uall [4ms]
2026-01-04 19:09:36.330 [info] > git for-each-ref --sort -committerdate --format %(refname)%00%(objectname)%00%(*objectname) [2ms]
2026-01-04 19:11:59.926 [info] > git show --textconv :lib/content.ts [5ms]
2026-01-04 19:11:59.928 [info] > git ls-files --stage -- lib/content.ts [2ms]
2026-01-04 19:11:59.933 [info] > git cat-file -s 80963a126a987e8f55a30257fef282a38b806d36 [2ms]
2026-01-04 19:12:01.036 [info] > git blame --root --incremental bad801dc4c8378635b7f73efd85e7685da793265 -- lib/content.ts [5ms]
2026-01-04 19:13:11.062 [info] > git config --get commit.template [5ms]
2026-01-04 19:13:11.063 [info] > git for-each-ref --format=%(refname)%00%(upstream:short)%00%(objectname)%00%(upstream:track)%00%(upstream:remotename)%00%(upstream:remoteref) refs/heads/dev-1 refs/remotes/dev-1 [1ms]
2026-01-04 19:13:11.075 [info] > git status -z -uall [8ms]
2026-01-04 19:13:11.076 [info] > git for-each-ref --sort -committerdate --format %(refname)%00%(objectname)%00%(*objectname) [2ms]
2026-01-04 19:13:45.272 [info] > git config --get commit.template [3ms]
2026-01-04 19:13:45.280 [info] > git for-each-ref --format=%(refname)%00%(upstream:short)%00%(objectname)%00%(upstream:track)%00%(upstream:remotename)%00%(upstream:remoteref) refs/heads/dev-1 refs/remotes/dev-1 [2ms]
2026-01-04 19:13:45.294 [info] > git status -z -uall [8ms]
2026-01-04 19:13:45.296 [info] > git for-each-ref --sort -committerdate --format %(refname)%00%(objectname)%00%(*objectname) [3ms]
2026-01-04 19:13:50.313 [info] > git config --get commit.template [0ms]
2026-01-04 19:13:50.321 [info] > git for-each-ref --format=%(refname)%00%(upstream:short)%00%(objectname)%00%(upstream:track)%00%(upstream:remotename)%00%(upstream:remoteref) refs/heads/dev-1 refs/remotes/dev-1 [2ms]
2026-01-04 19:13:50.335 [info] > git status -z -uall [8ms]
2026-01-04 19:13:50.337 [info] > git for-each-ref --sort -committerdate --format %(refname)%00%(objectname)%00%(*objectname) [4ms]
2026-01-04 19:13:55.352 [info] > git config --get commit.template [1ms]
2026-01-04 19:13:55.365 [info] > git for-each-ref --format=%(refname)%00%(upstream:short)%00%(objectname)%00%(upstream:track)%00%(upstream:remotename)%00%(upstream:remoteref) refs/heads/dev-1 refs/remotes/dev-1 [3ms]
2026-01-04 19:13:55.377 [info] > git status -z -uall [8ms]
2026-01-04 19:13:55.378 [info] > git for-each-ref --sort -committerdate --format %(refname)%00%(objectname)%00%(*objectname) [2ms]
2026-01-04 19:14:00.393 [info] > git config --get commit.template [5ms]
2026-01-04 19:14:00.394 [info] > git for-each-ref --format=%(refname)%00%(upstream:short)%00%(objectname)%00%(upstream:track)%00%(upstream:remotename)%00%(upstream:remoteref) refs/heads/dev-1 refs/remotes/dev-1 [1ms]
2026-01-04 19:14:00.403 [info] > git status -z -uall [5ms]
2026-01-04 19:14:00.404 [info] > git for-each-ref --sort -committerdate --format %(refname)%00%(objectname)%00%(*objectname) [1ms]
2026-01-04 19:14:21.601 [info] > git show --textconv :app/layout.tsx [5ms]
2026-01-04 19:14:21.604 [info] > git ls-files --stage -- app/layout.tsx [2ms]
2026-01-04 19:14:21.610 [info] > git cat-file -s ecfdefc2ed9302e43a562047ff2a6e7e41cc8637 [2ms]
2026-01-04 19:14:41.577 [info] > git show --textconv :app/layout.tsx [6ms]
2026-01-04 19:14:41.578 [info] > git ls-files --stage -- app/layout.tsx [1ms]
2026-01-04 19:14:41.584 [info] > git cat-file -s ecfdefc2ed9302e43a562047ff2a6e7e41cc8637 [2ms]
2026-01-04 19:14:50.419 [info] > git log --format=%H%n%aN%n%aE%n%at%n%ct%n%P%n%D%n%B -z --shortstat --diff-merges=first-parent -n50 --skip=0 --topo-order --decorate=full --stdin [17ms]
2026-01-04 19:14:59.527 [info] > git config --get commit.template [5ms]
2026-01-04 19:14:59.528 [info] > git for-each-ref --format=%(refname)%00%(upstream:short)%00%(objectname)%00%(upstream:track)%00%(upstream:remotename)%00%(upstream:remoteref) refs/heads/dev-1 refs/remotes/dev-1 [1ms]
2026-01-04 19:14:59.540 [info] > git status -z -uall [5ms]
2026-01-04 19:14:59.542 [info] > git for-each-ref --sort -committerdate --format %(refname)%00%(objectname)%00%(*objectname) [1ms]
2026-01-04 19:16:50.576 [info] > git config --get commit.template [6ms]
2026-01-04 19:16:50.578 [info] > git for-each-ref --format=%(refname)%00%(upstream:short)%00%(objectname)%00%(upstream:track)%00%(upstream:remotename)%00%(upstream:remoteref) refs/heads/dev-1 refs/remotes/dev-1 [3ms]
2026-01-04 19:16:50.593 [info] > git status -z -uall [10ms]
2026-01-04 19:16:50.593 [info] > git for-each-ref --sort -committerdate --format %(refname)%00%(objectname)%00%(*objectname) [3ms]
2026-01-04 19:16:54.530 [info] > git show --textconv :app/(pages)/_components/NavBar.tsx [12ms]
2026-01-04 19:16:54.530 [info] > git ls-files --stage -- app/(pages)/_components/NavBar.tsx [1ms]
2026-01-04 19:16:54.539 [info] > git cat-file -s 13792005742fa6aad3eee887dbbf7064d988b16f [1ms]
2026-01-04 19:16:54.600 [info] > git blame --root --incremental bad801dc4c8378635b7f73efd85e7685da793265 -- app/(pages)/_components/NavBar.tsx [23ms]
2026-01-04 19:17:18.285 [info] > git config --get commit.template [0ms]
2026-01-04 19:17:18.292 [info] > git for-each-ref --format=%(refname)%00%(upstream:short)%00%(objectname)%00%(upstream:track)%00%(upstream:remotename)%00%(upstream:remoteref) refs/heads/dev-1 refs/remotes/dev-1 [2ms]
2026-01-04 19:17:18.304 [info] > git status -z -uall [7ms]
2026-01-04 19:17:18.305 [info] > git for-each-ref --sort -committerdate --format %(refname)%00%(objectname)%00%(*objectname) [2ms]
2026-01-04 19:17:19.453 [info] > git show --textconv :app/(pages)/dashboard/_components/PlanCard.tsx [15ms]
2026-01-04 19:17:19.456 [info] > git ls-files --stage -- app/(pages)/dashboard/_components/PlanCard.tsx [4ms]
2026-01-04 19:17:19.474 [info] > git cat-file -s a514e5449195f08685ce31835ed5930677894342 [6ms]
2026-01-04 19:17:19.647 [info] > git blame --root --incremental bad801dc4c8378635b7f73efd85e7685da793265 -- app/(pages)/dashboard/_components/PlanCard.tsx [7ms]
2026-01-04 19:17:36.262 [info] > git config --get commit.template [7ms]
2026-01-04 19:17:36.263 [info] > git for-each-ref --format=%(refname)%00%(upstream:short)%00%(objectname)%00%(upstream:track)%00%(upstream:remotename)%00%(upstream:remoteref) refs/heads/dev-1 refs/remotes/dev-1 [3ms]
2026-01-04 19:17:36.277 [info] > git status -z -uall [10ms]
2026-01-04 19:17:36.277 [info] > git for-each-ref --sort -committerdate --format %(refname)%00%(objectname)%00%(*objectname) [1ms]
2026-01-04 19:17:39.616 [info] > git show --textconv :app/(pages)/_components/NavBar.tsx [12ms]
2026-01-04 19:17:39.617 [info] > git ls-files --stage -- app/(pages)/_components/NavBar.tsx [5ms]
2026-01-04 19:17:39.623 [info] > git cat-file -s 13792005742fa6aad3eee887dbbf7064d988b16f [2ms]
2026-01-04 19:17:45.462 [info] > git config --get commit.template [7ms]
2026-01-04 19:17:45.462 [info] > git for-each-ref --format=%(refname)%00%(upstream:short)%00%(objectname)%00%(upstream:track)%00%(upstream:remotename)%00%(upstream:remoteref) refs/heads/dev-1 refs/remotes/dev-1 [1ms]
2026-01-04 19:17:45.477 [info] > git status -z -uall [7ms]
2026-01-04 19:17:45.480 [info] > git for-each-ref --sort -committerdate --format %(refname)%00%(objectname)%00%(*objectname) [4ms]
2026-01-04 19:18:06.917 [info] > git config --get commit.template [8ms]
2026-01-04 19:18:06.918 [info] > git for-each-ref --format=%(refname)%00%(upstream:short)%00%(objectname)%00%(upstream:track)%00%(upstream:remotename)%00%(upstream:remoteref) refs/heads/dev-1 refs/remotes/dev-1 [2ms]
2026-01-04 19:18:06.938 [info] > git status -z -uall [11ms]
2026-01-04 19:18:06.938 [info] > git for-each-ref --sort -committerdate --format %(refname)%00%(objectname)%00%(*objectname) [3ms]
2026-01-04 19:18:09.879 [info] > git show --textconv :app/(pages)/dashboard/_components/PlanCard.tsx [6ms]
2026-01-04 19:18:09.880 [info] > git ls-files --stage -- app/(pages)/dashboard/_components/PlanCard.tsx [2ms]
2026-01-04 19:18:09.886 [info] > git cat-file -s a514e5449195f08685ce31835ed5930677894342 [1ms]
2026-01-04 19:18:19.216 [info] > git config --get commit.template [2ms]
2026-01-04 19:18:19.223 [info] > git for-each-ref --format=%(refname)%00%(upstream:short)%00%(objectname)%00%(upstream:track)%00%(upstream:remotename)%00%(upstream:remoteref) refs/heads/dev-1 refs/remotes/dev-1 [1ms]
2026-01-04 19:18:19.234 [info] > git status -z -uall [6ms]
2026-01-04 19:18:19.235 [info] > git for-each-ref --sort -committerdate --format %(refname)%00%(objectname)%00%(*objectname) [2ms]
2026-01-04 19:19:11.076 [info] > git config --get commit.template [5ms]
2026-01-04 19:19:11.077 [info] > git for-each-ref --format=%(refname)%00%(upstream:short)%00%(objectname)%00%(upstream:track)%00%(upstream:remotename)%00%(upstream:remoteref) refs/heads/dev-1 refs/remotes/dev-1 [1ms]
2026-01-04 19:19:11.086 [info] > git status -z -uall [5ms]
2026-01-04 19:19:11.087 [info] > git for-each-ref --sort -committerdate --format %(refname)%00%(objectname)%00%(*objectname) [2ms]
2026-01-04 19:19:16.097 [info] > git config --get commit.template [3ms]
2026-01-04 19:19:16.102 [info] > git for-each-ref --format=%(refname)%00%(upstream:short)%00%(objectname)%00%(upstream:track)%00%(upstream:remotename)%00%(upstream:remoteref) refs/heads/dev-1 refs/remotes/dev-1 [2ms]
2026-01-04 19:19:16.111 [info] > git status -z -uall [5ms]
2026-01-04 19:19:16.112 [info] > git for-each-ref --sort -committerdate --format %(refname)%00%(objectname)%00%(*objectname) [1ms]
2026-01-04 19:19:21.131 [info] > git for-each-ref --format=%(refname)%00%(upstream:short)%00%(objectname)%00%(upstream:track)%00%(upstream:remotename)%00%(upstream:remoteref) refs/heads/dev-1 refs/remotes/dev-1 [1ms]
2026-01-04 19:19:21.131 [info] > git config --get commit.template [11ms]
2026-01-04 19:19:21.140 [info] > git status -z -uall [5ms]
2026-01-04 19:19:21.142 [info] > git for-each-ref --sort -committerdate --format %(refname)%00%(objectname)%00%(*objectname) [2ms]
2026-01-04 19:19:26.153 [info] > git config --get commit.template [4ms]
2026-01-04 19:19:26.154 [info] > git for-each-ref --format=%(refname)%00%(upstream:short)%00%(objectname)%00%(upstream:track)%00%(upstream:remotename)%00%(upstream:remoteref) refs/heads/dev-1 refs/remotes/dev-1 [1ms]
2026-01-04 19:19:26.163 [info] > git status -z -uall [4ms]
2026-01-04 19:19:26.165 [info] > git for-each-ref --sort -committerdate --format %(refname)%00%(objectname)%00%(*objectname) [2ms]
2026-01-04 19:20:05.140 [info] > git config --get commit.template [4ms]
2026-01-04 19:20:05.141 [info] > git for-each-ref --format=%(refname)%00%(upstream:short)%00%(objectname)%00%(upstream:track)%00%(upstream:remotename)%00%(upstream:remoteref) refs/heads/dev-1 refs/remotes/dev-1 [1ms]
2026-01-04 19:20:05.150 [info] > git status -z -uall [6ms]
2026-01-04 19:20:05.151 [info] > git for-each-ref --sort -committerdate --format %(refname)%00%(objectname)%00%(*objectname) [2ms]
2026-01-04 19:20:10.169 [info] > git config --get commit.template [4ms]
2026-01-04 19:20:10.170 [info] > git for-each-ref --format=%(refname)%00%(upstream:short)%00%(objectname)%00%(upstream:track)%00%(upstream:remotename)%00%(upstream:remoteref) refs/heads/dev-1 refs/remotes/dev-1 [1ms]
2026-01-04 19:20:10.179 [info] > git status -z -uall [5ms]
2026-01-04 19:20:10.181 [info] > git for-each-ref --sort -committerdate --format %(refname)%00%(objectname)%00%(*objectname) [2ms]
2026-01-04 19:20:15.192 [info] > git config --get commit.template [5ms]
2026-01-04 19:20:15.192 [info] > git for-each-ref --format=%(refname)%00%(upstream:short)%00%(objectname)%00%(upstream:track)%00%(upstream:remotename)%00%(upstream:remoteref) refs/heads/dev-1 refs/remotes/dev-1 [1ms]
2026-01-04 19:20:15.202 [info] > git status -z -uall [6ms]
2026-01-04 19:20:15.203 [info] > git for-each-ref --sort -committerdate --format %(refname)%00%(objectname)%00%(*objectname) [2ms]
2026-01-04 19:20:20.216 [info] > git config --get commit.template [6ms]
2026-01-04 19:20:20.216 [info] > git for-each-ref --format=%(refname)%00%(upstream:short)%00%(objectname)%00%(upstream:track)%00%(upstream:remotename)%00%(upstream:remoteref) refs/heads/dev-1 refs/remotes/dev-1 [2ms]
2026-01-04 19:20:20.225 [info] > git status -z -uall [4ms]
2026-01-04 19:20:20.226 [info] > git for-each-ref --sort -committerdate --format %(refname)%00%(objectname)%00%(*objectname) [2ms]
2026-01-04 19:20:25.248 [info] > git config --get commit.template [5ms]
2026-01-04 19:20:25.249 [info] > git for-each-ref --format=%(refname)%00%(upstream:short)%00%(objectname)%00%(upstream:track)%00%(upstream:remotename)%00%(upstream:remoteref) refs/heads/dev-1 refs/remotes/dev-1 [2ms]
2026-01-04 19:20:25.257 [info] > git status -z -uall [5ms]
2026-01-04 19:20:25.259 [info] > git for-each-ref --sort -committerdate --format %(refname)%00%(objectname)%00%(*objectname) [2ms]
2026-01-04 19:20:30.275 [info] > git config --get commit.template [5ms]
2026-01-04 19:20:30.276 [info] > git for-each-ref --format=%(refname)%00%(upstream:short)%00%(objectname)%00%(upstream:track)%00%(upstream:remotename)%00%(upstream:remoteref) refs/heads/dev-1 refs/remotes/dev-1 [2ms]
2026-01-04 19:20:30.285 [info] > git status -z -uall [5ms]
2026-01-04 19:20:30.286 [info] > git for-each-ref --sort -committerdate --format %(refname)%00%(objectname)%00%(*objectname) [2ms]
2026-01-04 19:20:35.301 [info] > git config --get commit.template [6ms]
2026-01-04 19:20:35.302 [info] > git for-each-ref --format=%(refname)%00%(upstream:short)%00%(objectname)%00%(upstream:track)%00%(upstream:remotename)%00%(upstream:remoteref) refs/heads/dev-1 refs/remotes/dev-1 [2ms]
2026-01-04 19:20:35.311 [info] > git status -z -uall [5ms]
2026-01-04 19:20:35.312 [info] > git for-each-ref --sort -committerdate --format %(refname)%00%(objectname)%00%(*objectname) [2ms]
2026-01-04 19:20:40.329 [info] > git config --get commit.template [2ms]
2026-01-04 19:20:40.335 [info] > git for-each-ref --format=%(refname)%00%(upstream:short)%00%(objectname)%00%(upstream:track)%00%(upstream:remotename)%00%(upstream:remoteref) refs/heads/dev-1 refs/remotes/dev-1 [1ms]
2026-01-04 19:20:40.345 [info] > git status -z -uall [5ms]
2026-01-04 19:20:40.347 [info] > git for-each-ref --sort -committerdate --format %(refname)%00%(objectname)%00%(*objectname) [3ms]
2026-01-04 19:20:46.596 [info] > git config --get commit.template [2ms]
2026-01-04 19:20:46.601 [info] > git for-each-ref --format=%(refname)%00%(upstream:short)%00%(objectname)%00%(upstream:track)%00%(upstream:remotename)%00%(upstream:remoteref) refs/heads/dev-1 refs/remotes/dev-1 [2ms]
2026-01-04 19:20:46.611 [info] > git status -z -uall [5ms]
2026-01-04 19:20:46.613 [info] > git for-each-ref --sort -committerdate --format %(refname)%00%(objectname)%00%(*objectname) [3ms]
2026-01-04 19:20:59.143 [info] > git config --get commit.template [5ms]
2026-01-04 19:20:59.144 [info] > git for-each-ref --format=%(refname)%00%(upstream:short)%00%(objectname)%00%(upstream:track)%00%(upstream:remotename)%00%(upstream:remoteref) refs/heads/dev-1 refs/remotes/dev-1 [1ms]
2026-01-04 19:20:59.152 [info] > git status -z -uall [5ms]
2026-01-04 19:20:59.154 [info] > git for-each-ref --sort -committerdate --format %(refname)%00%(objectname)%00%(*objectname) [3ms]
2026-01-04 19:26:19.963 [info] > git config --get commit.template [2ms]
2026-01-04 19:26:19.970 [info] > git for-each-ref --format=%(refname)%00%(upstream:short)%00%(objectname)%00%(upstream:track)%00%(upstream:remotename)%00%(upstream:remoteref) refs/heads/dev-1 refs/remotes/dev-1 [2ms]
2026-01-04 19:26:19.980 [info] > git status -z -uall [4ms]
2026-01-04 19:26:19.981 [info] > git for-each-ref --sort -committerdate --format %(refname)%00%(objectname)%00%(*objectname) [2ms]
2026-01-04 19:26:29.633 [info] > git show --textconv :app/(pages)/_components/NavBar.tsx [6ms]
2026-01-04 19:26:29.634 [info] > git ls-files --stage -- app/(pages)/_components/NavBar.tsx [2ms]
2026-01-04 19:26:29.639 [info] > git cat-file -s 13792005742fa6aad3eee887dbbf7064d988b16f [1ms]
2026-01-04 19:26:59.186 [info] > git config --get commit.template [6ms]
2026-01-04 19:26:59.187 [info] > git for-each-ref --format=%(refname)%00%(upstream:short)%00%(objectname)%00%(upstream:track)%00%(upstream:remotename)%00%(upstream:remoteref) refs/heads/dev-1 refs/remotes/dev-1 [2ms]
2026-01-04 19:26:59.198 [info] > git status -z -uall [6ms]
2026-01-04 19:26:59.199 [info] > git for-each-ref --sort -committerdate --format %(refname)%00%(objectname)%00%(*objectname) [2ms]
2026-01-04 19:27:04.220 [info] > git config --get commit.template [4ms]
2026-01-04 19:27:04.225 [info] > git for-each-ref --format=%(refname)%00%(upstream:short)%00%(objectname)%00%(upstream:track)%00%(upstream:remotename)%00%(upstream:remoteref) refs/heads/dev-1 refs/remotes/dev-1 [2ms]
2026-01-04 19:27:04.234 [info] > git status -z -uall [5ms]
2026-01-04 19:27:04.235 [info] > git for-each-ref --sort -committerdate --format %(refname)%00%(objectname)%00%(*objectname) [1ms]
2026-01-04 19:27:04.306 [info] > git check-ignore -v -z --stdin [1ms]
2026-01-04 19:27:32.375 [info] > git config --get commit.template [1ms]
2026-01-04 19:27:32.381 [info] > git for-each-ref --format=%(refname)%00%(upstream:short)%00%(objectname)%00%(upstream:track)%00%(upstream:remotename)%00%(upstream:remoteref) refs/heads/dev-1 refs/remotes/dev-1 [1ms]
2026-01-04 19:27:32.392 [info] > git status -z -uall [5ms]
2026-01-04 19:27:32.393 [info] > git for-each-ref --sort -committerdate --format %(refname)%00%(objectname)%00%(*objectname) [2ms]
2026-01-04 19:27:35.348 [info] > git show --textconv :app/(pages)/_components/NavBar.tsx [6ms]
2026-01-04 19:27:35.349 [info] > git ls-files --stage -- app/(pages)/_components/NavBar.tsx [2ms]
2026-01-04 19:27:35.355 [info] > git cat-file -s 13792005742fa6aad3eee887dbbf7064d988b16f [2ms]
2026-01-04 19:27:42.279 [info] > git config --get commit.template [7ms]
2026-01-04 19:27:42.281 [info] > git for-each-ref --format=%(refname)%00%(upstream:short)%00%(objectname)%00%(upstream:track)%00%(upstream:remotename)%00%(upstream:remoteref) refs/heads/dev-1 refs/remotes/dev-1 [2ms]
2026-01-04 19:27:42.291 [info] > git status -z -uall [5ms]
2026-01-04 19:27:42.292 [info] > git for-each-ref --sort -committerdate --format %(refname)%00%(objectname)%00%(*objectname) [2ms]
2026-01-04 19:28:12.874 [info] > git config --get commit.template [2ms]
2026-01-04 19:28:12.880 [info] > git for-each-ref --format=%(refname)%00%(upstream:short)%00%(objectname)%00%(upstream:track)%00%(upstream:remotename)%00%(upstream:remoteref) refs/heads/dev-1 refs/remotes/dev-1 [1ms]
2026-01-04 19:28:12.890 [info] > git status -z -uall [5ms]
2026-01-04 19:28:12.891 [info] > git for-each-ref --sort -committerdate --format %(refname)%00%(objectname)%00%(*objectname) [1ms]
2026-01-04 19:28:17.905 [info] > git config --get commit.template [6ms]
2026-01-04 19:28:17.905 [info] > git for-each-ref --format=%(refname)%00%(upstream:short)%00%(objectname)%00%(upstream:track)%00%(upstream:remotename)%00%(upstream:remoteref) refs/heads/dev-1 refs/remotes/dev-1 [1ms]
2026-01-04 19:28:17.914 [info] > git status -z -uall [5ms]
2026-01-04 19:28:17.915 [info] > git for-each-ref --sort -committerdate --format %(refname)%00%(objectname)%00%(*objectname) [2ms]
2026-01-04 19:29:05.188 [info] > git config --get commit.template [2ms]
2026-01-04 19:29:05.200 [info] > git for-each-ref --format=%(refname)%00%(upstream:short)%00%(objectname)%00%(upstream:track)%00%(upstream:remotename)%00%(upstream:remoteref) refs/heads/dev-1 refs/remotes/dev-1 [2ms]
2026-01-04 19:29:05.212 [info] > git status -z -uall [5ms]
2026-01-04 19:29:05.217 [info] > git for-each-ref --sort -committerdate --format %(refname)%00%(objectname)%00%(*objectname) [5ms]
2026-01-04 19:29:09.700 [info] > git show --textconv :app/(pages)/dashboard/_components/PlanCard.tsx [5ms]
2026-01-04 19:29:09.701 [info] > git ls-files --stage -- app/(pages)/dashboard/_components/PlanCard.tsx [1ms]
2026-01-04 19:29:09.708 [info] > git cat-file -s a514e5449195f08685ce31835ed5930677894342 [2ms]
2026-01-04 19:29:22.386 [info] > git config --get commit.template [1ms]
2026-01-04 19:29:22.393 [info] > git for-each-ref --format=%(refname)%00%(upstream:short)%00%(objectname)%00%(upstream:track)%00%(upstream:remotename)%00%(upstream:remoteref) refs/heads/dev-1 refs/remotes/dev-1 [2ms]
2026-01-04 19:29:22.403 [info] > git status -z -uall [6ms]
2026-01-04 19:29:22.404 [info] > git for-each-ref --sort -committerdate --format %(refname)%00%(objectname)%00%(*objectname) [1ms]
2026-01-04 19:29:27.421 [info] > git config --get commit.template [5ms]
2026-01-04 19:29:27.422 [info] > git for-each-ref --format=%(refname)%00%(upstream:short)%00%(objectname)%00%(upstream:track)%00%(upstream:remotename)%00%(upstream:remoteref) refs/heads/dev-1 refs/remotes/dev-1 [1ms]
2026-01-04 19:29:27.430 [info] > git status -z -uall [4ms]
2026-01-04 19:29:27.431 [info] > git for-each-ref --sort -committerdate --format %(refname)%00%(objectname)%00%(*objectname) [1ms]
