2026-01-04 19:00:09.742 [info] Reading sessions from keychain...
2026-01-04 19:00:09.742 [info] Getting sessions for all scopes...
2026-01-04 19:00:09.742 [info] Got 0 sessions for ...
2026-01-04 19:00:09.742 [info] Getting sessions for all scopes...
2026-01-04 19:00:09.742 [info] Got 0 sessions for ...
2026-01-04 19:00:09.742 [info] Getting sessions for all scopes...
2026-01-04 19:00:09.742 [info] Got 0 sessions for ...
2026-01-04 19:00:09.742 [info] Getting sessions for all scopes...
2026-01-04 19:00:09.742 [info] Got 0 sessions for ...
2026-01-04 19:00:09.742 [info] Getting sessions for all scopes...
2026-01-04 19:00:09.742 [info] Got 0 sessions for ...
2026-01-04 19:00:09.742 [info] Getting sessions for all scopes...
2026-01-04 19:00:09.742 [info] Got 0 sessions for ...
2026-01-04 19:00:09.742 [info] Getting sessions for all scopes...
2026-01-04 19:00:09.742 [info] Got 0 sessions for ...
2026-01-04 19:00:09.742 [info] Getting sessions for all scopes...
2026-01-04 19:00:09.742 [info] Got 0 sessions for ...
2026-01-04 19:00:09.742 [info] Getting sessions for all scopes...
2026-01-04 19:00:09.742 [info] Got 0 sessions for ...
2026-01-04 19:00:09.742 [info] Getting sessions for all scopes...
2026-01-04 19:00:09.742 [info] Got 0 sessions for ...
2026-01-04 19:00:09.742 [info] Getting sessions for all scopes...
2026-01-04 19:00:09.742 [info] Got 0 sessions for ...
2026-01-04 19:00:09.742 [info] Getting sessions for all scopes...
2026-01-04 19:00:09.742 [info] Got 0 sessions for ...
2026-01-04 19:00:09.742 [info] Getting sessions for all scopes...
2026-01-04 19:00:09.742 [info] Got 0 sessions for ...
2026-01-04 19:00:09.742 [info] Getting sessions for all scopes...
2026-01-04 19:00:09.742 [info] Got 0 sessions for ...
2026-01-04 19:00:09.742 [info] Getting sessions for all scopes...
2026-01-04 19:00:09.742 [info] Got 0 sessions for ...
2026-01-04 19:00:11.014 [info] Getting sessions for read:user,repo,user:email,workflow...
2026-01-04 19:00:11.014 [info] Got 0 sessions for read:user,repo,user:email,workflow...
2026-01-04 19:00:13.837 [info] Getting sessions for all scopes...
2026-01-04 19:00:13.837 [info] Got 0 sessions for ...
2026-01-04 19:00:13.927 [info] Getting sessions for all scopes...
2026-01-04 19:00:13.927 [info] Got 0 sessions for ...
2026-01-04 19:00:14.065 [info] Getting sessions for all scopes...
2026-01-04 19:00:14.065 [info] Got 0 sessions for ...
2026-01-04 19:00:14.157 [info] Getting sessions for all scopes...
2026-01-04 19:00:14.157 [info] Got 0 sessions for ...
2026-01-04 19:00:14.165 [info] Getting sessions for read:user,repo,user:email,workflow...
2026-01-04 19:00:14.165 [info] Got 0 sessions for read:user,repo,user:email,workflow...
2026-01-04 19:00:14.552 [info] Getting sessions for all scopes...
2026-01-04 19:00:14.552 [info] Got 0 sessions for ...
2026-01-04 19:00:14.971 [info] Getting sessions for all scopes...
2026-01-04 19:00:14.971 [info] Got 0 sessions for ...
2026-01-04 19:00:36.527 [info] Getting sessions for all scopes...
2026-01-04 19:00:36.527 [info] Got 0 sessions for ...
2026-01-04 19:01:01.939 [info] Getting sessions for all scopes...
2026-01-04 19:01:01.939 [info] Got 0 sessions for ...
2026-01-04 19:01:04.783 [info] Getting sessions for all scopes...
2026-01-04 19:01:04.783 [info] Got 0 sessions for ...
2026-01-04 19:06:00.195 [info] Getting sessions for all scopes...
2026-01-04 19:06:00.195 [info] Got 0 sessions for ...
2026-01-04 19:06:05.332 [info] Getting sessions for all scopes...
2026-01-04 19:06:05.332 [info] Got 0 sessions for ...
2026-01-04 19:06:24.811 [info] Getting sessions for all scopes...
2026-01-04 19:06:24.811 [info] Got 0 sessions for ...
2026-01-04 19:08:44.149 [info] Getting sessions for all scopes...
2026-01-04 19:08:44.149 [info] Got 0 sessions for ...
2026-01-04 19:13:12.199 [info] Getting sessions for all scopes...
2026-01-04 19:13:12.199 [info] Got 0 sessions for ...
2026-01-04 19:13:24.512 [info] Getting sessions for all scopes...
2026-01-04 19:13:24.512 [info] Got 0 sessions for ...
2026-01-04 19:14:11.704 [info] Getting sessions for all scopes...
2026-01-04 19:14:11.704 [info] Got 0 sessions for ...
2026-01-04 19:14:30.307 [info] Getting sessions for all scopes...
2026-01-04 19:14:30.307 [info] Got 0 sessions for ...
2026-01-04 19:14:32.465 [info] Getting sessions for all scopes...
2026-01-04 19:14:32.465 [info] Got 0 sessions for ...
2026-01-04 19:14:33.029 [info] Getting sessions for all scopes...
2026-01-04 19:14:33.029 [info] Got 0 sessions for ...
2026-01-04 19:14:33.421 [info] Getting sessions for all scopes...
2026-01-04 19:14:33.421 [info] Got 0 sessions for ...
2026-01-04 19:14:34.058 [info] Getting sessions for all scopes...
2026-01-04 19:14:34.058 [info] Got 0 sessions for ...
2026-01-04 19:14:50.783 [info] Getting sessions for all scopes...
2026-01-04 19:14:50.787 [info] Got 0 sessions for ...
2026-01-04 19:15:02.479 [info] Getting sessions for all scopes...
2026-01-04 19:15:02.479 [info] Got 0 sessions for ...
2026-01-04 19:15:09.508 [info] Getting sessions for all scopes...
2026-01-04 19:15:09.508 [info] Got 0 sessions for ...
2026-01-04 19:18:58.155 [info] Getting sessions for all scopes...
2026-01-04 19:18:58.155 [info] Got 0 sessions for ...
