2026-01-03 23:23:34.649 [info] Extension host with pid 4001 started
2026-01-03 23:23:34.649 [info] Skipping acquiring lock for /home/ell/.config/Code - OSS/User/workspaceStorage/28706329798525d3416b29f0274b0c01.
2026-01-03 23:23:34.945 [info] ExtensionService#_doActivateExtension vscode.github-authentication, startup: false, activationEvent: 'onAuthenticationRequest:github'
2026-01-03 23:23:34.982 [info] ExtensionService#_doActivateExtension vscode.emmet, startup: false, activationEvent: 'onLanguage'
2026-01-03 23:23:35.006 [info] ExtensionService#_doActivateExtension vscode.typescript-language-features, startup: false, activationEvent: 'onLanguage:typescriptreact'
2026-01-03 23:23:35.087 [info] ExtensionService#_doActivateExtension christian-kohler.npm-intellisense, startup: false, activationEvent: 'onLanguage:typescriptreact'
2026-01-03 23:23:35.562 [info] ExtensionService#_doActivateExtension vscode.git-base, startup: true, activationEvent: '*', root cause: vscode.git
2026-01-03 23:23:35.579 [info] ExtensionService#_doActivateExtension formulahendry.auto-rename-tag, startup: true, activationEvent: '*'
2026-01-03 23:23:35.733 [info] ExtensionService#_doActivateExtension vscode.npm, startup: true, activationEvent: 'workspaceContains:package.json'
2026-01-03 23:23:35.955 [info] ExtensionService#_doActivateExtension vscode.git, startup: true, activationEvent: '*'
2026-01-03 23:23:36.282 [info] ExtensionService#_doActivateExtension vscode.github, startup: true, activationEvent: '*'
2026-01-03 23:23:36.345 [info] ExtensionService#_doActivateExtension vscode.terminal-suggest, startup: false, activationEvent: 'onTerminalShellIntegration:*'
2026-01-03 23:23:37.410 [info] Eager extensions activated
2026-01-03 23:23:37.419 [info] ExtensionService#_doActivateExtension vscode.debug-auto-launch, startup: false, activationEvent: 'onStartupFinished'
2026-01-03 23:23:37.422 [info] ExtensionService#_doActivateExtension vscode.merge-conflict, startup: false, activationEvent: 'onStartupFinished'
2026-01-03 23:23:37.459 [info] ExtensionService#_doActivateExtension bradlc.vscode-tailwindcss, startup: false, activationEvent: 'onStartupFinished'
2026-01-03 23:23:37.527 [info] ExtensionService#_doActivateExtension dsznajder.es7-react-js-snippets, startup: false, activationEvent: 'onStartupFinished'
2026-01-03 23:23:38.375 [info] ExtensionService#_doActivateExtension esbenp.prettier-vscode, startup: false, activationEvent: 'onStartupFinished'
2026-01-03 23:23:38.483 [info] ExtensionService#_doActivateExtension PKief.material-icon-theme, startup: false, activationEvent: 'onStartupFinished'
2026-01-03 23:23:38.542 [info] ExtensionService#_doActivateExtension usernamehw.errorlens, startup: false, activationEvent: 'onStartupFinished'
2026-01-03 23:23:42.914 [info] ExtensionService#_doActivateExtension vscode.configuration-editing, startup: false, activationEvent: 'onLanguage:json'
2026-01-03 23:23:42.976 [info] ExtensionService#_doActivateExtension vscode.extension-editing, startup: false, activationEvent: 'onLanguage:json'
2026-01-03 23:23:43.016 [info] ExtensionService#_doActivateExtension vscode.json-language-features, startup: false, activationEvent: 'onLanguage:json'
2026-01-03 23:25:52.871 [info] ExtensionService#_doActivateExtension vscode.simple-browser, startup: false, activationEvent: 'onOpenExternalUri:http'
2026-01-03 23:45:20.294 [info] Extension host terminating: renderer closed the MessagePort
2026-01-03 23:45:20.370 [error] Error: Channel has been closed
    at n (file:///usr/lib/code/out/vs/workbench/api/node/extensionHostProcess.js:123:2816)
    at Object.info (file:///usr/lib/code/out/vs/workbench/api/node/extensionHostProcess.js:123:3161)
    at T.info (/usr/lib/code/extensions/json-language-features/client/dist/node/jsonClientMain.js:2:45267)
    at ChildProcess.<anonymous> (/usr/lib/code/extensions/json-language-features/client/dist/node/jsonClientMain.js:2:600579)
    at ChildProcess.emit (node:events:519:28)
    at ChildProcess.emit (node:domain:489:12)
    at Process.ChildProcess._handle.onexit (node:internal/child_process:293:12)
2026-01-03 23:45:20.372 [info] Extension host with pid 4001 exiting with code 0
