2026-01-07 19:59:10.761 [info] Reading sessions from keychain...
2026-01-07 19:59:10.761 [info] Getting sessions for all scopes...
2026-01-07 19:59:10.761 [info] Got stored sessions!
2026-01-07 19:59:10.761 [info] Got 1 verified sessions.
2026-01-07 19:59:10.761 [info] Got 1 sessions for ...
2026-01-07 19:59:10.761 [info] Getting sessions for all scopes...
2026-01-07 19:59:10.761 [info] Got 1 sessions for ...
2026-01-07 19:59:10.761 [info] Getting sessions for all scopes...
2026-01-07 19:59:10.761 [info] Got 1 sessions for ...
2026-01-07 19:59:10.761 [info] Getting sessions for all scopes...
2026-01-07 19:59:10.761 [info] Got 1 sessions for ...
2026-01-07 19:59:10.761 [info] Getting sessions for all scopes...
2026-01-07 19:59:10.761 [info] Got 1 sessions for ...
2026-01-07 19:59:10.761 [info] Getting sessions for all scopes...
2026-01-07 19:59:10.761 [info] Got 1 sessions for ...
2026-01-07 19:59:10.761 [info] Getting sessions for all scopes...
2026-01-07 19:59:10.761 [info] Got 1 sessions for ...
2026-01-07 19:59:10.761 [info] Getting sessions for all scopes...
2026-01-07 19:59:10.761 [info] Got 1 sessions for ...
2026-01-07 19:59:10.761 [info] Getting sessions for all scopes...
2026-01-07 19:59:10.761 [info] Got 1 sessions for ...
2026-01-07 19:59:10.761 [info] Getting sessions for all scopes...
2026-01-07 19:59:10.761 [info] Got 1 sessions for ...
2026-01-07 19:59:10.761 [info] Getting sessions for all scopes...
2026-01-07 19:59:10.761 [info] Got 1 sessions for ...
2026-01-07 19:59:10.761 [info] Getting sessions for all scopes...
2026-01-07 19:59:10.761 [info] Got 1 sessions for ...
2026-01-07 19:59:10.761 [info] Getting sessions for all scopes...
2026-01-07 19:59:10.761 [info] Got 1 sessions for ...
2026-01-07 19:59:10.761 [info] Getting sessions for all scopes...
2026-01-07 19:59:10.761 [info] Got 1 sessions for ...
2026-01-07 19:59:10.761 [info] Getting sessions for all scopes...
2026-01-07 19:59:10.761 [info] Got 1 sessions for ...
2026-01-07 19:59:10.761 [info] Getting sessions for all scopes...
2026-01-07 19:59:10.761 [info] Got 1 sessions for ...
2026-01-07 19:59:10.761 [info] Getting sessions for all scopes...
2026-01-07 19:59:10.761 [info] Got 1 sessions for ...
2026-01-07 19:59:12.333 [info] Getting sessions for all scopes...
2026-01-07 19:59:12.333 [info] Got 1 sessions for ...
2026-01-07 19:59:12.337 [info] Getting sessions for all scopes...
2026-01-07 19:59:12.337 [info] Got 1 sessions for ...
2026-01-07 19:59:12.403 [info] Getting sessions for read:user,repo,user:email,workflow...
2026-01-07 19:59:12.403 [info] Got 1 sessions for read:user,repo,user:email,workflow...
2026-01-07 20:03:34.329 [info] Getting sessions for read:user,repo,user:email,workflow...
2026-01-07 20:03:34.330 [info] Got 1 sessions for read:user,repo,user:email,workflow...
2026-01-07 20:25:36.075 [info] Getting sessions for read:user,repo,user:email,workflow...
2026-01-07 20:25:36.075 [info] Got 1 sessions for read:user,repo,user:email,workflow...
