2026-01-07 18:54:59.553 [info] Reading sessions from keychain...
2026-01-07 18:54:59.553 [info] Getting sessions for all scopes...
2026-01-07 18:54:59.703 [info] Got stored sessions!
2026-01-07 18:54:59.703 [info] Got 1 verified sessions.
2026-01-07 18:54:59.704 [info] Got 1 sessions for ...
2026-01-07 18:54:59.704 [info] Getting sessions for all scopes...
2026-01-07 18:54:59.704 [info] Got 1 sessions for ...
2026-01-07 18:54:59.704 [info] Getting sessions for all scopes...
2026-01-07 18:54:59.704 [info] Got 1 sessions for ...
2026-01-07 18:54:59.704 [info] Getting sessions for all scopes...
2026-01-07 18:54:59.704 [info] Got 1 sessions for ...
2026-01-07 18:54:59.704 [info] Getting sessions for all scopes...
2026-01-07 18:54:59.704 [info] Got 1 sessions for ...
2026-01-07 18:54:59.704 [info] Getting sessions for all scopes...
2026-01-07 18:54:59.704 [info] Got 1 sessions for ...
2026-01-07 18:54:59.704 [info] Getting sessions for all scopes...
2026-01-07 18:54:59.704 [info] Got 1 sessions for ...
2026-01-07 18:54:59.704 [info] Getting sessions for all scopes...
2026-01-07 18:54:59.704 [info] Got 1 sessions for ...
2026-01-07 18:54:59.704 [info] Getting sessions for all scopes...
2026-01-07 18:54:59.704 [info] Got 1 sessions for ...
2026-01-07 18:54:59.729 [info] Getting sessions for all scopes...
2026-01-07 18:54:59.729 [info] Got 1 sessions for ...
2026-01-07 18:54:59.760 [info] Getting sessions for all scopes...
2026-01-07 18:54:59.760 [info] Got 1 sessions for ...
2026-01-07 18:54:59.761 [info] Getting sessions for all scopes...
2026-01-07 18:54:59.761 [info] Got 1 sessions for ...
2026-01-07 18:54:59.761 [info] Getting sessions for all scopes...
2026-01-07 18:54:59.761 [info] Got 1 sessions for ...
2026-01-07 18:54:59.761 [info] Getting sessions for all scopes...
2026-01-07 18:54:59.761 [info] Got 1 sessions for ...
2026-01-07 18:54:59.762 [info] Getting sessions for all scopes...
2026-01-07 18:54:59.762 [info] Got 1 sessions for ...
2026-01-07 18:54:59.762 [info] Getting sessions for all scopes...
2026-01-07 18:54:59.762 [info] Got 1 sessions for ...
2026-01-07 18:55:00.963 [info] Getting sessions for all scopes...
2026-01-07 18:55:00.963 [info] Got 1 sessions for ...
2026-01-07 18:55:00.965 [info] Getting sessions for all scopes...
2026-01-07 18:55:00.965 [info] Got 1 sessions for ...
2026-01-07 18:55:01.140 [info] Getting sessions for read:user,repo,user:email,workflow...
2026-01-07 18:55:01.140 [info] Got 1 sessions for read:user,repo,user:email,workflow...
2026-01-07 18:56:59.500 [info] Getting sessions for read:user,repo,user:email,workflow...
2026-01-07 18:56:59.500 [info] Got 1 sessions for read:user,repo,user:email,workflow...
