2026-01-07 18:55:00.928 [info] [main] Log level: Info
2026-01-07 18:55:00.929 [info] [main] Validating found git in: "git"
2026-01-07 18:55:00.929 [info] [main] Using git "2.52.0" from "git"
2026-01-07 18:55:00.929 [info] [Model][doInitialScan] Initial repository scan started
2026-01-07 18:55:00.929 [info] > git rev-parse --show-toplevel [5ms]
2026-01-07 18:55:00.929 [info] > git rev-parse --git-dir --git-common-dir --show-superproject-working-tree [4ms]
2026-01-07 18:55:00.929 [info] [Model][openRepository] Opened repository (path): /home/ell/Documents/ai-content-gen
2026-01-07 18:55:00.929 [info] [Model][openRepository] Opened repository (real path): /home/ell/Documents/ai-content-gen
2026-01-07 18:55:00.929 [info] [Model][openRepository] Opened repository (kind): repository
2026-01-07 18:55:00.929 [info] > git config --get commit.template [4ms]
2026-01-07 18:55:00.929 [info] > git rev-parse --show-toplevel [3ms]
2026-01-07 18:55:00.929 [info] > git for-each-ref --format=%(refname)%00%(upstream:short)%00%(objectname)%00%(upstream:track)%00%(upstream:remotename)%00%(upstream:remoteref) refs/heads/dev refs/remotes/dev [5ms]
2026-01-07 18:55:00.929 [info] > git rev-parse --show-toplevel [8ms]
2026-01-07 18:55:00.929 [info] > git status -z -uall [22ms]
2026-01-07 18:55:00.929 [info] > git for-each-ref --sort -committerdate --format %(refname)%00%(objectname)%00%(*objectname) [15ms]
2026-01-07 18:55:00.929 [info] > git rev-parse --show-toplevel [65ms]
2026-01-07 18:55:00.929 [info] > git for-each-ref --format=%(refname)%00%(upstream:short)%00%(objectname)%00%(upstream:track)%00%(upstream:remotename)%00%(upstream:remoteref) refs/heads/dev refs/remotes/dev [26ms]
2026-01-07 18:55:00.931 [info] > git config --get --local branch.dev.vscode-merge-base [827ms]
2026-01-07 18:55:00.935 [info] > git rev-parse --show-toplevel [837ms]
2026-01-07 18:55:00.936 [info] > git config --get commit.template [842ms]
2026-01-07 18:55:01.076 [info] > git check-ignore -v -z --stdin [133ms]
2026-01-07 18:55:01.077 [info] > git for-each-ref --format=%(refname)%00%(upstream:short)%00%(objectname)%00%(upstream:track)%00%(upstream:remotename)%00%(upstream:remoteref) refs/heads/origin/main refs/remotes/origin/main [142ms]
2026-01-07 18:55:01.094 [info] > git merge-base refs/heads/dev refs/remotes/origin/dev [11ms]
2026-01-07 18:55:01.099 [info] > git rev-parse --show-toplevel [26ms]
2026-01-07 18:55:01.105 [info] > git for-each-ref --format=%(refname)%00%(upstream:short)%00%(objectname)%00%(upstream:track)%00%(upstream:remotename)%00%(upstream:remoteref) refs/heads/dev refs/remotes/dev [12ms]
2026-01-07 18:55:01.106 [info] > git rev-parse --show-toplevel [3ms]
2026-01-07 18:55:01.106 [info] > git diff --name-status -z --diff-filter=ADMR --find-renames=50% 3a4d88d5c3d5d1bdad12b178da77661845aa90fc...refs/remotes/origin/dev -- [7ms]
2026-01-07 18:55:01.111 [info] > git rev-parse --show-toplevel [1ms]
2026-01-07 18:55:01.124 [info] > git status -z -uall [9ms]
2026-01-07 18:55:01.124 [info] > git for-each-ref --sort -committerdate --format %(refname)%00%(objectname)%00%(*objectname) [5ms]
2026-01-07 18:55:01.128 [info] > git rev-parse --show-toplevel [5ms]
2026-01-07 18:55:01.135 [info] > git rev-parse --show-toplevel [2ms]
2026-01-07 18:55:01.135 [info] [Model][doInitialScan] Initial repository scan completed - repositories (1), closed repositories (0), parent repositories (0), unsafe repositories (0)
2026-01-07 18:56:47.449 [info] > git log --format=%H%n%aN%n%aE%n%at%n%ct%n%P%n%D%n%B -z --shortstat --diff-merges=first-parent -n50 --skip=0 --topo-order --decorate=full --stdin [86ms]
2026-01-07 18:56:48.045 [info] > git check-ignore -v -z --stdin [1ms]
2026-01-07 18:56:49.513 [info] > git merge-base dev origin/dev [2ms]
2026-01-07 18:57:00.581 [info] > git push origin dev:dev [2326ms]
2026-01-07 18:57:00.581 [info] To https://github.com/Aiden-Keen/AI-Content-Gen.git
   3a4d88d..3de76e8  dev -> dev
2026-01-07 18:57:00.592 [info] > git config --get commit.template [6ms]
2026-01-07 18:57:00.593 [info] > git for-each-ref --format=%(refname)%00%(upstream:short)%00%(objectname)%00%(upstream:track)%00%(upstream:remotename)%00%(upstream:remoteref) refs/heads/dev refs/remotes/dev [2ms]
2026-01-07 18:57:00.606 [info] > git status -z -uall [7ms]
2026-01-07 18:57:00.607 [info] > git for-each-ref --sort -committerdate --format %(refname)%00%(objectname)%00%(*objectname) [2ms]
2026-01-07 18:57:00.622 [info] > git merge-base refs/heads/dev refs/remotes/origin/dev [2ms]
2026-01-07 18:57:00.636 [info] > git diff --name-status -z --diff-filter=ADMR --find-renames=50% 3de76e8c8070f5bfef607ac729c657919bbff977...refs/remotes/origin/dev -- [9ms]
2026-01-07 18:57:00.659 [info] > git log --format=%H%n%aN%n%aE%n%at%n%ct%n%P%n%D%n%B -z --shortstat --diff-merges=first-parent -n50 --skip=0 --topo-order --decorate=full --stdin [25ms]
2026-01-07 18:57:01.367 [info] > git merge-base dev origin/dev [2ms]
2026-01-07 18:57:01.666 [info] > git config --get commit.template [5ms]
2026-01-07 18:57:01.667 [info] > git for-each-ref --format=%(refname)%00%(upstream:short)%00%(objectname)%00%(upstream:track)%00%(upstream:remotename)%00%(upstream:remoteref) refs/heads/dev refs/remotes/dev [2ms]
2026-01-07 18:57:01.676 [info] > git status -z -uall [5ms]
2026-01-07 18:57:01.677 [info] > git for-each-ref --sort -committerdate --format %(refname)%00%(objectname)%00%(*objectname) [2ms]
