2026-01-04 17:45:06.680 [info] Reading sessions from keychain...
2026-01-04 17:45:06.680 [info] Getting sessions for all scopes...
2026-01-04 17:45:06.696 [info] Got 0 sessions for ...
2026-01-04 17:45:06.697 [info] Getting sessions for all scopes...
2026-01-04 17:45:06.697 [info] Got 0 sessions for ...
2026-01-04 17:45:06.697 [info] Getting sessions for all scopes...
2026-01-04 17:45:06.697 [info] Got 0 sessions for ...
2026-01-04 17:45:06.697 [info] Getting sessions for all scopes...
2026-01-04 17:45:06.697 [info] Got 0 sessions for ...
2026-01-04 17:45:06.697 [info] Getting sessions for all scopes...
2026-01-04 17:45:06.697 [info] Got 0 sessions for ...
2026-01-04 17:45:06.697 [info] Getting sessions for all scopes...
2026-01-04 17:45:06.697 [info] Got 0 sessions for ...
2026-01-04 17:45:06.697 [info] Getting sessions for all scopes...
2026-01-04 17:45:06.697 [info] Got 0 sessions for ...
2026-01-04 17:45:06.697 [info] Getting sessions for all scopes...
2026-01-04 17:45:06.697 [info] Got 0 sessions for ...
2026-01-04 17:45:06.897 [info] Getting sessions for all scopes...
2026-01-04 17:45:06.897 [info] Got 0 sessions for ...
2026-01-04 17:45:06.897 [info] Getting sessions for all scopes...
2026-01-04 17:45:06.898 [info] Got 0 sessions for ...
2026-01-04 17:45:06.898 [info] Getting sessions for all scopes...
2026-01-04 17:45:06.898 [info] Got 0 sessions for ...
2026-01-04 17:45:06.898 [info] Getting sessions for all scopes...
2026-01-04 17:45:06.898 [info] Got 0 sessions for ...
2026-01-04 17:45:06.898 [info] Getting sessions for all scopes...
2026-01-04 17:45:06.898 [info] Got 0 sessions for ...
2026-01-04 17:45:06.898 [info] Getting sessions for all scopes...
2026-01-04 17:45:06.898 [info] Got 0 sessions for ...
2026-01-04 17:45:07.718 [info] Getting sessions for all scopes...
2026-01-04 17:45:07.718 [info] Got 0 sessions for ...
2026-01-04 17:45:08.193 [info] Getting sessions for all scopes...
2026-01-04 17:45:08.200 [info] Got 0 sessions for ...
2026-01-04 17:45:08.333 [info] Getting sessions for all scopes...
2026-01-04 17:45:08.333 [info] Got 0 sessions for ...
2026-01-04 17:45:10.539 [info] Getting sessions for all scopes...
2026-01-04 17:45:10.539 [info] Got 0 sessions for ...
2026-01-04 17:45:10.541 [info] Getting sessions for all scopes...
2026-01-04 17:45:10.541 [info] Got 0 sessions for ...
2026-01-04 17:45:10.649 [info] Getting sessions for read:user,repo,user:email,workflow...
2026-01-04 17:45:10.649 [info] Got 0 sessions for read:user,repo,user:email,workflow...
2026-01-04 17:45:46.612 [info] Getting sessions for all scopes...
2026-01-04 17:45:46.612 [info] Got 0 sessions for ...
2026-01-04 17:50:05.299 [info] Getting sessions for read:user,repo,user:email,workflow...
2026-01-04 17:50:05.299 [info] Got 0 sessions for read:user,repo,user:email,workflow...
2026-01-04 17:50:44.736 [info] Getting sessions for all scopes...
2026-01-04 17:50:44.736 [info] Got 0 sessions for ...
