2026-01-05 15:40:12.378 [info] Reading sessions from keychain...
2026-01-05 15:40:12.378 [info] Getting sessions for all scopes...
2026-01-05 15:40:12.392 [info] Got 0 sessions for ...
2026-01-05 15:40:12.392 [info] Getting sessions for all scopes...
2026-01-05 15:40:12.392 [info] Got 0 sessions for ...
2026-01-05 15:40:12.394 [info] Getting sessions for all scopes...
2026-01-05 15:40:12.394 [info] Got 0 sessions for ...
2026-01-05 15:40:12.394 [info] Getting sessions for all scopes...
2026-01-05 15:40:12.394 [info] Got 0 sessions for ...
2026-01-05 15:40:12.394 [info] Getting sessions for all scopes...
2026-01-05 15:40:12.394 [info] Got 0 sessions for ...
2026-01-05 15:40:12.394 [info] Getting sessions for all scopes...
2026-01-05 15:40:12.394 [info] Got 0 sessions for ...
2026-01-05 15:40:12.394 [info] Getting sessions for all scopes...
2026-01-05 15:40:12.394 [info] Got 0 sessions for ...
2026-01-05 15:40:12.394 [info] Getting sessions for all scopes...
2026-01-05 15:40:12.394 [info] Got 0 sessions for ...
2026-01-05 15:40:12.723 [info] Getting sessions for all scopes...
2026-01-05 15:40:12.724 [info] Got 0 sessions for ...
2026-01-05 15:40:12.725 [info] Getting sessions for all scopes...
2026-01-05 15:40:12.725 [info] Got 0 sessions for ...
2026-01-05 15:40:12.725 [info] Getting sessions for all scopes...
2026-01-05 15:40:12.725 [info] Got 0 sessions for ...
2026-01-05 15:40:12.725 [info] Getting sessions for all scopes...
2026-01-05 15:40:12.725 [info] Got 0 sessions for ...
2026-01-05 15:40:12.725 [info] Getting sessions for all scopes...
2026-01-05 15:40:12.725 [info] Got 0 sessions for ...
2026-01-05 15:40:12.725 [info] Getting sessions for all scopes...
2026-01-05 15:40:12.725 [info] Got 0 sessions for ...
2026-01-05 15:40:12.743 [info] Getting sessions for all scopes...
2026-01-05 15:40:12.743 [info] Got 0 sessions for ...
2026-01-05 15:40:12.798 [info] Getting sessions for all scopes...
2026-01-05 15:40:12.798 [info] Got 0 sessions for ...
2026-01-05 15:40:15.830 [info] Getting sessions for all scopes...
2026-01-05 15:40:15.830 [info] Got 0 sessions for ...
2026-01-05 15:40:15.850 [info] Getting sessions for all scopes...
2026-01-05 15:40:15.850 [info] Got 0 sessions for ...
2026-01-05 15:40:15.860 [info] Getting sessions for all scopes...
2026-01-05 15:40:15.860 [info] Got 0 sessions for ...
2026-01-05 15:40:16.286 [info] Getting sessions for read:user,repo,user:email,workflow...
2026-01-05 15:40:16.286 [info] Got 0 sessions for read:user,repo,user:email,workflow...
2026-01-05 15:41:11.078 [info] Getting sessions for all scopes...
2026-01-05 15:41:11.078 [info] Got 0 sessions for ...
2026-01-05 15:41:12.880 [info] Getting sessions for all scopes...
2026-01-05 15:41:12.880 [info] Got 0 sessions for ...
2026-01-05 15:41:51.930 [info] Getting sessions for all scopes...
2026-01-05 15:41:51.931 [info] Got 0 sessions for ...
2026-01-05 15:42:39.416 [info] Getting sessions for all scopes...
2026-01-05 15:42:39.416 [info] Got 0 sessions for ...
2026-01-05 16:09:32.920 [info] Getting sessions for all scopes...
2026-01-05 16:09:32.920 [info] Got 0 sessions for ...
2026-01-05 16:10:38.267 [info] Getting sessions for all scopes...
2026-01-05 16:10:38.267 [info] Got 0 sessions for ...
2026-01-05 16:10:39.667 [info] Getting sessions for all scopes...
2026-01-05 16:10:39.667 [info] Got 0 sessions for ...
2026-01-05 16:10:41.824 [info] Getting sessions for read:user,repo,user:email,workflow...
2026-01-05 16:10:41.824 [info] Got 0 sessions for read:user,repo,user:email,workflow...
2026-01-05 16:12:10.508 [info] Getting sessions for all scopes...
2026-01-05 16:12:10.508 [info] Got 0 sessions for ...
2026-01-05 16:12:11.083 [info] Getting sessions for all scopes...
2026-01-05 16:12:11.083 [info] Got 0 sessions for ...
2026-01-05 16:12:11.438 [info] Getting sessions for all scopes...
2026-01-05 16:12:11.438 [info] Got 0 sessions for ...
2026-01-05 16:40:34.498 [info] Getting sessions for all scopes...
2026-01-05 16:40:34.498 [info] Got 0 sessions for ...
2026-01-05 16:43:50.160 [info] Getting sessions for all scopes...
2026-01-05 16:43:50.160 [info] Got 0 sessions for ...
2026-01-05 16:45:29.579 [info] Getting sessions for all scopes...
2026-01-05 16:45:29.579 [info] Got 0 sessions for ...
2026-01-05 16:56:46.245 [info] Getting sessions for read:user,repo,user:email,workflow...
2026-01-05 16:56:46.245 [info] Got 0 sessions for read:user,repo,user:email,workflow...
2026-01-05 16:56:48.295 [info] Logging in with 'any' account...
2026-01-05 16:56:48.295 [info] Logging in for the following scopes: read:user repo user:email workflow
2026-01-05 16:56:48.305 [info] Trying device code flow... (read:user repo user:email workflow)
2026-01-05 16:58:53.274 [info] Getting user info...
2026-01-05 16:58:54.503 [info] Got account info!
2026-01-05 16:58:54.504 [info] Storing 1 sessions...
2026-01-05 16:59:19.791 [info] Reading sessions from keychain...
2026-01-05 16:59:19.791 [info] Stored 1 sessions!
2026-01-05 16:59:19.791 [info] Login success!
2026-01-05 16:59:19.793 [info] Getting sessions for all scopes...
2026-01-05 16:59:19.798 [info] Got stored sessions!
2026-01-05 16:59:19.798 [info] Got 1 verified sessions.
2026-01-05 16:59:19.798 [info] Got 1 sessions for ...
2026-01-05 16:59:19.798 [info] Getting sessions for all scopes...
2026-01-05 16:59:19.798 [info] Got 1 sessions for ...
2026-01-05 16:59:19.812 [info] Getting sessions for all scopes...
2026-01-05 16:59:19.812 [info] Got 1 sessions for ...
2026-01-05 16:59:19.812 [info] Getting sessions for all scopes...
2026-01-05 16:59:19.812 [info] Got 1 sessions for ...
2026-01-05 16:59:19.813 [info] Getting sessions for read:user,repo,user:email,workflow...
2026-01-05 16:59:19.813 [info] Got 1 sessions for read:user,repo,user:email,workflow...
2026-01-05 16:59:22.001 [info] Getting sessions for all scopes...
2026-01-05 16:59:22.001 [info] Got 1 sessions for ...
2026-01-05 16:59:33.904 [info] Getting sessions for read:user,repo,user:email,workflow...
2026-01-05 16:59:33.904 [info] Got 1 sessions for read:user,repo,user:email,workflow...
2026-01-05 16:59:46.791 [info] Getting sessions for read:user,repo,user:email,workflow...
2026-01-05 16:59:46.791 [info] Got 1 sessions for read:user,repo,user:email,workflow...
2026-01-05 17:01:17.816 [info] Getting sessions for read:user,repo,user:email,workflow...
2026-01-05 17:01:17.816 [info] Got 1 sessions for read:user,repo,user:email,workflow...
2026-01-05 17:01:31.643 [info] Getting sessions for read:user,repo,user:email,workflow...
2026-01-05 17:01:31.643 [info] Got 1 sessions for read:user,repo,user:email,workflow...
2026-01-05 17:01:55.595 [info] Getting sessions for read:user,repo,user:email,workflow...
2026-01-05 17:01:55.595 [info] Got 1 sessions for read:user,repo,user:email,workflow...
2026-01-05 17:06:38.139 [info] Getting sessions for read:user,repo,user:email,workflow...
2026-01-05 17:06:38.139 [info] Got 1 sessions for read:user,repo,user:email,workflow...
2026-01-05 17:07:43.064 [info] Getting sessions for read:user,repo,user:email,workflow...
2026-01-05 17:07:43.064 [info] Got 1 sessions for read:user,repo,user:email,workflow...
2026-01-05 17:07:53.052 [info] Getting sessions for read:user,repo,user:email,workflow...
2026-01-05 17:07:53.052 [info] Got 1 sessions for read:user,repo,user:email,workflow...
2026-01-05 17:08:44.695 [info] Getting sessions for all scopes...
2026-01-05 17:08:44.695 [info] Got 1 sessions for ...
2026-01-05 17:09:38.912 [info] Getting sessions for read:user,repo,user:email,workflow...
2026-01-05 17:09:38.912 [info] Got 1 sessions for read:user,repo,user:email,workflow...
2026-01-05 17:09:49.967 [info] Getting sessions for read:user,repo,user:email,workflow...
2026-01-05 17:09:49.967 [info] Got 1 sessions for read:user,repo,user:email,workflow...
2026-01-05 17:09:59.776 [info] Getting sessions for read:user,repo,user:email,workflow...
2026-01-05 17:09:59.776 [info] Got 1 sessions for read:user,repo,user:email,workflow...
2026-01-05 17:10:03.048 [info] Getting sessions for read:user,repo,user:email,workflow...
2026-01-05 17:10:03.048 [info] Got 1 sessions for read:user,repo,user:email,workflow...
2026-01-05 17:12:41.990 [info] Getting sessions for read:user,repo,user:email,workflow...
2026-01-05 17:12:41.990 [info] Got 1 sessions for read:user,repo,user:email,workflow...
2026-01-05 17:12:43.743 [info] Getting sessions for read:user,repo,user:email,workflow...
2026-01-05 17:12:43.743 [info] Got 1 sessions for read:user,repo,user:email,workflow...
2026-01-05 17:29:01.277 [info] Getting sessions for all scopes...
2026-01-05 17:29:01.277 [info] Got 1 sessions for ...
2026-01-05 17:29:06.824 [info] Getting sessions for all scopes...
2026-01-05 17:29:06.824 [info] Got 1 sessions for ...
2026-01-05 17:32:58.955 [info] Getting sessions for read:user,repo,user:email,workflow...
2026-01-05 17:32:58.955 [info] Got 1 sessions for read:user,repo,user:email,workflow...
2026-01-05 17:33:02.468 [info] Getting sessions for read:user,repo,user:email,workflow...
2026-01-05 17:33:02.468 [info] Got 1 sessions for read:user,repo,user:email,workflow...
2026-01-05 17:33:27.712 [info] Getting sessions for read:user,repo,user:email,workflow...
2026-01-05 17:33:27.712 [info] Got 1 sessions for read:user,repo,user:email,workflow...
2026-01-05 17:33:32.185 [info] Getting sessions for read:user,repo,user:email,workflow...
2026-01-05 17:33:32.185 [info] Got 1 sessions for read:user,repo,user:email,workflow...
2026-01-05 17:33:42.715 [info] Getting sessions for read:user,repo,user:email,workflow...
2026-01-05 17:33:42.715 [info] Got 1 sessions for read:user,repo,user:email,workflow...
2026-01-05 17:33:44.175 [info] Getting sessions for read:user,repo,user:email,workflow...
2026-01-05 17:33:44.175 [info] Got 1 sessions for read:user,repo,user:email,workflow...
2026-01-05 17:46:50.516 [info] Getting sessions for all scopes...
2026-01-05 17:46:50.516 [info] Got 1 sessions for ...
2026-01-05 17:56:58.028 [info] Getting sessions for all scopes...
2026-01-05 17:56:58.032 [info] Got 1 sessions for ...
2026-01-05 17:56:58.529 [info] Getting sessions for all scopes...
2026-01-05 17:56:58.529 [info] Got 1 sessions for ...
2026-01-05 17:56:58.929 [info] Getting sessions for all scopes...
2026-01-05 17:56:58.929 [info] Got 1 sessions for ...
2026-01-05 17:59:39.688 [info] Getting sessions for all scopes...
2026-01-05 17:59:39.693 [info] Got 1 sessions for ...
2026-01-05 17:59:40.182 [info] Getting sessions for all scopes...
2026-01-05 17:59:40.182 [info] Got 1 sessions for ...
2026-01-05 17:59:40.594 [info] Getting sessions for all scopes...
2026-01-05 17:59:40.594 [info] Got 1 sessions for ...
2026-01-05 18:11:42.397 [info] Getting sessions for read:user,repo,user:email,workflow...
2026-01-05 18:11:42.397 [info] Got 1 sessions for read:user,repo,user:email,workflow...
