--------------------------------------------------------------------------------
[Jan 09, 2026 11:36:18.8 AM GMT:ERROR:creative_new_tab_page_ads_util.cc(159)] Successfully saved creative new tab page ads
[Jan 09, 2026 11:36:18.8 AM GMT:ERROR:creative_new_tab_page_ads_util.cc(144)] Successfully saved creative set conversions
[Jan 09, 2026 11:41:53.4 AM GMT:ERROR:creative_new_tab_page_ads_util.cc(159)] Successfully saved creative new tab page ads
[Jan 09, 2026 11:41:53.4 AM GMT:ERROR:creative_new_tab_page_ads_util.cc(144)] Successfully saved creative set conversions
--------------------------------------------------------------------------------
[Jan 09, 2026 1:03:57.5 PM GMT:ERROR:creative_new_tab_page_ads_util.cc(159)] Successfully saved creative new tab page ads
[Jan 09, 2026 1:03:57.5 PM GMT:ERROR:creative_new_tab_page_ads_util.cc(144)] Successfully saved creative set conversions
--------------------------------------------------------------------------------
[Jan 09, 2026 1:04:01.3 PM GMT:ERROR:creative_new_tab_page_ads_util.cc(159)] Successfully saved creative new tab page ads
[Jan 09, 2026 1:04:01.3 PM GMT:ERROR:creative_new_tab_page_ads_util.cc(144)] Successfully saved creative set conversions
[Jan 09, 2026 1:18:48.3 PM GMT:ERROR:conversion_resource.cc(68)] Failed to load and parse nnqccijfhvzwyrxpxwjrpmynaiazctqb conversion resource
[Jan 09, 2026 1:18:48.3 PM GMT:ERROR:conversion_resource.cc(68)] Failed to load and parse nnqccijfhvzwyrxpxwjrpmynaiazctqb conversion resource
[Jan 09, 2026 1:28:02.9 PM GMT:ERROR:conversion_resource.cc(68)] Failed to load and parse nnqccijfhvzwyrxpxwjrpmynaiazctqb conversion resource
[Jan 09, 2026 1:28:10.2 PM GMT:ERROR:conversion_resource.cc(68)] Failed to load and parse nnqccijfhvzwyrxpxwjrpmynaiazctqb conversion resource
[Jan 09, 2026 1:28:10.6 PM GMT:ERROR:conversion_resource.cc(68)] Failed to load and parse nnqccijfhvzwyrxpxwjrpmynaiazctqb conversion resource
[Jan 09, 2026 1:28:11.6 PM GMT:ERROR:conversion_resource.cc(68)] Failed to load and parse nnqccijfhvzwyrxpxwjrpmynaiazctqb conversion resource
[Jan 09, 2026 1:28:11.8 PM GMT:ERROR:conversion_resource.cc(68)] Failed to load and parse nnqccijfhvzwyrxpxwjrpmynaiazctqb conversion resource
--------------------------------------------------------------------------------
[Jan 09, 2026 2:02:27.0 PM GMT:ERROR:conversion_resource.cc(68)] Failed to load and parse nnqccijfhvzwyrxpxwjrpmynaiazctqb conversion resource
[Jan 09, 2026 2:02:27.1 PM GMT:ERROR:creative_new_tab_page_ads_util.cc(159)] Successfully saved creative new tab page ads
[Jan 09, 2026 2:02:27.1 PM GMT:ERROR:creative_new_tab_page_ads_util.cc(144)] Successfully saved creative set conversions
--------------------------------------------------------------------------------
[Jan 09, 2026 2:02:58.8 PM GMT:ERROR:conversion_resource.cc(68)] Failed to load and parse nnqccijfhvzwyrxpxwjrpmynaiazctqb conversion resource
[Jan 09, 2026 2:02:58.9 PM GMT:ERROR:creative_new_tab_page_ads_util.cc(159)] Successfully saved creative new tab page ads
[Jan 09, 2026 2:02:58.9 PM GMT:ERROR:creative_new_tab_page_ads_util.cc(144)] Successfully saved creative set conversions
[Jan 09, 2026 5:21:01.8 PM GMT:ERROR:catalog_url_request.cc(144)] Failed to fetch catalog
--------------------------------------------------------------------------------
[Jan 10, 2026 8:53:14.2 AM GMT:ERROR:conversion_resource.cc(68)] Failed to load and parse nnqccijfhvzwyrxpxwjrpmynaiazctqb conversion resource
[Jan 10, 2026 8:53:14.4 AM GMT:ERROR:creative_new_tab_page_ads_util.cc(159)] Successfully saved creative new tab page ads
[Jan 10, 2026 8:53:14.4 AM GMT:ERROR:creative_new_tab_page_ads_util.cc(144)] Successfully saved creative set conversions
[Jan 10, 2026 8:53:17.3 AM GMT:ERROR:creative_new_tab_page_ads_util.cc(159)] Successfully saved creative new tab page ads
[Jan 10, 2026 8:53:17.3 AM GMT:ERROR:creative_new_tab_page_ads_util.cc(144)] Successfully saved creative set conversions
--------------------------------------------------------------------------------
[Jan 10, 2026 10:46:59.0 AM GMT:ERROR:conversion_resource.cc(68)] Failed to load and parse nnqccijfhvzwyrxpxwjrpmynaiazctqb conversion resource
[Jan 10, 2026 10:46:59.2 AM GMT:ERROR:creative_new_tab_page_ads_util.cc(159)] Successfully saved creative new tab page ads
[Jan 10, 2026 10:46:59.2 AM GMT:ERROR:creative_new_tab_page_ads_util.cc(144)] Successfully saved creative set conversions
--------------------------------------------------------------------------------
[Jan 10, 2026 12:01:51.9 PM GMT:ERROR:conversion_resource.cc(68)] Failed to load and parse nnqccijfhvzwyrxpxwjrpmynaiazctqb conversion resource
[Jan 10, 2026 12:01:52.0 PM GMT:ERROR:creative_new_tab_page_ads_util.cc(159)] Successfully saved creative new tab page ads
[Jan 10, 2026 12:01:52.0 PM GMT:ERROR:creative_new_tab_page_ads_util.cc(144)] Successfully saved creative set conversions
--------------------------------------------------------------------------------
[Jan 10, 2026 2:10:27.9 PM GMT:ERROR:conversion_resource.cc(68)] Failed to load and parse nnqccijfhvzwyrxpxwjrpmynaiazctqb conversion resource
[Jan 10, 2026 2:10:27.9 PM GMT:ERROR:creative_new_tab_page_ads_util.cc(159)] Successfully saved creative new tab page ads
[Jan 10, 2026 2:10:27.9 PM GMT:ERROR:creative_new_tab_page_ads_util.cc(144)] Successfully saved creative set conversions
--------------------------------------------------------------------------------
[Jan 10, 2026 3:02:56.7 PM GMT:ERROR:conversion_resource.cc(68)] Failed to load and parse nnqccijfhvzwyrxpxwjrpmynaiazctqb conversion resource
[Jan 10, 2026 3:02:56.9 PM GMT:ERROR:creative_new_tab_page_ads_util.cc(159)] Successfully saved creative new tab page ads
[Jan 10, 2026 3:02:56.9 PM GMT:ERROR:creative_new_tab_page_ads_util.cc(144)] Successfully saved creative set conversions
[Jan 10, 2026 3:03:06.4 PM GMT:ERROR:conversion_resource.cc(68)] Failed to load and parse nnqccijfhvzwyrxpxwjrpmynaiazctqb conversion resource
[Jan 10, 2026 3:03:06.7 PM GMT:ERROR:conversion_resource.cc(68)] Failed to load and parse nnqccijfhvzwyrxpxwjrpmynaiazctqb conversion resource
--------------------------------------------------------------------------------
[Jan 11, 2026 5:04:59.9 AM GMT:ERROR:conversion_resource.cc(68)] Failed to load and parse nnqccijfhvzwyrxpxwjrpmynaiazctqb conversion resource
[Jan 11, 2026 5:05:00.0 AM GMT:ERROR:creative_new_tab_page_ads_util.cc(159)] Successfully saved creative new tab page ads
[Jan 11, 2026 5:05:00.0 AM GMT:ERROR:creative_new_tab_page_ads_util.cc(144)] Successfully saved creative set conversions
[Jan 11, 2026 5:05:03.3 AM GMT:ERROR:creative_new_tab_page_ads_util.cc(159)] Successfully saved creative new tab page ads
[Jan 11, 2026 5:05:03.3 AM GMT:ERROR:creative_new_tab_page_ads_util.cc(144)] Successfully saved creative set conversions
--------------------------------------------------------------------------------
[Jan 11, 2026 6:36:12.9 AM GMT:ERROR:conversion_resource.cc(68)] Failed to load and parse nnqccijfhvzwyrxpxwjrpmynaiazctqb conversion resource
[Jan 11, 2026 6:36:13.0 AM GMT:ERROR:creative_new_tab_page_ads_util.cc(159)] Successfully saved creative new tab page ads
[Jan 11, 2026 6:36:13.0 AM GMT:ERROR:creative_new_tab_page_ads_util.cc(144)] Successfully saved creative set conversions
--------------------------------------------------------------------------------
[Jan 11, 2026 9:34:23.5 AM GMT:ERROR:conversion_resource.cc(68)] Failed to load and parse nnqccijfhvzwyrxpxwjrpmynaiazctqb conversion resource
[Jan 11, 2026 9:34:23.6 AM GMT:ERROR:creative_new_tab_page_ads_util.cc(159)] Successfully saved creative new tab page ads
[Jan 11, 2026 9:34:23.6 AM GMT:ERROR:creative_new_tab_page_ads_util.cc(144)] Successfully saved creative set conversions
--------------------------------------------------------------------------------
[Jan 11, 2026 1:04:50.3 PM GMT:ERROR:conversion_resource.cc(68)] Failed to load and parse nnqccijfhvzwyrxpxwjrpmynaiazctqb conversion resource
[Jan 11, 2026 1:04:50.4 PM GMT:ERROR:creative_new_tab_page_ads_util.cc(159)] Successfully saved creative new tab page ads
[Jan 11, 2026 1:04:50.4 PM GMT:ERROR:creative_new_tab_page_ads_util.cc(144)] Successfully saved creative set conversions
--------------------------------------------------------------------------------
[Jan 11, 2026 1:28:56.9 PM GMT:ERROR:conversion_resource.cc(68)] Failed to load and parse nnqccijfhvzwyrxpxwjrpmynaiazctqb conversion resource
[Jan 11, 2026 1:28:57.0 PM GMT:ERROR:creative_new_tab_page_ads_util.cc(159)] Successfully saved creative new tab page ads
[Jan 11, 2026 1:28:57.0 PM GMT:ERROR:creative_new_tab_page_ads_util.cc(144)] Successfully saved creative set conversions
--------------------------------------------------------------------------------
[Jan 11, 2026 2:04:16.7 PM GMT:ERROR:conversion_resource.cc(68)] Failed to load and parse nnqccijfhvzwyrxpxwjrpmynaiazctqb conversion resource
[Jan 11, 2026 2:04:16.7 PM GMT:ERROR:creative_new_tab_page_ads_util.cc(159)] Successfully saved creative new tab page ads
[Jan 11, 2026 2:04:16.7 PM GMT:ERROR:creative_new_tab_page_ads_util.cc(144)] Successfully saved creative set conversions
--------------------------------------------------------------------------------
[Jan 11, 2026 5:14:35.9 PM GMT:ERROR:conversion_resource.cc(68)] Failed to load and parse nnqccijfhvzwyrxpxwjrpmynaiazctqb conversion resource
[Jan 11, 2026 5:14:35.9 PM GMT:ERROR:creative_new_tab_page_ads_util.cc(159)] Successfully saved creative new tab page ads
[Jan 11, 2026 5:14:35.9 PM GMT:ERROR:creative_new_tab_page_ads_util.cc(144)] Successfully saved creative set conversions
--------------------------------------------------------------------------------
[Jan 11, 2026 5:26:19.9 PM GMT:ERROR:conversion_resource.cc(68)] Failed to load and parse nnqccijfhvzwyrxpxwjrpmynaiazctqb conversion resource
[Jan 11, 2026 5:26:19.9 PM GMT:ERROR:creative_new_tab_page_ads_util.cc(159)] Successfully saved creative new tab page ads
[Jan 11, 2026 5:26:19.9 PM GMT:ERROR:creative_new_tab_page_ads_util.cc(144)] Successfully saved creative set conversions
[Jan 11, 2026 5:51:56.0 PM GMT:ERROR:conversion_resource.cc(68)] Failed to load and parse nnqccijfhvzwyrxpxwjrpmynaiazctqb conversion resource
[Jan 11, 2026 5:52:02.6 PM GMT:ERROR:conversion_resource.cc(68)] Failed to load and parse nnqccijfhvzwyrxpxwjrpmynaiazctqb conversion resource
--------------------------------------------------------------------------------
[Jan 11, 2026 5:58:57.0 PM GMT:ERROR:conversion_resource.cc(68)] Failed to load and parse nnqccijfhvzwyrxpxwjrpmynaiazctqb conversion resource
[Jan 11, 2026 5:58:57.1 PM GMT:ERROR:creative_new_tab_page_ads_util.cc(159)] Successfully saved creative new tab page ads
[Jan 11, 2026 5:58:57.1 PM GMT:ERROR:creative_new_tab_page_ads_util.cc(144)] Successfully saved creative set conversions
--------------------------------------------------------------------------------
[Jan 11, 2026 6:06:03.9 PM GMT:ERROR:conversion_resource.cc(68)] Failed to load and parse nnqccijfhvzwyrxpxwjrpmynaiazctqb conversion resource
[Jan 11, 2026 6:06:04.0 PM GMT:ERROR:creative_new_tab_page_ads_util.cc(159)] Successfully saved creative new tab page ads
[Jan 11, 2026 6:06:04.0 PM GMT:ERROR:creative_new_tab_page_ads_util.cc(144)] Successfully saved creative set conversions
--------------------------------------------------------------------------------
[Jan 11, 2026 6:25:51.0 PM GMT:ERROR:conversion_resource.cc(68)] Failed to load and parse nnqccijfhvzwyrxpxwjrpmynaiazctqb conversion resource
[Jan 11, 2026 6:25:51.0 PM GMT:ERROR:creative_new_tab_page_ads_util.cc(159)] Successfully saved creative new tab page ads
[Jan 11, 2026 6:25:51.0 PM GMT:ERROR:creative_new_tab_page_ads_util.cc(144)] Successfully saved creative set conversions
--------------------------------------------------------------------------------
[Jan 12, 2026 6:51:19.1 AM GMT:ERROR:conversion_resource.cc(68)] Failed to load and parse nnqccijfhvzwyrxpxwjrpmynaiazctqb conversion resource
[Jan 12, 2026 6:51:19.1 AM GMT:ERROR:creative_new_tab_page_ads_util.cc(159)] Successfully saved creative new tab page ads
[Jan 12, 2026 6:51:19.1 AM GMT:ERROR:creative_new_tab_page_ads_util.cc(144)] Successfully saved creative set conversions
[Jan 12, 2026 6:51:29.5 AM GMT:ERROR:creative_new_tab_page_ads_util.cc(159)] Successfully saved creative new tab page ads
[Jan 12, 2026 6:51:29.5 AM GMT:ERROR:creative_new_tab_page_ads_util.cc(144)] Successfully saved creative set conversions
--------------------------------------------------------------------------------
[Jan 12, 2026 9:22:14.8 AM GMT:ERROR:creative_new_tab_page_ads_util.cc(159)] Successfully saved creative new tab page ads
[Jan 12, 2026 9:22:14.8 AM GMT:ERROR:creative_new_tab_page_ads_util.cc(144)] Successfully saved creative set conversions
[Jan 12, 2026 9:22:14.8 AM GMT:ERROR:conversion_resource.cc(68)] Failed to load and parse nnqccijfhvzwyrxpxwjrpmynaiazctqb conversion resource
--------------------------------------------------------------------------------
[Jan 12, 2026 10:02:08.0 AM GMT:ERROR:conversion_resource.cc(68)] Failed to load and parse nnqccijfhvzwyrxpxwjrpmynaiazctqb conversion resource
[Jan 12, 2026 10:02:08.1 AM GMT:ERROR:creative_new_tab_page_ads_util.cc(159)] Successfully saved creative new tab page ads
[Jan 12, 2026 10:02:08.1 AM GMT:ERROR:creative_new_tab_page_ads_util.cc(144)] Successfully saved creative set conversions
--------------------------------------------------------------------------------
[Jan 12, 2026 12:32:22.5 PM GMT:ERROR:conversion_resource.cc(68)] Failed to load and parse nnqccijfhvzwyrxpxwjrpmynaiazctqb conversion resource
[Jan 12, 2026 12:32:22.8 PM GMT:ERROR:creative_new_tab_page_ads_util.cc(159)] Successfully saved creative new tab page ads
[Jan 12, 2026 12:32:22.8 PM GMT:ERROR:creative_new_tab_page_ads_util.cc(144)] Successfully saved creative set conversions
--------------------------------------------------------------------------------
[Jan 12, 2026 2:01:34.8 PM GMT:ERROR:conversion_resource.cc(68)] Failed to load and parse nnqccijfhvzwyrxpxwjrpmynaiazctqb conversion resource
[Jan 12, 2026 2:01:34.8 PM GMT:ERROR:creative_new_tab_page_ads_util.cc(159)] Successfully saved creative new tab page ads
[Jan 12, 2026 2:01:34.8 PM GMT:ERROR:creative_new_tab_page_ads_util.cc(144)] Successfully saved creative set conversions
--------------------------------------------------------------------------------
[Jan 12, 2026 2:20:42.9 PM GMT:ERROR:conversion_resource.cc(68)] Failed to load and parse nnqccijfhvzwyrxpxwjrpmynaiazctqb conversion resource
[Jan 12, 2026 2:20:43.0 PM GMT:ERROR:creative_new_tab_page_ads_util.cc(159)] Successfully saved creative new tab page ads
[Jan 12, 2026 2:20:43.0 PM GMT:ERROR:creative_new_tab_page_ads_util.cc(144)] Successfully saved creative set conversions
--------------------------------------------------------------------------------
[Jan 12, 2026 6:09:36.7 PM GMT:ERROR:url_loader.cc(131)] Network error: net::ERR_INTERNET_DISCONNECTED
[Jan 12, 2026 6:09:36.7 PM GMT:ERROR:get_parameters.cc(125)] Unexpected status code! (HTTP -1)
[Jan 12, 2026 6:09:36.7 PM GMT:ERROR:url_loader.cc(131)] Network error: net::ERR_INTERNET_DISCONNECTED
[Jan 12, 2026 6:09:36.7 PM GMT:ERROR:get_wallet.cc(89)] Unexpected status code! (HTTP -1)
[Jan 12, 2026 6:09:36.9 PM GMT:ERROR:catalog_url_request.cc(144)] Failed to fetch catalog
[Jan 12, 2026 6:09:36.9 PM GMT:ERROR:subdivision_url_request.cc(128)] Failed to fetch subdivision
[Jan 12, 2026 6:09:36.9 PM GMT:ERROR:conversion_resource.cc(68)] Failed to load and parse nnqccijfhvzwyrxpxwjrpmynaiazctqb conversion resource
[Jan 12, 2026 6:09:37.1 PM GMT:ERROR:creative_new_tab_page_ads_util.cc(159)] Successfully saved creative new tab page ads
[Jan 12, 2026 6:09:37.1 PM GMT:ERROR:creative_new_tab_page_ads_util.cc(144)] Successfully saved creative set conversions
[Jan 12, 2026 6:10:54.6 PM GMT:ERROR:catalog_url_request.cc(144)] Failed to fetch catalog
[Jan 12, 2026 6:11:01.3 PM GMT:ERROR:subdivision_url_request.cc(128)] Failed to fetch subdivision
[Jan 12, 2026 6:11:15.5 PM GMT:ERROR:url_loader.cc(131)] Network error: net::ERR_INTERNET_DISCONNECTED
[Jan 12, 2026 6:11:15.5 PM GMT:ERROR:get_ui_cards.cc(122)] Unexpected status code: -1
[Jan 12, 2026 6:12:38.3 PM GMT:ERROR:subdivision_url_request.cc(128)] Failed to fetch subdivision
[Jan 12, 2026 6:12:49.5 PM GMT:ERROR:catalog_url_request.cc(144)] Failed to fetch catalog
[Jan 12, 2026 6:16:24.8 PM GMT:ERROR:catalog_url_request.cc(144)] Failed to fetch catalog
[Jan 12, 2026 6:17:36.1 PM GMT:ERROR:subdivision_url_request.cc(128)] Failed to fetch subdivision
[Jan 12, 2026 6:17:53.3 PM GMT:ERROR:url_loader.cc(131)] Network error: net::ERR_NAME_NOT_RESOLVED
[Jan 12, 2026 6:17:53.3 PM GMT:ERROR:get_ui_cards.cc(122)] Unexpected status code: -1
[Jan 12, 2026 6:17:53.3 PM GMT:ERROR:url_loader.cc(131)] Network error: net::ERR_NAME_NOT_RESOLVED
[Jan 12, 2026 6:17:53.3 PM GMT:ERROR:get_publisher.cc(169)] Unexpected HTTP status: -1
[Jan 12, 2026 6:17:53.6 PM GMT:ERROR:url_loader.cc(131)] Network error: net::ERR_NAME_NOT_RESOLVED
[Jan 12, 2026 6:17:53.6 PM GMT:ERROR:get_publisher.cc(169)] Unexpected HTTP status: -1
[Jan 12, 2026 6:22:06.0 PM GMT:ERROR:url_loader.cc(131)] Network error: net::ERR_NAME_NOT_RESOLVED
[Jan 12, 2026 6:22:06.0 PM GMT:ERROR:get_parameters.cc(125)] Unexpected status code! (HTTP -1)
[Jan 12, 2026 6:25:11.8 PM GMT:ERROR:subdivision_url_request.cc(128)] Failed to fetch subdivision
[Jan 12, 2026 6:27:10.3 PM GMT:ERROR:catalog_url_request.cc(144)] Failed to fetch catalog
[Jan 12, 2026 6:38:01.9 PM GMT:ERROR:catalog_url_request.cc(144)] Failed to fetch catalog
--------------------------------------------------------------------------------
[Jan 12, 2026 7:13:15.3 PM GMT:ERROR:conversion_resource.cc(68)] Failed to load and parse nnqccijfhvzwyrxpxwjrpmynaiazctqb conversion resource
[Jan 12, 2026 7:13:15.3 PM GMT:ERROR:creative_new_tab_page_ads_util.cc(159)] Successfully saved creative new tab page ads
[Jan 12, 2026 7:13:15.3 PM GMT:ERROR:creative_new_tab_page_ads_util.cc(144)] Successfully saved creative set conversions
[Jan 12, 2026 7:13:15.8 PM GMT:ERROR:url_loader.cc(131)] Network error: net::ERR_NAME_NOT_RESOLVED
[Jan 12, 2026 7:13:15.8 PM GMT:ERROR:get_wallet.cc(89)] Unexpected status code! (HTTP -1)
[Jan 12, 2026 7:13:15.8 PM GMT:ERROR:url_loader.cc(131)] Network error: net::ERR_NAME_NOT_RESOLVED
[Jan 12, 2026 7:13:15.8 PM GMT:ERROR:get_parameters.cc(125)] Unexpected status code! (HTTP -1)
[Jan 12, 2026 7:13:16.0 PM GMT:ERROR:catalog_url_request.cc(144)] Failed to fetch catalog
[Jan 12, 2026 7:13:16.0 PM GMT:ERROR:subdivision_url_request.cc(128)] Failed to fetch subdivision
[Jan 12, 2026 7:13:52.9 PM GMT:ERROR:catalog_url_request.cc(144)] Failed to fetch catalog
[Jan 12, 2026 7:14:00.3 PM GMT:ERROR:url_loader.cc(131)] Network error: net::ERR_NAME_NOT_RESOLVED
[Jan 12, 2026 7:14:00.3 PM GMT:ERROR:get_ui_cards.cc(122)] Unexpected status code: -1
[Jan 12, 2026 7:14:05.1 PM GMT:ERROR:url_loader.cc(131)] Network error: net::ERR_NAME_NOT_RESOLVED
[Jan 12, 2026 7:14:05.1 PM GMT:ERROR:get_ui_cards.cc(122)] Unexpected status code: -1
[Jan 12, 2026 7:14:16.1 PM GMT:ERROR:subdivision_url_request.cc(128)] Failed to fetch subdivision
[Jan 12, 2026 7:14:21.5 PM GMT:ERROR:url_loader.cc(131)] Network error: net::ERR_NAME_NOT_RESOLVED
[Jan 12, 2026 7:14:21.5 PM GMT:ERROR:get_ui_cards.cc(122)] Unexpected status code: -1
[Jan 12, 2026 7:14:22.4 PM GMT:ERROR:url_loader.cc(131)] Network error: net::ERR_NAME_NOT_RESOLVED
[Jan 12, 2026 7:14:22.4 PM GMT:ERROR:post_challenges.cc(76)] Unexpected status code: -1
[Jan 12, 2026 7:14:47.0 PM GMT:ERROR:url_loader.cc(131)] Network error: net::ERR_NAME_NOT_RESOLVED
[Jan 12, 2026 7:14:47.0 PM GMT:ERROR:post_challenges.cc(76)] Unexpected status code: -1
[Jan 12, 2026 7:14:48.2 PM GMT:ERROR:url_loader.cc(131)] Network error: net::ERR_NAME_NOT_RESOLVED
[Jan 12, 2026 7:14:48.2 PM GMT:ERROR:post_challenges.cc(76)] Unexpected status code: -1
[Jan 12, 2026 7:15:20.9 PM GMT:ERROR:catalog_url_request.cc(144)] Failed to fetch catalog
[Jan 12, 2026 7:15:29.1 PM GMT:ERROR:subdivision_url_request.cc(128)] Failed to fetch subdivision
[Jan 12, 2026 7:15:46.3 PM GMT:ERROR:url_loader.cc(131)] Network error: net::ERR_NAME_NOT_RESOLVED
[Jan 12, 2026 7:15:46.3 PM GMT:ERROR:get_ui_cards.cc(122)] Unexpected status code: -1
[Jan 12, 2026 7:18:12.9 PM GMT:ERROR:catalog_url_request.cc(144)] Failed to fetch catalog
[Jan 12, 2026 7:20:34.0 PM GMT:ERROR:subdivision_url_request.cc(128)] Failed to fetch subdivision
[Jan 12, 2026 7:21:32.9 PM GMT:ERROR:url_loader.cc(131)] Network error: net::ERR_NAME_NOT_RESOLVED
[Jan 12, 2026 7:21:32.9 PM GMT:ERROR:get_parameters.cc(125)] Unexpected status code! (HTTP -1)
[Jan 12, 2026 7:26:09.8 PM GMT:ERROR:catalog_url_request.cc(144)] Failed to fetch catalog
[Jan 12, 2026 7:28:08.9 PM GMT:ERROR:url_loader.cc(131)] Network error: net::ERR_NAME_NOT_RESOLVED
[Jan 12, 2026 7:28:08.9 PM GMT:ERROR:get_ui_cards.cc(122)] Unexpected status code: -1
[Jan 12, 2026 7:28:09.7 PM GMT:ERROR:url_loader.cc(131)] Network error: net::ERR_NAME_NOT_RESOLVED
[Jan 12, 2026 7:28:09.7 PM GMT:ERROR:get_ui_cards.cc(122)] Unexpected status code: -1
[Jan 12, 2026 7:28:10.7 PM GMT:ERROR:url_loader.cc(131)] Network error: net::ERR_NAME_NOT_RESOLVED
[Jan 12, 2026 7:28:10.7 PM GMT:ERROR:post_challenges.cc(76)] Unexpected status code: -1
[Jan 12, 2026 7:28:14.4 PM GMT:ERROR:url_loader.cc(131)] Network error: net::ERR_NAME_NOT_RESOLVED
[Jan 12, 2026 7:28:14.4 PM GMT:ERROR:post_challenges.cc(76)] Unexpected status code: -1
--------------------------------------------------------------------------------
[Jan 12, 2026 7:28:56.7 PM GMT:ERROR:conversion_resource.cc(68)] Failed to load and parse nnqccijfhvzwyrxpxwjrpmynaiazctqb conversion resource
[Jan 12, 2026 7:28:56.7 PM GMT:ERROR:creative_new_tab_page_ads_util.cc(159)] Successfully saved creative new tab page ads
[Jan 12, 2026 7:28:56.7 PM GMT:ERROR:creative_new_tab_page_ads_util.cc(144)] Successfully saved creative set conversions
[Jan 12, 2026 7:28:56.8 PM GMT:ERROR:url_loader.cc(131)] Network error: net::ERR_NAME_NOT_RESOLVED
[Jan 12, 2026 7:28:56.8 PM GMT:ERROR:get_parameters.cc(125)] Unexpected status code! (HTTP -1)
[Jan 12, 2026 7:28:56.8 PM GMT:ERROR:url_loader.cc(131)] Network error: net::ERR_NAME_NOT_RESOLVED
[Jan 12, 2026 7:28:56.8 PM GMT:ERROR:get_wallet.cc(89)] Unexpected status code! (HTTP -1)
[Jan 12, 2026 7:28:56.9 PM GMT:ERROR:catalog_url_request.cc(144)] Failed to fetch catalog
[Jan 12, 2026 7:28:56.9 PM GMT:ERROR:subdivision_url_request.cc(128)] Failed to fetch subdivision
[Jan 12, 2026 7:29:01.1 PM GMT:ERROR:url_loader.cc(131)] Network error: net::ERR_NAME_NOT_RESOLVED
[Jan 12, 2026 7:29:01.1 PM GMT:ERROR:get_ui_cards.cc(122)] Unexpected status code: -1
[Jan 12, 2026 7:29:02.0 PM GMT:ERROR:url_loader.cc(131)] Network error: net::ERR_NAME_NOT_RESOLVED
[Jan 12, 2026 7:29:02.0 PM GMT:ERROR:get_ui_cards.cc(122)] Unexpected status code: -1
[Jan 12, 2026 7:29:02.7 PM GMT:ERROR:url_loader.cc(131)] Network error: net::ERR_NAME_NOT_RESOLVED
[Jan 12, 2026 7:29:02.7 PM GMT:ERROR:post_challenges.cc(76)] Unexpected status code: -1
[Jan 12, 2026 7:29:09.4 PM GMT:ERROR:url_loader.cc(131)] Network error: net::ERR_NAME_NOT_RESOLVED
[Jan 12, 2026 7:29:09.4 PM GMT:ERROR:get_ui_cards.cc(122)] Unexpected status code: -1
[Jan 12, 2026 7:29:26.4 PM GMT:ERROR:url_loader.cc(131)] Network error: net::ERR_NAME_NOT_RESOLVED
[Jan 12, 2026 7:29:26.4 PM GMT:ERROR:get_ui_cards.cc(122)] Unexpected status code: -1
[Jan 12, 2026 7:29:28.0 PM GMT:ERROR:url_loader.cc(131)] Network error: net::ERR_NAME_NOT_RESOLVED
[Jan 12, 2026 7:29:28.0 PM GMT:ERROR:get_ui_cards.cc(122)] Unexpected status code: -1
[Jan 12, 2026 7:29:28.3 PM GMT:ERROR:url_loader.cc(131)] Network error: net::ERR_NAME_NOT_RESOLVED
[Jan 12, 2026 7:29:28.3 PM GMT:ERROR:get_ui_cards.cc(122)] Unexpected status code: -1
[Jan 12, 2026 7:29:46.9 PM GMT:ERROR:url_loader.cc(131)] Network error: net::ERR_NAME_NOT_RESOLVED
[Jan 12, 2026 7:29:46.9 PM GMT:ERROR:get_ui_cards.cc(122)] Unexpected status code: -1
[Jan 12, 2026 7:30:09.8 PM GMT:ERROR:subdivision_url_request.cc(128)] Failed to fetch subdivision
[Jan 12, 2026 7:30:27.1 PM GMT:ERROR:catalog_url_request.cc(144)] Failed to fetch catalog
[Jan 12, 2026 7:31:42.4 PM GMT:ERROR:catalog_url_request.cc(144)] Failed to fetch catalog
[Jan 12, 2026 7:32:45.9 PM GMT:ERROR:subdivision_url_request.cc(128)] Failed to fetch subdivision
[Jan 12, 2026 7:34:45.8 PM GMT:ERROR:url_loader.cc(131)] Network error: net::ERR_NAME_NOT_RESOLVED
[Jan 12, 2026 7:34:45.8 PM GMT:ERROR:get_parameters.cc(125)] Unexpected status code! (HTTP -1)
[Jan 12, 2026 7:34:50.0 PM GMT:ERROR:catalog_url_request.cc(144)] Failed to fetch catalog
[Jan 12, 2026 7:35:25.3 PM GMT:ERROR:subdivision_url_request.cc(128)] Failed to fetch subdivision
--------------------------------------------------------------------------------
[Jan 12, 2026 7:46:07.0 PM GMT:ERROR:conversion_resource.cc(68)] Failed to load and parse nnqccijfhvzwyrxpxwjrpmynaiazctqb conversion resource
[Jan 12, 2026 7:46:07.1 PM GMT:ERROR:creative_new_tab_page_ads_util.cc(159)] Successfully saved creative new tab page ads
[Jan 12, 2026 7:46:07.1 PM GMT:ERROR:creative_new_tab_page_ads_util.cc(144)] Successfully saved creative set conversions
[Jan 12, 2026 7:46:07.5 PM GMT:ERROR:url_loader.cc(131)] Network error: net::ERR_NAME_NOT_RESOLVED
[Jan 12, 2026 7:46:07.5 PM GMT:ERROR:get_parameters.cc(125)] Unexpected status code! (HTTP -1)
[Jan 12, 2026 7:46:07.6 PM GMT:ERROR:url_loader.cc(131)] Network error: net::ERR_NAME_NOT_RESOLVED
[Jan 12, 2026 7:46:07.6 PM GMT:ERROR:get_wallet.cc(89)] Unexpected status code! (HTTP -1)
[Jan 12, 2026 7:46:07.6 PM GMT:ERROR:catalog_url_request.cc(144)] Failed to fetch catalog
[Jan 12, 2026 7:46:07.6 PM GMT:ERROR:subdivision_url_request.cc(128)] Failed to fetch subdivision
[Jan 12, 2026 7:46:40.2 PM GMT:ERROR:subdivision_url_request.cc(128)] Failed to fetch subdivision
[Jan 12, 2026 7:46:41.7 PM GMT:ERROR:catalog_url_request.cc(144)] Failed to fetch catalog
[Jan 12, 2026 7:49:00.1 PM GMT:ERROR:catalog_url_request.cc(144)] Failed to fetch catalog
[Jan 12, 2026 7:49:17.9 PM GMT:ERROR:subdivision_url_request.cc(128)] Failed to fetch subdivision
[Jan 12, 2026 7:53:26.5 PM GMT:ERROR:catalog_url_request.cc(144)] Failed to fetch catalog
[Jan 12, 2026 7:54:00.8 PM GMT:ERROR:subdivision_url_request.cc(128)] Failed to fetch subdivision
[Jan 12, 2026 7:55:32.7 PM GMT:ERROR:url_loader.cc(131)] Network error: net::ERR_NAME_NOT_RESOLVED
[Jan 12, 2026 7:55:32.7 PM GMT:ERROR:get_parameters.cc(125)] Unexpected status code! (HTTP -1)
[Jan 12, 2026 7:58:43.1 PM GMT:ERROR:subdivision_url_request.cc(128)] Failed to fetch subdivision
[Jan 12, 2026 7:58:50.0 PM GMT:ERROR:catalog_url_request.cc(144)] Failed to fetch catalog
--------------------------------------------------------------------------------
[Jan 12, 2026 8:06:52.5 PM GMT:ERROR:conversion_resource.cc(68)] Failed to load and parse nnqccijfhvzwyrxpxwjrpmynaiazctqb conversion resource
[Jan 12, 2026 8:06:52.5 PM GMT:ERROR:creative_new_tab_page_ads_util.cc(159)] Successfully saved creative new tab page ads
[Jan 12, 2026 8:06:52.5 PM GMT:ERROR:creative_new_tab_page_ads_util.cc(144)] Successfully saved creative set conversions
[Jan 12, 2026 8:06:54.7 PM GMT:ERROR:catalog_url_request.cc(144)] Failed to fetch catalog
[Jan 12, 2026 8:06:54.8 PM GMT:ERROR:url_loader.cc(131)] Network error: net::ERR_NAME_NOT_RESOLVED
[Jan 12, 2026 8:06:54.8 PM GMT:ERROR:get_wallet.cc(89)] Unexpected status code! (HTTP -1)
[Jan 12, 2026 8:06:54.8 PM GMT:ERROR:url_loader.cc(131)] Network error: net::ERR_NAME_NOT_RESOLVED
[Jan 12, 2026 8:06:54.8 PM GMT:ERROR:get_parameters.cc(125)] Unexpected status code! (HTTP -1)
[Jan 12, 2026 8:06:54.8 PM GMT:ERROR:subdivision_url_request.cc(128)] Failed to fetch subdivision
[Jan 12, 2026 8:07:26.3 PM GMT:ERROR:catalog_url_request.cc(144)] Failed to fetch catalog
[Jan 12, 2026 8:08:10.0 PM GMT:ERROR:subdivision_url_request.cc(128)] Failed to fetch subdivision
[Jan 12, 2026 8:09:26.9 PM GMT:ERROR:catalog_url_request.cc(144)] Failed to fetch catalog
[Jan 12, 2026 8:10:27.9 PM GMT:ERROR:subdivision_url_request.cc(128)] Failed to fetch subdivision
[Jan 12, 2026 8:12:33.6 PM GMT:ERROR:subdivision_url_request.cc(128)] Failed to fetch subdivision
[Jan 12, 2026 8:12:35.4 PM GMT:ERROR:catalog_url_request.cc(144)] Failed to fetch catalog
[Jan 12, 2026 8:17:48.2 PM GMT:ERROR:catalog_url_request.cc(144)] Failed to fetch catalog
[Jan 12, 2026 8:19:37.0 PM GMT:ERROR:url_loader.cc(131)] Network error: net::ERR_NAME_NOT_RESOLVED
[Jan 12, 2026 8:19:37.0 PM GMT:ERROR:get_ui_cards.cc(122)] Unexpected status code: -1
[Jan 12, 2026 8:19:37.0 PM GMT:ERROR:url_loader.cc(131)] Network error: net::ERR_NAME_NOT_RESOLVED
[Jan 12, 2026 8:19:37.0 PM GMT:ERROR:get_publisher.cc(169)] Unexpected HTTP status: -1
[Jan 12, 2026 8:20:58.5 PM GMT:ERROR:subdivision_url_request.cc(128)] Failed to fetch subdivision
[Jan 12, 2026 8:26:35.0 PM GMT:ERROR:url_loader.cc(131)] Network error: net::ERR_NAME_NOT_RESOLVED
[Jan 12, 2026 8:26:35.0 PM GMT:ERROR:get_parameters.cc(125)] Unexpected status code! (HTTP -1)
--------------------------------------------------------------------------------
[Jan 13, 2026 9:45:54.6 AM GMT:ERROR:url_loader.cc(131)] Network error: net::ERR_NAME_NOT_RESOLVED
[Jan 13, 2026 9:45:54.6 AM GMT:ERROR:get_parameters.cc(125)] Unexpected status code! (HTTP -1)
[Jan 13, 2026 9:45:54.6 AM GMT:ERROR:url_loader.cc(131)] Network error: net::ERR_NAME_NOT_RESOLVED
[Jan 13, 2026 9:45:54.6 AM GMT:ERROR:get_wallet.cc(89)] Unexpected status code! (HTTP -1)
[Jan 13, 2026 9:45:55.7 AM GMT:ERROR:conversion_resource.cc(68)] Failed to load and parse nnqccijfhvzwyrxpxwjrpmynaiazctqb conversion resource
[Jan 13, 2026 9:45:55.7 AM GMT:ERROR:creative_new_tab_page_ads_util.cc(159)] Successfully saved creative new tab page ads
[Jan 13, 2026 9:45:55.7 AM GMT:ERROR:creative_new_tab_page_ads_util.cc(144)] Successfully saved creative set conversions
[Jan 13, 2026 9:45:56.0 AM GMT:ERROR:subdivision_url_request.cc(128)] Failed to fetch subdivision
[Jan 13, 2026 9:45:56.0 AM GMT:ERROR:catalog_url_request.cc(144)] Failed to fetch catalog
[Jan 13, 2026 9:46:34.5 AM GMT:ERROR:catalog_url_request.cc(144)] Failed to fetch catalog
[Jan 13, 2026 9:47:10.9 AM GMT:ERROR:subdivision_url_request.cc(128)] Failed to fetch subdivision
[Jan 13, 2026 9:48:05.4 AM GMT:ERROR:catalog_url_request.cc(144)] Failed to fetch catalog
[Jan 13, 2026 9:49:48.0 AM GMT:ERROR:subdivision_url_request.cc(128)] Failed to fetch subdivision
[Jan 13, 2026 9:53:14.8 AM GMT:ERROR:catalog_url_request.cc(144)] Failed to fetch catalog
[Jan 13, 2026 9:53:30.4 AM GMT:ERROR:url_loader.cc(131)] Network error: net::ERR_NAME_NOT_RESOLVED
[Jan 13, 2026 9:53:30.4 AM GMT:ERROR:get_parameters.cc(125)] Unexpected status code! (HTTP -1)
[Jan 13, 2026 9:55:13.3 AM GMT:ERROR:subdivision_url_request.cc(128)] Failed to fetch subdivision
[Jan 13, 2026 9:56:00.4 AM GMT:ERROR:url_loader.cc(131)] Network error: net::ERR_NAME_NOT_RESOLVED
[Jan 13, 2026 9:56:00.4 AM GMT:ERROR:get_parameters.cc(125)] Unexpected status code! (HTTP -1)
--------------------------------------------------------------------------------
[Jan 13, 2026 10:00:08.5 AM GMT:ERROR:url_loader.cc(131)] Network error: net::ERR_NAME_NOT_RESOLVED
[Jan 13, 2026 10:00:08.5 AM GMT:ERROR:get_parameters.cc(125)] Unexpected status code! (HTTP -1)
[Jan 13, 2026 10:00:08.5 AM GMT:ERROR:url_loader.cc(131)] Network error: net::ERR_NAME_NOT_RESOLVED
[Jan 13, 2026 10:00:08.5 AM GMT:ERROR:get_wallet.cc(89)] Unexpected status code! (HTTP -1)
[Jan 13, 2026 10:00:09.4 AM GMT:ERROR:conversion_resource.cc(68)] Failed to load and parse nnqccijfhvzwyrxpxwjrpmynaiazctqb conversion resource
[Jan 13, 2026 10:00:09.5 AM GMT:ERROR:creative_new_tab_page_ads_util.cc(159)] Successfully saved creative new tab page ads
[Jan 13, 2026 10:00:09.5 AM GMT:ERROR:creative_new_tab_page_ads_util.cc(144)] Successfully saved creative set conversions
[Jan 13, 2026 10:00:09.7 AM GMT:ERROR:subdivision_url_request.cc(128)] Failed to fetch subdivision
[Jan 13, 2026 10:00:09.7 AM GMT:ERROR:catalog_url_request.cc(144)] Failed to fetch catalog
[Jan 13, 2026 10:00:49.7 AM GMT:ERROR:catalog_url_request.cc(144)] Failed to fetch catalog
[Jan 13, 2026 10:01:31.8 AM GMT:ERROR:subdivision_url_request.cc(128)] Failed to fetch subdivision
[Jan 13, 2026 10:02:47.2 AM GMT:ERROR:subdivision_url_request.cc(128)] Failed to fetch subdivision
[Jan 13, 2026 10:03:33.3 AM GMT:ERROR:catalog_url_request.cc(144)] Failed to fetch catalog
[Jan 13, 2026 10:05:42.5 AM GMT:ERROR:subdivision_url_request.cc(128)] Failed to fetch subdivision
[Jan 13, 2026 10:06:33.9 AM GMT:ERROR:catalog_url_request.cc(144)] Failed to fetch catalog
[Jan 13, 2026 10:13:58.5 AM GMT:ERROR:catalog_url_request.cc(144)] Failed to fetch catalog
[Jan 13, 2026 10:14:02.0 AM GMT:ERROR:subdivision_url_request.cc(128)] Failed to fetch subdivision
[Jan 13, 2026 10:16:15.5 AM GMT:ERROR:url_loader.cc(131)] Network error: net::ERR_NAME_NOT_RESOLVED
[Jan 13, 2026 10:16:15.5 AM GMT:ERROR:get_parameters.cc(125)] Unexpected status code! (HTTP -1)
[Jan 13, 2026 10:26:05.5 AM GMT:ERROR:subdivision_url_request.cc(128)] Failed to fetch subdivision
[Jan 13, 2026 10:30:23.6 AM GMT:ERROR:catalog_url_request.cc(144)] Failed to fetch catalog
[Jan 13, 2026 10:31:45.4 AM GMT:ERROR:url_loader.cc(131)] Network error: net::ERR_NAME_NOT_RESOLVED
[Jan 13, 2026 10:31:45.4 AM GMT:ERROR:get_parameters.cc(125)] Unexpected status code! (HTTP -1)
