2026-01-07 19:59:11.034 [info] [main] Log level: Info
2026-01-07 19:59:11.034 [info] [main] Validating found git in: "git"
2026-01-07 19:59:11.034 [info] [main] Using git "2.52.0" from "git"
2026-01-07 19:59:11.034 [info] [Model][doInitialScan] Initial repository scan started
2026-01-07 19:59:11.034 [info] > git rev-parse --show-toplevel [13ms]
2026-01-07 19:59:11.034 [info] > git rev-parse --git-dir --git-common-dir --show-superproject-working-tree [7ms]
2026-01-07 19:59:11.034 [info] [Model][openRepository] Opened repository (path): /home/ell/Documents/ai-content-gen
2026-01-07 19:59:11.034 [info] [Model][openRepository] Opened repository (real path): /home/ell/Documents/ai-content-gen
2026-01-07 19:59:11.034 [info] [Model][openRepository] Opened repository (kind): repository
2026-01-07 19:59:11.034 [info] > git rev-parse --show-toplevel [6ms]
2026-01-07 19:59:11.034 [info] > git config --get commit.template [12ms]
2026-01-07 19:59:11.034 [info] > git rev-parse --show-toplevel [8ms]
2026-01-07 19:59:11.034 [info] > git rev-parse --show-toplevel [2ms]
2026-01-07 19:59:11.034 [info] > git for-each-ref --format=%(refname)%00%(upstream:short)%00%(objectname)%00%(upstream:track)%00%(upstream:remotename)%00%(upstream:remoteref) refs/heads/dev refs/remotes/dev [12ms]
2026-01-07 19:59:11.034 [info] > git status -z -uall [30ms]
2026-01-07 19:59:11.034 [info] > git for-each-ref --sort -committerdate --format %(refname)%00%(objectname)%00%(*objectname) [24ms]
2026-01-07 19:59:11.034 [info] > git rev-parse --show-toplevel [73ms]
2026-01-07 19:59:11.034 [info] > git for-each-ref --format=%(refname)%00%(upstream:short)%00%(objectname)%00%(upstream:track)%00%(upstream:remotename)%00%(upstream:remoteref) refs/heads/dev refs/remotes/dev [31ms]
2026-01-07 19:59:11.035 [info] > git config --get --local branch.dev.vscode-merge-base [4ms]
2026-01-07 19:59:11.040 [info] > git rev-parse --show-toplevel [17ms]
2026-01-07 19:59:11.040 [info] > git config --get commit.template [20ms]
2026-01-07 19:59:11.054 [info] > git rev-parse --show-toplevel [6ms]
2026-01-07 19:59:11.054 [info] > git for-each-ref --format=%(refname)%00%(upstream:short)%00%(objectname)%00%(upstream:track)%00%(upstream:remotename)%00%(upstream:remoteref) refs/heads/origin/main refs/remotes/origin/main [14ms]
2026-01-07 19:59:11.067 [info] > git for-each-ref --format=%(refname)%00%(upstream:short)%00%(objectname)%00%(upstream:track)%00%(upstream:remotename)%00%(upstream:remoteref) refs/heads/dev refs/remotes/dev [14ms]
2026-01-07 19:59:11.069 [info] > git rev-parse --show-toplevel [1ms]
2026-01-07 19:59:11.069 [info] > git merge-base refs/heads/dev refs/remotes/origin/dev [9ms]
2026-01-07 19:59:11.081 [info] > git diff --name-status -z --diff-filter=ADMR --find-renames=50% 3de76e8c8070f5bfef607ac729c657919bbff977...refs/remotes/origin/dev -- [7ms]
2026-01-07 19:59:11.093 [info] > git status -z -uall [6ms]
2026-01-07 19:59:11.093 [info] > git rev-parse --show-toplevel [13ms]
2026-01-07 19:59:11.130 [info] > git for-each-ref --sort -committerdate --format %(refname)%00%(objectname)%00%(*objectname) [37ms]
2026-01-07 19:59:12.166 [info] > git rev-parse --show-toplevel [1038ms]
2026-01-07 19:59:12.168 [info] [Model][doInitialScan] Initial repository scan completed - repositories (1), closed repositories (0), parent repositories (0), unsafe repositories (0)
2026-01-07 19:59:12.603 [info] > git log --format=%H%n%aN%n%aE%n%at%n%ct%n%P%n%D%n%B -z --shortstat --diff-merges=first-parent -n50 --skip=0 --topo-order --decorate=full --stdin [388ms]
2026-01-07 19:59:12.707 [info] > git check-ignore -v -z --stdin [2ms]
2026-01-07 19:59:14.285 [info] > git merge-base dev origin/dev [1ms]
2026-01-07 19:59:17.951 [info] > git check-ignore -v -z --stdin [1ms]
2026-01-07 20:00:55.601 [info] > git add -A -- app/(pages)/_components/HydrateHistory.tsx [10ms]
2026-01-07 20:00:55.614 [info] > git config --get commit.template [6ms]
2026-01-07 20:00:55.614 [info] > git for-each-ref --format=%(refname)%00%(upstream:short)%00%(objectname)%00%(upstream:track)%00%(upstream:remotename)%00%(upstream:remoteref) refs/heads/dev refs/remotes/dev [1ms]
2026-01-07 20:00:55.627 [info] > git status -z -uall [7ms]
2026-01-07 20:00:55.628 [info] > git for-each-ref --sort -committerdate --format %(refname)%00%(objectname)%00%(*objectname) [2ms]
2026-01-07 20:00:56.702 [info] > git config --get commit.template [7ms]
2026-01-07 20:00:56.703 [info] > git for-each-ref --format=%(refname)%00%(upstream:short)%00%(objectname)%00%(upstream:track)%00%(upstream:remotename)%00%(upstream:remoteref) refs/heads/dev refs/remotes/dev [2ms]
2026-01-07 20:00:56.719 [info] > git status -z -uall [5ms]
2026-01-07 20:00:56.720 [info] > git for-each-ref --sort -committerdate --format %(refname)%00%(objectname)%00%(*objectname) [1ms]
2026-01-07 20:01:18.259 [info] > git -c user.useConfigOnly=true commit --quiet --allow-empty-message --file - [11ms]
2026-01-07 20:01:18.259 [info] Author identity unknown

*** Please tell me who you are.

Run

  git config --global user.email "you@example.com"
  git config --global user.name "Your Name"

to set your account's default identity.
Omit --global to set the identity only in this repository.

fatal: no email was given and auto-detection is disabled
2026-01-07 20:01:18.265 [info] > git config --get-all user.name [2ms]
2026-01-07 20:01:18.279 [info] > git config --get commit.template [6ms]
2026-01-07 20:01:18.281 [info] > git for-each-ref --format=%(refname)%00%(upstream:short)%00%(objectname)%00%(upstream:track)%00%(upstream:remotename)%00%(upstream:remoteref) refs/heads/dev refs/remotes/dev [3ms]
2026-01-07 20:01:18.296 [info] > git status -z -uall [6ms]
2026-01-07 20:01:18.297 [info] > git for-each-ref --sort -committerdate --format %(refname)%00%(objectname)%00%(*objectname) [2ms]
2026-01-07 20:01:19.358 [info] > git config --get commit.template [9ms]
2026-01-07 20:01:19.359 [info] > git for-each-ref --format=%(refname)%00%(upstream:short)%00%(objectname)%00%(upstream:track)%00%(upstream:remotename)%00%(upstream:remoteref) refs/heads/dev refs/remotes/dev [2ms]
2026-01-07 20:01:19.371 [info] > git status -z -uall [7ms]
2026-01-07 20:01:19.373 [info] > git for-each-ref --sort -committerdate --format %(refname)%00%(objectname)%00%(*objectname) [3ms]
2026-01-07 20:01:49.753 [info] > git -c user.useConfigOnly=true commit --quiet --allow-empty-message --file - [12ms]
2026-01-07 20:01:49.759 [info] > git config --get commit.template [1ms]
2026-01-07 20:01:49.771 [info] > git config --get commit.template [1ms]
2026-01-07 20:01:49.778 [info] > git for-each-ref --format=%(refname)%00%(upstream:short)%00%(objectname)%00%(upstream:track)%00%(upstream:remotename)%00%(upstream:remoteref) refs/heads/dev refs/remotes/dev [3ms]
2026-01-07 20:01:49.791 [info] > git status -z -uall [6ms]
2026-01-07 20:01:49.792 [info] > git for-each-ref --sort -committerdate --format %(refname)%00%(objectname)%00%(*objectname) [2ms]
2026-01-07 20:01:49.809 [info] > git merge-base refs/heads/dev refs/remotes/origin/dev [4ms]
2026-01-07 20:01:49.818 [info] > git diff --name-status -z --diff-filter=ADMR --find-renames=50% 3de76e8c8070f5bfef607ac729c657919bbff977...refs/remotes/origin/dev -- [3ms]
2026-01-07 20:01:49.869 [info] > git config --get commit.template [2ms]
2026-01-07 20:01:49.869 [info] > git log --format=%H%n%aN%n%aE%n%at%n%ct%n%P%n%D%n%B -z --shortstat --diff-merges=first-parent -n50 --skip=0 --topo-order --decorate=full --stdin [33ms]
2026-01-07 20:01:49.929 [info] > git merge-base dev origin/dev [5ms]
2026-01-07 20:01:49.931 [info] > git for-each-ref --format=%(refname)%00%(upstream:short)%00%(objectname)%00%(upstream:track)%00%(upstream:remotename)%00%(upstream:remoteref) refs/heads/dev refs/remotes/dev [3ms]
2026-01-07 20:01:49.942 [info] > git status -z -uall [4ms]
2026-01-07 20:01:49.943 [info] > git for-each-ref --sort -committerdate --format %(refname)%00%(objectname)%00%(*objectname) [2ms]
2026-01-07 20:03:35.604 [info] > git push origin dev:dev [2227ms]
2026-01-07 20:03:35.604 [info] To https://github.com/Aiden-Keen/AI-Content-Gen.git
   3de76e8..49b1559  dev -> dev
2026-01-07 20:03:35.618 [info] > git config --get commit.template [6ms]
2026-01-07 20:03:35.618 [info] > git for-each-ref --format=%(refname)%00%(upstream:short)%00%(objectname)%00%(upstream:track)%00%(upstream:remotename)%00%(upstream:remoteref) refs/heads/dev refs/remotes/dev [1ms]
2026-01-07 20:03:35.632 [info] > git status -z -uall [8ms]
2026-01-07 20:03:35.634 [info] > git for-each-ref --sort -committerdate --format %(refname)%00%(objectname)%00%(*objectname) [3ms]
2026-01-07 20:03:35.647 [info] > git merge-base refs/heads/dev refs/remotes/origin/dev [3ms]
2026-01-07 20:03:35.655 [info] > git diff --name-status -z --diff-filter=ADMR --find-renames=50% 49b15592898787761ac2ae8425d14096c7667df4...refs/remotes/origin/dev -- [2ms]
2026-01-07 20:03:35.687 [info] > git log --format=%H%n%aN%n%aE%n%at%n%ct%n%P%n%D%n%B -z --shortstat --diff-merges=first-parent -n50 --skip=0 --topo-order --decorate=full --stdin [23ms]
2026-01-07 20:03:35.749 [info] > git merge-base dev origin/dev [2ms]
2026-01-07 20:03:39.420 [info] > git config --get commit.template [8ms]
2026-01-07 20:03:39.421 [info] > git for-each-ref --format=%(refname)%00%(upstream:short)%00%(objectname)%00%(upstream:track)%00%(upstream:remotename)%00%(upstream:remoteref) refs/heads/dev refs/remotes/dev [2ms]
2026-01-07 20:03:39.434 [info] > git status -z -uall [6ms]
2026-01-07 20:03:39.435 [info] > git for-each-ref --sort -committerdate --format %(refname)%00%(objectname)%00%(*objectname) [2ms]
2026-01-07 20:04:07.387 [info] > git show --textconv HEAD:app/(pages)/history/page.tsx [6ms]
2026-01-07 20:04:07.389 [info] > git ls-tree -l HEAD -- app/(pages)/history/page.tsx [2ms]
2026-01-07 20:04:07.918 [info] > git check-ignore -v -z --stdin [6ms]
2026-01-07 20:04:08.141 [info] > git blame --root --incremental 49b15592898787761ac2ae8425d14096c7667df4 -- app/(pages)/history/page.tsx [92ms]
2026-01-07 20:04:09.244 [info] > git check-ignore -v -z --stdin [2ms]
2026-01-07 20:04:18.469 [info] > git show --textconv :app/(pages)/history/page.tsx [13ms]
2026-01-07 20:04:18.472 [info] > git ls-files --stage -- app/(pages)/history/page.tsx [5ms]
2026-01-07 20:04:18.481 [info] > git cat-file -s f8ef1a7e2ed11a6f97fa926362c0443905878b2a [1ms]
2026-01-07 20:04:25.369 [info] > git ls-tree -l HEAD -- app/(pages)/history/page.tsx [3ms]
2026-01-07 20:04:35.943 [info] > git show --textconv HEAD:app/(pages)/history/page.tsx [6ms]
2026-01-07 20:04:35.945 [info] > git ls-tree -l HEAD -- app/(pages)/history/page.tsx [2ms]
2026-01-07 20:04:48.708 [info] > git show --textconv :app/(pages)/history/page.tsx [9ms]
2026-01-07 20:04:48.709 [info] > git ls-files --stage -- app/(pages)/history/page.tsx [2ms]
2026-01-07 20:04:48.714 [info] > git cat-file -s f8ef1a7e2ed11a6f97fa926362c0443905878b2a [1ms]
2026-01-07 20:05:04.338 [info] > git add -A -- app/api/webhooks/user/route.ts [2ms]
2026-01-07 20:05:04.346 [info] > git config --get commit.template [2ms]
2026-01-07 20:05:04.354 [info] > git for-each-ref --format=%(refname)%00%(upstream:short)%00%(objectname)%00%(upstream:track)%00%(upstream:remotename)%00%(upstream:remoteref) refs/heads/dev refs/remotes/dev [1ms]
2026-01-07 20:05:04.366 [info] > git status -z -uall [5ms]
2026-01-07 20:05:04.367 [info] > git for-each-ref --sort -committerdate --format %(refname)%00%(objectname)%00%(*objectname) [2ms]
2026-01-07 20:05:05.430 [info] > git config --get commit.template [8ms]
2026-01-07 20:05:05.431 [info] > git for-each-ref --format=%(refname)%00%(upstream:short)%00%(objectname)%00%(upstream:track)%00%(upstream:remotename)%00%(upstream:remoteref) refs/heads/dev refs/remotes/dev [2ms]
2026-01-07 20:05:05.442 [info] > git status -z -uall [7ms]
2026-01-07 20:05:05.443 [info] > git for-each-ref --sort -committerdate --format %(refname)%00%(objectname)%00%(*objectname) [2ms]
2026-01-07 20:05:10.463 [info] > git config --get commit.template [7ms]
2026-01-07 20:05:10.464 [info] > git for-each-ref --format=%(refname)%00%(upstream:short)%00%(objectname)%00%(upstream:track)%00%(upstream:remotename)%00%(upstream:remoteref) refs/heads/dev refs/remotes/dev [2ms]
2026-01-07 20:05:10.475 [info] > git status -z -uall [6ms]
2026-01-07 20:05:10.476 [info] > git for-each-ref --sort -committerdate --format %(refname)%00%(objectname)%00%(*objectname) [2ms]
2026-01-07 20:06:14.028 [info] > git -c user.useConfigOnly=true commit --quiet --allow-empty-message --file - [15ms]
2026-01-07 20:06:14.036 [info] > git config --get commit.template [2ms]
2026-01-07 20:06:14.051 [info] > git config --get commit.template [8ms]
2026-01-07 20:06:14.053 [info] > git for-each-ref --format=%(refname)%00%(upstream:short)%00%(objectname)%00%(upstream:track)%00%(upstream:remotename)%00%(upstream:remoteref) refs/heads/dev refs/remotes/dev [2ms]
2026-01-07 20:06:14.068 [info] > git status -z -uall [10ms]
2026-01-07 20:06:14.070 [info] > git for-each-ref --sort -committerdate --format %(refname)%00%(objectname)%00%(*objectname) [5ms]
2026-01-07 20:06:14.085 [info] > git merge-base refs/heads/dev refs/remotes/origin/dev [6ms]
2026-01-07 20:06:14.092 [info] > git diff --name-status -z --diff-filter=ADMR --find-renames=50% 49b15592898787761ac2ae8425d14096c7667df4...refs/remotes/origin/dev -- [2ms]
2026-01-07 20:06:14.148 [info] > git config --get commit.template [8ms]
2026-01-07 20:06:14.151 [info] > git for-each-ref --format=%(refname)%00%(upstream:short)%00%(objectname)%00%(upstream:track)%00%(upstream:remotename)%00%(upstream:remoteref) refs/heads/dev refs/remotes/dev [6ms]
2026-01-07 20:06:14.152 [info] > git log --format=%H%n%aN%n%aE%n%at%n%ct%n%P%n%D%n%B -z --shortstat --diff-merges=first-parent -n50 --skip=0 --topo-order --decorate=full --stdin [31ms]
2026-01-07 20:06:14.212 [info] > git status -z -uall [6ms]
2026-01-07 20:06:14.212 [info] > git merge-base dev origin/dev [11ms]
2026-01-07 20:06:14.214 [info] > git for-each-ref --sort -committerdate --format %(refname)%00%(objectname)%00%(*objectname) [3ms]
2026-01-07 20:06:16.255 [info] > git config --get commit.template [8ms]
2026-01-07 20:06:16.256 [info] > git for-each-ref --format=%(refname)%00%(upstream:short)%00%(objectname)%00%(upstream:track)%00%(upstream:remotename)%00%(upstream:remoteref) refs/heads/dev refs/remotes/dev [2ms]
2026-01-07 20:06:16.269 [info] > git status -z -uall [8ms]
2026-01-07 20:06:16.270 [info] > git for-each-ref --sort -committerdate --format %(refname)%00%(objectname)%00%(*objectname) [2ms]
2026-01-07 20:06:22.944 [info] > git check-ignore -v -z --stdin [1ms]
2026-01-07 20:06:24.584 [info] > git show --textconv :.clerk/.tmp/keyless.json [6ms]
2026-01-07 20:06:24.592 [info] > git ls-files --stage -- .clerk/.tmp/keyless.json [10ms]
2026-01-07 20:06:24.598 [info] > git hash-object -t tree /dev/null [6ms]
2026-01-07 20:06:24.598 [warning] [GitFileSystemProvider][readFile] File not found - git:/home/ell/Documents/ai-content-gen/.clerk/.tmp/keyless.json.git?%7B%22path%22%3A%22%2Fhome%2Fell%2FDocuments%2Fai-content-gen%2F.clerk%2F.tmp%2Fkeyless.json%22%2C%22ref%22%3A%22%22%7D
2026-01-07 20:06:24.605 [info] > git hash-object -t tree /dev/null [7ms]
2026-01-07 20:06:24.605 [warning] [GitFileSystemProvider][stat] File not found - git:/home/ell/Documents/ai-content-gen/.clerk/.tmp/keyless.json.git?%7B%22path%22%3A%22%2Fhome%2Fell%2FDocuments%2Fai-content-gen%2F.clerk%2F.tmp%2Fkeyless.json%22%2C%22ref%22%3A%22%22%7D
2026-01-07 20:07:12.001 [info] > git add -A -- .gitignore [3ms]
2026-01-07 20:07:12.012 [info] > git config --get commit.template [4ms]
2026-01-07 20:07:12.013 [info] > git for-each-ref --format=%(refname)%00%(upstream:short)%00%(objectname)%00%(upstream:track)%00%(upstream:remotename)%00%(upstream:remoteref) refs/heads/dev refs/remotes/dev [2ms]
2026-01-07 20:07:12.024 [info] > git status -z -uall [5ms]
2026-01-07 20:07:12.025 [info] > git for-each-ref --sort -committerdate --format %(refname)%00%(objectname)%00%(*objectname) [1ms]
2026-01-07 20:07:13.091 [info] > git config --get commit.template [7ms]
2026-01-07 20:07:13.091 [info] > git for-each-ref --format=%(refname)%00%(upstream:short)%00%(objectname)%00%(upstream:track)%00%(upstream:remotename)%00%(upstream:remoteref) refs/heads/dev refs/remotes/dev [1ms]
2026-01-07 20:07:13.106 [info] > git status -z -uall [9ms]
2026-01-07 20:07:13.108 [info] > git for-each-ref --sort -committerdate --format %(refname)%00%(objectname)%00%(*objectname) [4ms]
2026-01-07 20:07:13.147 [info] > git show --textconv HEAD:.gitignore [20ms]
2026-01-07 20:07:13.147 [info] > git show --textconv :.gitignore [14ms]
2026-01-07 20:07:13.147 [info] > git ls-tree -l HEAD -- .gitignore [6ms]
2026-01-07 20:07:13.152 [info] > git ls-files --stage -- .gitignore [6ms]
2026-01-07 20:07:13.160 [info] > git cat-file -s 5cdbe9134ed1f657e1663d6acac6a8fe303bad83 [3ms]
2026-01-07 20:07:13.238 [info] > git ls-tree -l HEAD -- .gitignore [9ms]
2026-01-07 20:07:13.239 [info] > git blame --root --incremental c5209d9c8d8349d5981cb685c3a6f7bf502312ea -- .gitignore [28ms]
2026-01-07 20:07:13.239 [info] > git ls-files --stage -- .gitignore [3ms]
2026-01-07 20:07:13.244 [info] > git cat-file -s 5cdbe9134ed1f657e1663d6acac6a8fe303bad83 [1ms]
2026-01-07 20:07:13.328 [info] > git show --textconv HEAD:.gitignore [6ms]
2026-01-07 20:07:13.329 [info] > git show --textconv :.gitignore [2ms]
2026-01-07 20:07:13.659 [info] > git check-ignore -v -z --stdin [1ms]
2026-01-07 20:07:18.127 [info] > git config --get commit.template [6ms]
2026-01-07 20:07:18.128 [info] > git for-each-ref --format=%(refname)%00%(upstream:short)%00%(objectname)%00%(upstream:track)%00%(upstream:remotename)%00%(upstream:remoteref) refs/heads/dev refs/remotes/dev [1ms]
2026-01-07 20:07:18.139 [info] > git status -z -uall [6ms]
2026-01-07 20:07:18.141 [info] > git for-each-ref --sort -committerdate --format %(refname)%00%(objectname)%00%(*objectname) [2ms]
2026-01-07 20:07:38.039 [info] > git ls-tree -l HEAD -- .gitignore [6ms]
2026-01-07 20:07:38.040 [info] > git ls-files --stage -- .gitignore [2ms]
2026-01-07 20:07:38.051 [info] > git cat-file -s 5cdbe9134ed1f657e1663d6acac6a8fe303bad83 [2ms]
2026-01-07 20:07:48.299 [info] > git ls-tree -l HEAD -- .gitignore [8ms]
2026-01-07 20:07:48.302 [info] > git ls-files --stage -- .gitignore [3ms]
2026-01-07 20:07:48.309 [info] > git cat-file -s 5cdbe9134ed1f657e1663d6acac6a8fe303bad83 [1ms]
2026-01-07 20:08:10.203 [info] > git -c user.useConfigOnly=true commit --quiet --allow-empty-message --file - [10ms]
2026-01-07 20:08:10.211 [info] > git config --get commit.template [2ms]
2026-01-07 20:08:10.217 [info] > git config --get commit.template [1ms]
2026-01-07 20:08:10.226 [info] > git for-each-ref --format=%(refname)%00%(upstream:short)%00%(objectname)%00%(upstream:track)%00%(upstream:remotename)%00%(upstream:remoteref) refs/heads/dev refs/remotes/dev [3ms]
2026-01-07 20:08:10.238 [info] > git status -z -uall [7ms]
2026-01-07 20:08:10.241 [info] > git for-each-ref --sort -committerdate --format %(refname)%00%(objectname)%00%(*objectname) [4ms]
2026-01-07 20:08:10.260 [info] > git merge-base refs/heads/dev refs/remotes/origin/dev [3ms]
2026-01-07 20:08:10.266 [info] > git blame --root --incremental 821c4b6653bd82e079f097082c05457ebe3e3106 -- .gitignore [16ms]
2026-01-07 20:08:10.269 [info] > git diff --name-status -z --diff-filter=ADMR --find-renames=50% 49b15592898787761ac2ae8425d14096c7667df4...refs/remotes/origin/dev -- [4ms]
2026-01-07 20:08:10.324 [info] > git log --format=%H%n%aN%n%aE%n%at%n%ct%n%P%n%D%n%B -z --shortstat --diff-merges=first-parent -n50 --skip=0 --topo-order --decorate=full --stdin [24ms]
2026-01-07 20:08:10.430 [info] > git config --get commit.template [1ms]
2026-01-07 20:08:10.430 [info] > git merge-base dev origin/dev [25ms]
2026-01-07 20:08:10.446 [info] > git for-each-ref --format=%(refname)%00%(upstream:short)%00%(objectname)%00%(upstream:track)%00%(upstream:remotename)%00%(upstream:remoteref) refs/heads/dev refs/remotes/dev [7ms]
2026-01-07 20:08:10.469 [info] > git status -z -uall [11ms]
2026-01-07 20:08:10.469 [info] > git for-each-ref --sort -committerdate --format %(refname)%00%(objectname)%00%(*objectname) [3ms]
2026-01-07 20:08:11.500 [info] > git ls-tree -l HEAD -- .gitignore [5ms]
2026-01-07 20:08:11.501 [info] > git ls-files --stage -- .gitignore [1ms]
2026-01-07 20:08:11.509 [info] > git cat-file -s 5cdbe9134ed1f657e1663d6acac6a8fe303bad83 [5ms]
2026-01-07 20:08:11.510 [info] > git show --textconv HEAD:.gitignore [1ms]
2026-01-07 20:08:11.519 [info] > git show --textconv :.gitignore [3ms]
2026-01-07 20:08:12.498 [info] > git config --get commit.template [3ms]
2026-01-07 20:08:12.504 [info] > git for-each-ref --format=%(refname)%00%(upstream:short)%00%(objectname)%00%(upstream:track)%00%(upstream:remotename)%00%(upstream:remoteref) refs/heads/dev refs/remotes/dev [2ms]
2026-01-07 20:08:12.515 [info] > git status -z -uall [5ms]
2026-01-07 20:08:12.516 [info] > git for-each-ref --sort -committerdate --format %(refname)%00%(objectname)%00%(*objectname) [2ms]
2026-01-07 20:14:24.303 [info] > git ls-tree -l HEAD -- .gitignore [8ms]
2026-01-07 20:14:24.304 [info] > git ls-files --stage -- .gitignore [3ms]
2026-01-07 20:14:24.314 [info] > git cat-file -s 5cdbe9134ed1f657e1663d6acac6a8fe303bad83 [3ms]
2026-01-07 20:18:57.590 [info] > git ls-tree -l HEAD -- .gitignore [14ms]
2026-01-07 20:18:57.592 [info] > git ls-files --stage -- .gitignore [3ms]
2026-01-07 20:18:57.605 [info] > git cat-file -s 5cdbe9134ed1f657e1663d6acac6a8fe303bad83 [2ms]
2026-01-07 20:24:04.844 [info] > git ls-files --stage -- .gitignore [1ms]
2026-01-07 20:24:04.849 [info] > git ls-tree -l HEAD -- .gitignore [15ms]
2026-01-07 20:24:04.850 [info] > git config --get commit.template [23ms]
2026-01-07 20:24:04.852 [info] > git cat-file -s 5cdbe9134ed1f657e1663d6acac6a8fe303bad83 [3ms]
2026-01-07 20:24:04.861 [info] > git for-each-ref --format=%(refname)%00%(upstream:short)%00%(objectname)%00%(upstream:track)%00%(upstream:remotename)%00%(upstream:remoteref) refs/heads/dev refs/remotes/dev [2ms]
2026-01-07 20:24:04.873 [info] > git status -z -uall [7ms]
2026-01-07 20:24:04.876 [info] > git for-each-ref --sort -committerdate --format %(refname)%00%(objectname)%00%(*objectname) [3ms]
2026-01-07 20:24:11.279 [info] > git ls-tree -l HEAD -- .gitignore [17ms]
2026-01-07 20:24:11.280 [info] > git config --get commit.template [2ms]
2026-01-07 20:24:11.280 [info] > git ls-files --stage -- .gitignore [9ms]
2026-01-07 20:24:11.288 [info] > git cat-file -s 5cdbe9134ed1f657e1663d6acac6a8fe303bad83 [4ms]
2026-01-07 20:24:11.290 [info] > git for-each-ref --format=%(refname)%00%(upstream:short)%00%(objectname)%00%(upstream:track)%00%(upstream:remotename)%00%(upstream:remoteref) refs/heads/dev refs/remotes/dev [2ms]
2026-01-07 20:24:11.301 [info] > git status -z -uall [5ms]
2026-01-07 20:24:11.302 [info] > git for-each-ref --sort -committerdate --format %(refname)%00%(objectname)%00%(*objectname) [2ms]
2026-01-07 20:24:14.092 [info] > git show --textconv HEAD:app/layout.tsx [5ms]
2026-01-07 20:24:14.094 [info] > git ls-tree -l HEAD -- app/layout.tsx [2ms]
2026-01-07 20:24:14.401 [info] > git blame --root --incremental 821c4b6653bd82e079f097082c05457ebe3e3106 -- app/layout.tsx [17ms]
2026-01-07 20:24:18.350 [info] > git add -A -- app/layout.tsx [3ms]
2026-01-07 20:24:18.363 [info] > git config --get commit.template [6ms]
2026-01-07 20:24:18.364 [info] > git for-each-ref --format=%(refname)%00%(upstream:short)%00%(objectname)%00%(upstream:track)%00%(upstream:remotename)%00%(upstream:remoteref) refs/heads/dev refs/remotes/dev [2ms]
2026-01-07 20:24:18.373 [info] > git status -z -uall [5ms]
2026-01-07 20:24:18.375 [info] > git for-each-ref --sort -committerdate --format %(refname)%00%(objectname)%00%(*objectname) [2ms]
2026-01-07 20:24:18.721 [info] > git show --textconv HEAD:app/layout.tsx [5ms]
2026-01-07 20:24:18.722 [info] > git ls-tree -l HEAD -- app/layout.tsx [2ms]
2026-01-07 20:24:19.444 [info] > git config --get commit.template [5ms]
2026-01-07 20:24:19.447 [info] > git for-each-ref --format=%(refname)%00%(upstream:short)%00%(objectname)%00%(upstream:track)%00%(upstream:remotename)%00%(upstream:remoteref) refs/heads/dev refs/remotes/dev [3ms]
2026-01-07 20:24:19.457 [info] > git status -z -uall [5ms]
2026-01-07 20:24:19.459 [info] > git for-each-ref --sort -committerdate --format %(refname)%00%(objectname)%00%(*objectname) [2ms]
2026-01-07 20:24:19.540 [info] > git ls-files --stage -- app/layout.tsx [4ms]
2026-01-07 20:24:19.545 [info] > git ls-tree -l HEAD -- app/layout.tsx [5ms]
2026-01-07 20:24:19.551 [info] > git cat-file -s 2ccdad8ddcf522543dda704bf72564e0961e4f2e [7ms]
2026-01-07 20:24:19.552 [info] > git show --textconv HEAD:app/layout.tsx [1ms]
2026-01-07 20:24:19.558 [info] > git show --textconv :app/layout.tsx [1ms]
2026-01-07 20:24:24.477 [info] > git config --get commit.template [5ms]
2026-01-07 20:24:24.478 [info] > git for-each-ref --format=%(refname)%00%(upstream:short)%00%(objectname)%00%(upstream:track)%00%(upstream:remotename)%00%(upstream:remoteref) refs/heads/dev refs/remotes/dev [1ms]
2026-01-07 20:24:24.488 [info] > git status -z -uall [5ms]
2026-01-07 20:24:24.490 [info] > git for-each-ref --sort -committerdate --format %(refname)%00%(objectname)%00%(*objectname) [2ms]
2026-01-07 20:24:32.874 [info] > git -c user.useConfigOnly=true commit --quiet --allow-empty-message --file - [11ms]
2026-01-07 20:24:32.883 [info] > git config --get commit.template [2ms]
2026-01-07 20:24:32.896 [info] > git config --get commit.template [6ms]
2026-01-07 20:24:32.897 [info] > git for-each-ref --format=%(refname)%00%(upstream:short)%00%(objectname)%00%(upstream:track)%00%(upstream:remotename)%00%(upstream:remoteref) refs/heads/dev refs/remotes/dev [1ms]
2026-01-07 20:24:32.909 [info] > git status -z -uall [6ms]
2026-01-07 20:24:32.910 [info] > git for-each-ref --sort -committerdate --format %(refname)%00%(objectname)%00%(*objectname) [2ms]
2026-01-07 20:24:32.929 [info] > git merge-base refs/heads/dev refs/remotes/origin/dev [3ms]
2026-01-07 20:24:32.934 [info] > git blame --root --incremental 0e3621fe28b865903ce5562d2af8f0df7d70ae7a -- app/layout.tsx [16ms]
2026-01-07 20:24:32.938 [info] > git diff --name-status -z --diff-filter=ADMR --find-renames=50% 49b15592898787761ac2ae8425d14096c7667df4...refs/remotes/origin/dev -- [5ms]
2026-01-07 20:24:33.010 [info] > git log --format=%H%n%aN%n%aE%n%at%n%ct%n%P%n%D%n%B -z --shortstat --diff-merges=first-parent -n50 --skip=0 --topo-order --decorate=full --stdin [25ms]
2026-01-07 20:24:33.069 [info] > git config --get commit.template [8ms]
2026-01-07 20:24:33.074 [info] > git merge-base dev origin/dev [6ms]
2026-01-07 20:24:33.076 [info] > git for-each-ref --format=%(refname)%00%(upstream:short)%00%(objectname)%00%(upstream:track)%00%(upstream:remotename)%00%(upstream:remoteref) refs/heads/dev refs/remotes/dev [2ms]
2026-01-07 20:24:33.085 [info] > git status -z -uall [5ms]
2026-01-07 20:24:33.088 [info] > git for-each-ref --sort -committerdate --format %(refname)%00%(objectname)%00%(*objectname) [4ms]
2026-01-07 20:24:34.121 [info] > git ls-tree -l HEAD -- app/layout.tsx [5ms]
2026-01-07 20:24:34.122 [info] > git ls-tree -l HEAD -- app/layout.tsx [2ms]
2026-01-07 20:24:34.132 [info] > git show --textconv HEAD:app/layout.tsx [6ms]
2026-01-07 20:24:34.133 [info] > git show --textconv HEAD:app/layout.tsx [2ms]
2026-01-07 20:24:35.122 [info] > git config --get commit.template [6ms]
2026-01-07 20:24:35.123 [info] > git for-each-ref --format=%(refname)%00%(upstream:short)%00%(objectname)%00%(upstream:track)%00%(upstream:remotename)%00%(upstream:remoteref) refs/heads/dev refs/remotes/dev [2ms]
2026-01-07 20:24:35.135 [info] > git status -z -uall [6ms]
2026-01-07 20:24:35.137 [info] > git for-each-ref --sort -committerdate --format %(refname)%00%(objectname)%00%(*objectname) [2ms]
2026-01-07 20:24:35.155 [info] > git show --textconv HEAD:app/(pages)/layout.tsx [6ms]
2026-01-07 20:24:35.157 [info] > git ls-tree -l HEAD -- app/(pages)/layout.tsx [2ms]
2026-01-07 20:24:35.247 [info] > git blame --root --incremental 0e3621fe28b865903ce5562d2af8f0df7d70ae7a -- app/(pages)/layout.tsx [15ms]
2026-01-07 20:24:39.583 [info] > git add -A -- app/(pages)/layout.tsx [5ms]
2026-01-07 20:24:39.598 [info] > git config --get commit.template [4ms]
2026-01-07 20:24:39.599 [info] > git for-each-ref --format=%(refname)%00%(upstream:short)%00%(objectname)%00%(upstream:track)%00%(upstream:remotename)%00%(upstream:remoteref) refs/heads/dev refs/remotes/dev [1ms]
2026-01-07 20:24:39.609 [info] > git status -z -uall [5ms]
2026-01-07 20:24:39.611 [info] > git for-each-ref --sort -committerdate --format %(refname)%00%(objectname)%00%(*objectname) [2ms]
2026-01-07 20:24:39.939 [info] > git show --textconv HEAD:app/(pages)/layout.tsx [8ms]
2026-01-07 20:24:39.940 [info] > git ls-tree -l HEAD -- app/(pages)/layout.tsx [2ms]
2026-01-07 20:24:40.678 [info] > git config --get commit.template [6ms]
2026-01-07 20:24:40.679 [info] > git for-each-ref --format=%(refname)%00%(upstream:short)%00%(objectname)%00%(upstream:track)%00%(upstream:remotename)%00%(upstream:remoteref) refs/heads/dev refs/remotes/dev [2ms]
2026-01-07 20:24:40.690 [info] > git status -z -uall [6ms]
2026-01-07 20:24:40.691 [info] > git for-each-ref --sort -committerdate --format %(refname)%00%(objectname)%00%(*objectname) [2ms]
2026-01-07 20:24:40.775 [info] > git ls-files --stage -- app/(pages)/layout.tsx [6ms]
2026-01-07 20:24:40.780 [info] > git ls-tree -l HEAD -- app/(pages)/layout.tsx [5ms]
2026-01-07 20:24:40.781 [info] > git cat-file -s c54f5b5fea5d823459ed1006d3a30cd07954af69 [2ms]
2026-01-07 20:24:40.791 [info] > git show --textconv HEAD:app/(pages)/layout.tsx [6ms]
2026-01-07 20:24:40.797 [info] > git show --textconv :app/(pages)/layout.tsx [6ms]
2026-01-07 20:24:45.710 [info] > git config --get commit.template [6ms]
2026-01-07 20:24:45.711 [info] > git for-each-ref --format=%(refname)%00%(upstream:short)%00%(objectname)%00%(upstream:track)%00%(upstream:remotename)%00%(upstream:remoteref) refs/heads/dev refs/remotes/dev [2ms]
2026-01-07 20:24:45.719 [info] > git status -z -uall [4ms]
2026-01-07 20:24:45.720 [info] > git for-each-ref --sort -committerdate --format %(refname)%00%(objectname)%00%(*objectname) [2ms]
2026-01-07 20:25:04.440 [info] > git -c user.useConfigOnly=true commit --quiet --allow-empty-message --file - [10ms]
2026-01-07 20:25:04.445 [info] > git config --get commit.template [1ms]
2026-01-07 20:25:04.456 [info] > git config --get commit.template [4ms]
2026-01-07 20:25:04.457 [info] > git for-each-ref --format=%(refname)%00%(upstream:short)%00%(objectname)%00%(upstream:track)%00%(upstream:remotename)%00%(upstream:remoteref) refs/heads/dev refs/remotes/dev [2ms]
2026-01-07 20:25:04.467 [info] > git status -z -uall [6ms]
2026-01-07 20:25:04.468 [info] > git for-each-ref --sort -committerdate --format %(refname)%00%(objectname)%00%(*objectname) [2ms]
2026-01-07 20:25:04.488 [info] > git merge-base refs/heads/dev refs/remotes/origin/dev [6ms]
2026-01-07 20:25:04.493 [info] > git blame --root --incremental 83b755410c3e396ecd68b1c20189261fa266706f -- app/(pages)/layout.tsx [18ms]
2026-01-07 20:25:04.494 [info] > git diff --name-status -z --diff-filter=ADMR --find-renames=50% 49b15592898787761ac2ae8425d14096c7667df4...refs/remotes/origin/dev -- [1ms]
2026-01-07 20:25:04.589 [info] > git config --get commit.template [2ms]
2026-01-07 20:25:04.589 [info] > git log --format=%H%n%aN%n%aE%n%at%n%ct%n%P%n%D%n%B -z --shortstat --diff-merges=first-parent -n50 --skip=0 --topo-order --decorate=full --stdin [28ms]
2026-01-07 20:25:04.639 [info] > git for-each-ref --format=%(refname)%00%(upstream:short)%00%(objectname)%00%(upstream:track)%00%(upstream:remotename)%00%(upstream:remoteref) refs/heads/dev refs/remotes/dev [3ms]
2026-01-07 20:25:04.654 [info] > git status -z -uall [10ms]
2026-01-07 20:25:04.655 [info] > git for-each-ref --sort -committerdate --format %(refname)%00%(objectname)%00%(*objectname) [2ms]
2026-01-07 20:25:04.750 [info] > git merge-base dev origin/dev [2ms]
2026-01-07 20:25:05.695 [info] > git ls-tree -l HEAD -- app/(pages)/layout.tsx [6ms]
2026-01-07 20:25:05.696 [info] > git ls-tree -l HEAD -- app/(pages)/layout.tsx [2ms]
2026-01-07 20:25:05.710 [info] > git show --textconv HEAD:app/(pages)/layout.tsx [5ms]
2026-01-07 20:25:05.711 [info] > git show --textconv HEAD:app/(pages)/layout.tsx [2ms]
2026-01-07 20:25:06.700 [info] > git config --get commit.template [7ms]
2026-01-07 20:25:06.701 [info] > git for-each-ref --format=%(refname)%00%(upstream:short)%00%(objectname)%00%(upstream:track)%00%(upstream:remotename)%00%(upstream:remoteref) refs/heads/dev refs/remotes/dev [2ms]
2026-01-07 20:25:06.715 [info] > git status -z -uall [8ms]
2026-01-07 20:25:06.717 [info] > git for-each-ref --sort -committerdate --format %(refname)%00%(objectname)%00%(*objectname) [3ms]
2026-01-07 20:25:37.115 [info] > git push origin dev:dev [1971ms]
2026-01-07 20:25:37.115 [info] To https://github.com/Aiden-Keen/AI-Content-Gen.git
   49b1559..83b7554  dev -> dev
2026-01-07 20:25:37.126 [info] > git config --get commit.template [6ms]
2026-01-07 20:25:37.127 [info] > git for-each-ref --format=%(refname)%00%(upstream:short)%00%(objectname)%00%(upstream:track)%00%(upstream:remotename)%00%(upstream:remoteref) refs/heads/dev refs/remotes/dev [2ms]
2026-01-07 20:25:37.139 [info] > git status -z -uall [7ms]
2026-01-07 20:25:37.140 [info] > git for-each-ref --sort -committerdate --format %(refname)%00%(objectname)%00%(*objectname) [2ms]
2026-01-07 20:25:37.153 [info] > git merge-base refs/heads/dev refs/remotes/origin/dev [4ms]
2026-01-07 20:25:37.160 [info] > git diff --name-status -z --diff-filter=ADMR --find-renames=50% 83b755410c3e396ecd68b1c20189261fa266706f...refs/remotes/origin/dev -- [2ms]
2026-01-07 20:25:37.190 [info] > git log --format=%H%n%aN%n%aE%n%at%n%ct%n%P%n%D%n%B -z --shortstat --diff-merges=first-parent -n50 --skip=0 --topo-order --decorate=full --stdin [23ms]
2026-01-07 20:25:37.246 [info] > git merge-base dev origin/dev [6ms]
2026-01-07 20:25:38.200 [info] > git config --get commit.template [5ms]
2026-01-07 20:25:38.201 [info] > git for-each-ref --format=%(refname)%00%(upstream:short)%00%(objectname)%00%(upstream:track)%00%(upstream:remotename)%00%(upstream:remoteref) refs/heads/dev refs/remotes/dev [1ms]
2026-01-07 20:25:38.212 [info] > git status -z -uall [5ms]
2026-01-07 20:25:38.214 [info] > git for-each-ref --sort -committerdate --format %(refname)%00%(objectname)%00%(*objectname) [3ms]
2026-01-07 20:25:38.305 [info] > git ls-tree -l HEAD -- app/(pages)/layout.tsx [6ms]
2026-01-07 20:25:38.306 [info] > git ls-tree -l HEAD -- app/(pages)/layout.tsx [2ms]
2026-01-07 20:25:38.318 [info] > git show --textconv HEAD:app/(pages)/layout.tsx [7ms]
2026-01-07 20:25:38.323 [info] > git show --textconv HEAD:app/(pages)/layout.tsx [5ms]
2026-01-07 20:25:43.235 [info] > git config --get commit.template [7ms]
2026-01-07 20:25:43.236 [info] > git for-each-ref --format=%(refname)%00%(upstream:short)%00%(objectname)%00%(upstream:track)%00%(upstream:remotename)%00%(upstream:remoteref) refs/heads/dev refs/remotes/dev [1ms]
2026-01-07 20:25:43.245 [info] > git status -z -uall [5ms]
2026-01-07 20:25:43.246 [info] > git for-each-ref --sort -committerdate --format %(refname)%00%(objectname)%00%(*objectname) [2ms]
