2026-01-11 22:30:11.956 [info] [main] Log level: Info
2026-01-11 22:30:11.956 [info] [main] Validating found git in: "git"
2026-01-11 22:30:11.956 [info] [main] Using git "2.52.0" from "git"
2026-01-11 22:30:11.956 [info] [Model][doInitialScan] Initial repository scan started
2026-01-11 22:30:11.956 [info] > git rev-parse --show-toplevel [126ms]
2026-01-11 22:30:11.956 [info] > git rev-parse --git-dir --git-common-dir --show-superproject-working-tree [70ms]
2026-01-11 22:30:11.956 [info] [Model][openRepository] Opened repository (path): /home/ell/Documents/ai-content-gen
2026-01-11 22:30:11.956 [info] [Model][openRepository] Opened repository (real path): /home/ell/Documents/ai-content-gen
2026-01-11 22:30:11.956 [info] [Model][openRepository] Opened repository (kind): repository
2026-01-11 22:30:12.050 [info] > git config --get commit.template [75ms]
2026-01-11 22:30:12.122 [info] > git for-each-ref --format=%(refname)%00%(upstream:short)%00%(objectname)%00%(upstream:track)%00%(upstream:remotename)%00%(upstream:remoteref) refs/heads/dev refs/remotes/dev [12ms]
2026-01-11 22:30:12.159 [info] > git status -z -uall [22ms]
2026-01-11 22:30:12.160 [info] > git rev-parse --show-toplevel [34ms]
2026-01-11 22:30:12.173 [info] > git for-each-ref --sort -committerdate --format %(refname)%00%(objectname)%00%(*objectname) [23ms]
2026-01-11 22:30:12.365 [info] > git for-each-ref --format=%(refname)%00%(upstream:short)%00%(objectname)%00%(upstream:track)%00%(upstream:remotename)%00%(upstream:remoteref) refs/heads/dev refs/remotes/dev [100ms]
2026-01-11 22:30:12.379 [info] > git rev-parse --show-toplevel [206ms]
2026-01-11 22:30:12.754 [info] > git config --get --local branch.dev.vscode-merge-base [374ms]
2026-01-11 22:30:12.776 [info] > git config --get commit.template [477ms]
2026-01-11 22:30:12.827 [info] > git for-each-ref --format=%(refname)%00%(upstream:short)%00%(objectname)%00%(upstream:track)%00%(upstream:remotename)%00%(upstream:remoteref) refs/heads/origin/main refs/remotes/origin/main [52ms]
2026-01-11 22:30:12.855 [info] > git rev-parse --show-toplevel [116ms]
2026-01-11 22:30:13.017 [info] > git check-ignore -v -z --stdin [90ms]
2026-01-11 22:30:13.029 [info] > git merge-base refs/heads/dev refs/remotes/origin/dev [175ms]
2026-01-11 22:30:13.258 [info] > git diff --name-status -z --diff-filter=ADMR --find-renames=50% 83b755410c3e396ecd68b1c20189261fa266706f...refs/remotes/origin/dev -- [199ms]
2026-01-11 22:30:13.259 [info] > git rev-parse --show-toplevel [247ms]
2026-01-11 22:30:13.262 [info] > git for-each-ref --format=%(refname)%00%(upstream:short)%00%(objectname)%00%(upstream:track)%00%(upstream:remotename)%00%(upstream:remoteref) refs/heads/dev refs/remotes/dev [266ms]
2026-01-11 22:30:13.360 [info] > git rev-parse --show-toplevel [17ms]
2026-01-11 22:30:13.384 [info] > git status -z -uall [13ms]
2026-01-11 22:30:13.385 [info] > git rev-parse --show-toplevel [20ms]
2026-01-11 22:30:13.413 [info] > git for-each-ref --sort -committerdate --format %(refname)%00%(objectname)%00%(*objectname) [31ms]
2026-01-11 22:30:13.447 [info] > git rev-parse --show-toplevel [39ms]
2026-01-11 22:30:13.482 [info] > git rev-parse --show-toplevel [4ms]
2026-01-11 22:30:14.827 [info] > git rev-parse --show-toplevel [1322ms]
2026-01-11 22:30:14.827 [info] [Model][doInitialScan] Initial repository scan completed - repositories (1), closed repositories (0), parent repositories (0), unsafe repositories (0)
2026-01-11 22:30:14.959 [info] > git show --textconv HEAD:app/(pages)/layout.tsx [125ms]
2026-01-11 22:30:14.959 [info] > git ls-tree -l HEAD -- app/(pages)/layout.tsx [114ms]
2026-01-11 22:30:14.978 [info] > git ls-tree -l HEAD -- app/(pages)/layout.tsx [2ms]
2026-01-11 22:30:15.842 [info] > git blame --root --incremental 83b755410c3e396ecd68b1c20189261fa266706f -- app/(pages)/layout.tsx [14ms]
2026-01-11 22:30:16.359 [info] > git check-ignore -v -z --stdin [3ms]
2026-01-11 22:30:16.411 [info] > git ls-tree -l HEAD -- app/(pages)/layout.tsx [2ms]
2026-01-11 22:30:30.790 [info] > git stash list --format=%H%n%P%n%gd%n%gs%n%at%n%ct -z [4ms]
2026-01-11 22:44:19.212 [info] > git config --get commit.template [10ms]
2026-01-11 22:44:19.215 [info] > git ls-tree -l HEAD -- app/(pages)/layout.tsx [6ms]
2026-01-11 22:44:19.242 [info] > git for-each-ref --format=%(refname)%00%(upstream:short)%00%(objectname)%00%(upstream:track)%00%(upstream:remotename)%00%(upstream:remoteref) refs/heads/dev refs/remotes/dev [9ms]
2026-01-11 22:44:19.242 [info] > git ls-tree -l HEAD -- app/(pages)/layout.tsx [18ms]
2026-01-11 22:44:19.243 [info] > git show --textconv HEAD:app/(pages)/layout.tsx [3ms]
2026-01-11 22:44:19.264 [info] > git status -z -uall [10ms]
2026-01-11 22:44:19.265 [info] > git for-each-ref --sort -committerdate --format %(refname)%00%(objectname)%00%(*objectname) [4ms]
2026-01-11 22:44:19.310 [info] > git show --textconv HEAD:app/(pages)/layout.tsx [2ms]
2026-01-11 22:44:19.510 [info] > git ls-tree -l HEAD -- app/(pages)/layout.tsx [2ms]
2026-01-11 22:44:41.042 [info] > git ls-tree -l HEAD -- app/(pages)/layout.tsx [9ms]
2026-01-11 22:44:41.049 [info] > git config --get commit.template [8ms]
2026-01-11 22:44:41.053 [info] > git for-each-ref --format=%(refname)%00%(upstream:short)%00%(objectname)%00%(upstream:track)%00%(upstream:remotename)%00%(upstream:remoteref) refs/heads/dev refs/remotes/dev [4ms]
2026-01-11 22:44:41.068 [info] > git status -z -uall [7ms]
2026-01-11 22:44:41.071 [info] > git for-each-ref --sort -committerdate --format %(refname)%00%(objectname)%00%(*objectname) [4ms]
2026-01-11 22:52:32.877 [info] > git ls-tree -l HEAD -- app/(pages)/layout.tsx [5ms]
2026-01-11 22:52:34.200 [info] > git ls-tree -l HEAD -- app/(pages)/layout.tsx [3ms]
2026-01-11 22:53:02.803 [info] > git ls-tree -l HEAD -- app/(pages)/layout.tsx [2ms]
2026-01-11 22:53:16.777 [info] > git ls-tree -l HEAD -- app/(pages)/layout.tsx [2ms]
2026-01-11 22:53:22.320 [info] > git ls-tree -l HEAD -- app/(pages)/layout.tsx [2ms]
2026-01-11 22:53:23.859 [info] > git ls-tree -l HEAD -- app/(pages)/layout.tsx [2ms]
2026-01-11 22:53:25.446 [info] > git ls-tree -l HEAD -- app/(pages)/layout.tsx [1ms]
2026-01-11 22:53:33.445 [info] > git ls-tree -l HEAD -- app/(pages)/layout.tsx [3ms]
2026-01-11 22:53:43.162 [info] > git ls-tree -l HEAD -- app/(pages)/layout.tsx [2ms]
2026-01-11 22:53:46.568 [info] > git ls-tree -l HEAD -- app/(pages)/layout.tsx [1ms]
2026-01-11 22:53:53.438 [info] > git ls-tree -l HEAD -- app/(pages)/layout.tsx [1ms]
2026-01-11 22:53:54.000 [info] > git ls-tree -l HEAD -- app/(pages)/layout.tsx [2ms]
2026-01-11 22:54:08.701 [info] > git ls-tree -l HEAD -- app/(pages)/layout.tsx [2ms]
2026-01-11 22:54:12.075 [info] > git ls-tree -l HEAD -- app/(pages)/layout.tsx [2ms]
2026-01-11 23:05:03.519 [info] > git config --get commit.template [8ms]
2026-01-11 23:05:03.520 [info] > git for-each-ref --format=%(refname)%00%(upstream:short)%00%(objectname)%00%(upstream:track)%00%(upstream:remotename)%00%(upstream:remoteref) refs/heads/dev refs/remotes/dev [2ms]
2026-01-11 23:05:03.532 [info] > git status -z -uall [8ms]
2026-01-11 23:05:03.533 [info] > git for-each-ref --sort -committerdate --format %(refname)%00%(objectname)%00%(*objectname) [4ms]
2026-01-11 23:05:08.553 [info] > git config --get commit.template [6ms]
2026-01-11 23:05:08.553 [info] > git for-each-ref --format=%(refname)%00%(upstream:short)%00%(objectname)%00%(upstream:track)%00%(upstream:remotename)%00%(upstream:remoteref) refs/heads/dev refs/remotes/dev [1ms]
2026-01-11 23:05:08.563 [info] > git status -z -uall [5ms]
2026-01-11 23:05:08.564 [info] > git for-each-ref --sort -committerdate --format %(refname)%00%(objectname)%00%(*objectname) [1ms]
2026-01-11 23:06:21.708 [info] > git config --get commit.template [2ms]
2026-01-11 23:06:21.726 [info] > git for-each-ref --format=%(refname)%00%(upstream:short)%00%(objectname)%00%(upstream:track)%00%(upstream:remotename)%00%(upstream:remoteref) refs/heads/dev refs/remotes/dev [4ms]
2026-01-11 23:06:21.854 [info] > git status -z -uall [116ms]
2026-01-11 23:06:21.854 [info] > git for-each-ref --sort -committerdate --format %(refname)%00%(objectname)%00%(*objectname) [7ms]
2026-01-11 23:06:26.894 [info] > git config --get commit.template [7ms]
2026-01-11 23:06:26.895 [info] > git for-each-ref --format=%(refname)%00%(upstream:short)%00%(objectname)%00%(upstream:track)%00%(upstream:remotename)%00%(upstream:remoteref) refs/heads/dev refs/remotes/dev [2ms]
2026-01-11 23:06:26.905 [info] > git status -z -uall [6ms]
2026-01-11 23:06:26.906 [info] > git for-each-ref --sort -committerdate --format %(refname)%00%(objectname)%00%(*objectname) [2ms]
2026-01-11 23:07:35.698 [info] > git config --get commit.template [8ms]
2026-01-11 23:07:35.715 [info] > git for-each-ref --format=%(refname)%00%(upstream:short)%00%(objectname)%00%(upstream:track)%00%(upstream:remotename)%00%(upstream:remoteref) refs/heads/dev refs/remotes/dev [2ms]
2026-01-11 23:07:35.746 [info] > git status -z -uall [17ms]
2026-01-11 23:07:35.748 [info] > git for-each-ref --sort -committerdate --format %(refname)%00%(objectname)%00%(*objectname) [3ms]
2026-01-11 23:08:00.801 [info] > git config --get commit.template [2ms]
2026-01-11 23:08:00.811 [info] > git for-each-ref --format=%(refname)%00%(upstream:short)%00%(objectname)%00%(upstream:track)%00%(upstream:remotename)%00%(upstream:remoteref) refs/heads/dev refs/remotes/dev [3ms]
2026-01-11 23:08:00.824 [info] > git status -z -uall [7ms]
2026-01-11 23:08:00.826 [info] > git for-each-ref --sort -committerdate --format %(refname)%00%(objectname)%00%(*objectname) [2ms]
2026-01-11 23:08:05.847 [info] > git config --get commit.template [6ms]
2026-01-11 23:08:05.848 [info] > git for-each-ref --format=%(refname)%00%(upstream:short)%00%(objectname)%00%(upstream:track)%00%(upstream:remotename)%00%(upstream:remoteref) refs/heads/dev refs/remotes/dev [1ms]
2026-01-11 23:08:05.858 [info] > git status -z -uall [6ms]
2026-01-11 23:08:05.860 [info] > git for-each-ref --sort -committerdate --format %(refname)%00%(objectname)%00%(*objectname) [3ms]
2026-01-11 23:13:41.399 [info] > git config --get commit.template [6ms]
2026-01-11 23:13:41.400 [info] > git for-each-ref --format=%(refname)%00%(upstream:short)%00%(objectname)%00%(upstream:track)%00%(upstream:remotename)%00%(upstream:remoteref) refs/heads/dev refs/remotes/dev [2ms]
2026-01-11 23:13:41.413 [info] > git status -z -uall [7ms]
2026-01-11 23:13:41.415 [info] > git for-each-ref --sort -committerdate --format %(refname)%00%(objectname)%00%(*objectname) [2ms]
2026-01-11 23:22:12.449 [info] > git show --textconv :components/LandingPage/Navbar.tsx [9ms]
2026-01-11 23:22:12.449 [info] > git ls-files --stage -- components/LandingPage/Navbar.tsx [2ms]
2026-01-11 23:22:12.462 [info] > git cat-file -s 26597197fc9d1af614c9887e8258b7ab1dd72731 [6ms]
2026-01-11 23:22:12.926 [info] > git check-ignore -v -z --stdin [2ms]
2026-01-11 23:22:27.311 [info] > git ls-files --stage -- app/(pages)/_components/NavBar.tsx [2ms]
2026-01-11 23:22:27.319 [info] > git show --textconv :app/(pages)/_components/NavBar.tsx [16ms]
2026-01-11 23:22:27.319 [info] > git cat-file -s 13792005742fa6aad3eee887dbbf7064d988b16f [2ms]
2026-01-11 23:22:27.489 [info] > git check-ignore -v -z --stdin [1ms]
2026-01-11 23:22:37.387 [info] > git blame --root --incremental 83b755410c3e396ecd68b1c20189261fa266706f -- app/(pages)/_components/NavBar.tsx [61ms]
2026-01-11 23:22:42.169 [info] > git config --get commit.template [5ms]
2026-01-11 23:22:42.169 [info] > git for-each-ref --format=%(refname)%00%(upstream:short)%00%(objectname)%00%(upstream:track)%00%(upstream:remotename)%00%(upstream:remoteref) refs/heads/dev refs/remotes/dev [1ms]
2026-01-11 23:22:42.178 [info] > git status -z -uall [5ms]
2026-01-11 23:22:42.179 [info] > git for-each-ref --sort -committerdate --format %(refname)%00%(objectname)%00%(*objectname) [2ms]
2026-01-11 23:23:43.354 [info] > git config --get commit.template [5ms]
2026-01-11 23:23:43.357 [info] > git for-each-ref --format=%(refname)%00%(upstream:short)%00%(objectname)%00%(upstream:track)%00%(upstream:remotename)%00%(upstream:remoteref) refs/heads/dev refs/remotes/dev [3ms]
2026-01-11 23:23:43.367 [info] > git status -z -uall [5ms]
2026-01-11 23:23:43.368 [info] > git for-each-ref --sort -committerdate --format %(refname)%00%(objectname)%00%(*objectname) [2ms]
2026-01-11 23:23:50.957 [info] > git show --textconv HEAD:app/(pages)/_components/NavBar.tsx [8ms]
2026-01-11 23:23:50.957 [info] > git ls-tree -l HEAD -- app/(pages)/_components/NavBar.tsx [1ms]
2026-01-11 23:23:53.779 [info] > git add -A -- app/(pages)/_components/NavBar.tsx [6ms]
2026-01-11 23:23:53.790 [info] > git config --get commit.template [5ms]
2026-01-11 23:23:53.791 [info] > git for-each-ref --format=%(refname)%00%(upstream:short)%00%(objectname)%00%(upstream:track)%00%(upstream:remotename)%00%(upstream:remoteref) refs/heads/dev refs/remotes/dev [2ms]
2026-01-11 23:23:53.800 [info] > git status -z -uall [5ms]
2026-01-11 23:23:53.801 [info] > git for-each-ref --sort -committerdate --format %(refname)%00%(objectname)%00%(*objectname) [2ms]
2026-01-11 23:23:54.124 [info] > git show --textconv HEAD:app/(pages)/_components/NavBar.tsx [6ms]
2026-01-11 23:23:54.125 [info] > git ls-tree -l HEAD -- app/(pages)/_components/NavBar.tsx [1ms]
2026-01-11 23:23:54.866 [info] > git config --get commit.template [6ms]
2026-01-11 23:23:54.867 [info] > git for-each-ref --format=%(refname)%00%(upstream:short)%00%(objectname)%00%(upstream:track)%00%(upstream:remotename)%00%(upstream:remoteref) refs/heads/dev refs/remotes/dev [2ms]
2026-01-11 23:23:54.881 [info] > git status -z -uall [5ms]
2026-01-11 23:23:54.882 [info] > git for-each-ref --sort -committerdate --format %(refname)%00%(objectname)%00%(*objectname) [2ms]
2026-01-11 23:23:54.964 [info] > git ls-files --stage -- app/(pages)/_components/NavBar.tsx [5ms]
2026-01-11 23:23:54.969 [info] > git ls-tree -l HEAD -- app/(pages)/_components/NavBar.tsx [6ms]
2026-01-11 23:23:54.970 [info] > git cat-file -s 5d6b83779a56a58d56be88af1761cac826d4a1bd [2ms]
2026-01-11 23:23:54.979 [info] > git show --textconv HEAD:app/(pages)/_components/NavBar.tsx [5ms]
2026-01-11 23:23:54.980 [info] > git show --textconv :app/(pages)/_components/NavBar.tsx [2ms]
2026-01-11 23:23:59.897 [info] > git config --get commit.template [6ms]
2026-01-11 23:23:59.898 [info] > git for-each-ref --format=%(refname)%00%(upstream:short)%00%(objectname)%00%(upstream:track)%00%(upstream:remotename)%00%(upstream:remoteref) refs/heads/dev refs/remotes/dev [2ms]
2026-01-11 23:23:59.909 [info] > git status -z -uall [5ms]
2026-01-11 23:23:59.910 [info] > git for-each-ref --sort -committerdate --format %(refname)%00%(objectname)%00%(*objectname) [2ms]
2026-01-11 23:24:09.586 [info] > git show --textconv HEAD:app/(pages)/_components/NavBar.tsx [6ms]
2026-01-11 23:24:09.602 [info] > git show --textconv :app/(pages)/_components/NavBar.tsx [16ms]
2026-01-11 23:24:09.602 [info] > git ls-files --stage -- app/(pages)/_components/NavBar.tsx [2ms]
2026-01-11 23:24:09.608 [info] > git ls-tree -l HEAD -- app/(pages)/_components/NavBar.tsx [14ms]
2026-01-11 23:24:09.612 [info] > git cat-file -s 5d6b83779a56a58d56be88af1761cac826d4a1bd [4ms]
2026-01-11 23:24:10.108 [info] > git check-ignore -v -z --stdin [2ms]
2026-01-11 23:24:22.237 [info] > git -c user.useConfigOnly=true commit --quiet --allow-empty-message --file - [13ms]
2026-01-11 23:24:22.244 [info] > git config --get commit.template [1ms]
2026-01-11 23:24:22.256 [info] > git config --get commit.template [6ms]
2026-01-11 23:24:22.257 [info] > git for-each-ref --format=%(refname)%00%(upstream:short)%00%(objectname)%00%(upstream:track)%00%(upstream:remotename)%00%(upstream:remoteref) refs/heads/dev refs/remotes/dev [1ms]
2026-01-11 23:24:22.272 [info] > git status -z -uall [6ms]
2026-01-11 23:24:22.273 [info] > git for-each-ref --sort -committerdate --format %(refname)%00%(objectname)%00%(*objectname) [2ms]
2026-01-11 23:24:22.293 [info] > git merge-base refs/heads/dev refs/remotes/origin/dev [6ms]
2026-01-11 23:24:22.299 [info] > git blame --root --incremental 9378639f5e7dd9f12e72ac5895e2c498bfa12efd -- app/(pages)/_components/NavBar.tsx [18ms]
2026-01-11 23:24:22.301 [info] > git diff --name-status -z --diff-filter=ADMR --find-renames=50% 83b755410c3e396ecd68b1c20189261fa266706f...refs/remotes/origin/dev -- [2ms]
2026-01-11 23:24:22.346 [info] > git config --get commit.template [2ms]
2026-01-11 23:24:22.352 [info] > git for-each-ref --format=%(refname)%00%(upstream:short)%00%(objectname)%00%(upstream:track)%00%(upstream:remotename)%00%(upstream:remoteref) refs/heads/dev refs/remotes/dev [2ms]
2026-01-11 23:24:22.364 [info] > git status -z -uall [7ms]
2026-01-11 23:24:22.366 [info] > git for-each-ref --sort -committerdate --format %(refname)%00%(objectname)%00%(*objectname) [3ms]
2026-01-11 23:24:23.458 [info] > git ls-tree -l HEAD -- app/(pages)/_components/NavBar.tsx [5ms]
2026-01-11 23:24:23.459 [info] > git ls-files --stage -- app/(pages)/_components/NavBar.tsx [1ms]
2026-01-11 23:24:23.468 [info] > git cat-file -s 5d6b83779a56a58d56be88af1761cac826d4a1bd [5ms]
2026-01-11 23:24:23.469 [info] > git show --textconv HEAD:app/(pages)/_components/NavBar.tsx [2ms]
2026-01-11 23:24:23.476 [info] > git show --textconv :app/(pages)/_components/NavBar.tsx [1ms]
2026-01-11 23:24:24.458 [info] > git config --get commit.template [7ms]
2026-01-11 23:24:24.459 [info] > git for-each-ref --format=%(refname)%00%(upstream:short)%00%(objectname)%00%(upstream:track)%00%(upstream:remotename)%00%(upstream:remoteref) refs/heads/dev refs/remotes/dev [2ms]
2026-01-11 23:24:24.470 [info] > git status -z -uall [6ms]
2026-01-11 23:24:24.471 [info] > git for-each-ref --sort -committerdate --format %(refname)%00%(objectname)%00%(*objectname) [2ms]
2026-01-11 23:24:41.532 [info] > git ls-tree -l HEAD -- app/(pages)/_components/NavBar.tsx [7ms]
2026-01-11 23:24:41.536 [info] > git ls-files --stage -- app/(pages)/_components/NavBar.tsx [5ms]
2026-01-11 23:24:41.541 [info] > git cat-file -s 5d6b83779a56a58d56be88af1761cac826d4a1bd [1ms]
2026-01-11 23:24:45.147 [info] > git ls-tree -l HEAD -- app/(pages)/_components/NavBar.tsx [7ms]
2026-01-11 23:24:45.148 [info] > git ls-files --stage -- app/(pages)/_components/NavBar.tsx [2ms]
2026-01-11 23:24:45.159 [info] > git cat-file -s 5d6b83779a56a58d56be88af1761cac826d4a1bd [4ms]
2026-01-11 23:25:28.204 [info] > git ls-tree -l HEAD -- app/(pages)/_components/NavBar.tsx [9ms]
2026-01-11 23:25:28.206 [info] > git ls-files --stage -- app/(pages)/_components/NavBar.tsx [4ms]
2026-01-11 23:25:28.219 [info] > git cat-file -s 5d6b83779a56a58d56be88af1761cac826d4a1bd [3ms]
2026-01-11 23:25:36.112 [info] > git ls-tree -l HEAD -- app/(pages)/_components/NavBar.tsx [13ms]
2026-01-11 23:25:36.113 [info] > git ls-files --stage -- app/(pages)/_components/NavBar.tsx [1ms]
2026-01-11 23:25:36.123 [info] > git cat-file -s 5d6b83779a56a58d56be88af1761cac826d4a1bd [4ms]
