[2026-01-05 15:40:12.763] Starting Git Graph ...
[2026-01-05 15:40:12.844] Using git (version: 2.52.0)
[2026-01-05 15:40:12.908] > git rev-parse --show-toplevel
[2026-01-05 15:40:12.908] Showing "Git Graph" Status Bar Item
[2026-01-05 15:40:12.923] Started Git Graph - Ready to use!
[2026-01-05 15:40:13.394] Successfully set Visual Studio Code Context "git-graph:codiconsSupported" to "true"
[2026-01-05 15:40:13.415] Searching workspace for new repos ...
[2026-01-05 15:40:13.415] Completed searching workspace for new repos
[2026-01-05 16:33:55.753] Created Git Graph View
[2026-01-05 16:33:56.046] > git branch -a --no-color
[2026-01-05 16:33:56.051] > git remote
[2026-01-05 16:33:56.057] > git reflog --format=... refs/stash --
[2026-01-05 16:33:56.060] Started watching repo: /home/ell/Documents/ai-content-gen
[2026-01-05 16:33:56.070] > git -c log.showSignature=false log --max-count=301 --format=... --date-order --branches --tags --remotes bad801dc4c8378635b7f73efd85e7685da793265 HEAD --
[2026-01-05 16:33:56.075] > git show-ref -d --head
[2026-01-05 16:33:56.085] > git status --untracked-files=all --porcelain
[2026-01-05 16:33:56.196] > git --no-pager config --list -z --includes
[2026-01-05 16:33:56.200] > git --no-pager config --list -z --includes --local
[2026-01-05 16:33:56.205] > git --no-pager config --list -z --includes --global
[2026-01-05 16:37:48.990] > git branch -m dev-1 refactor-dashboard-ssr
[2026-01-05 16:37:49.004] > git branch -a --no-color
[2026-01-05 16:37:49.008] > git remote
[2026-01-05 16:37:49.013] > git reflog --format=... refs/stash --
[2026-01-05 16:37:49.024] > git -c log.showSignature=false log --max-count=301 --format=... --date-order --branches --tags --remotes bad801dc4c8378635b7f73efd85e7685da793265 HEAD --
[2026-01-05 16:37:49.029] > git show-ref -d --head
[2026-01-05 16:37:49.035] > git status --untracked-files=all --porcelain
[2026-01-05 16:38:41.257] > git branch -a --no-color
[2026-01-05 16:38:41.262] > git remote
[2026-01-05 16:38:41.266] > git reflog --format=... refs/stash --
[2026-01-05 16:38:41.275] > git -c log.showSignature=false log --max-count=301 --format=... --date-order --branches --tags --remotes bad801dc4c8378635b7f73efd85e7685da793265 HEAD --
[2026-01-05 16:38:41.279] > git show-ref -d --head
[2026-01-05 16:38:41.286] > git status --untracked-files=all --porcelain
[2026-01-05 16:38:53.972] > git branch -a --no-color
[2026-01-05 16:38:53.977] > git remote
[2026-01-05 16:38:53.981] > git reflog --format=... refs/stash --
[2026-01-05 16:38:53.989] > git -c log.showSignature=false log --max-count=301 --format=... --date-order --branches --tags --remotes bad801dc4c8378635b7f73efd85e7685da793265 HEAD --
[2026-01-05 16:38:53.994] > git show-ref -d --head
[2026-01-05 16:38:54.001] > git status --untracked-files=all --porcelain
[2026-01-05 16:39:49.449] > git branch -a --no-color
[2026-01-05 16:39:49.454] > git remote
[2026-01-05 16:39:49.459] > git reflog --format=... refs/stash --
[2026-01-05 16:39:49.467] > git -c log.showSignature=false log --max-count=301 --format=... --date-order --branches --tags --remotes bad801dc4c8378635b7f73efd85e7685da793265 HEAD --
[2026-01-05 16:39:49.471] > git show-ref -d --head
[2026-01-05 16:39:49.478] > git status --untracked-files=all --porcelain
[2026-01-05 16:39:58.146] > git branch -a --no-color
[2026-01-05 16:39:58.150] > git remote
[2026-01-05 16:39:58.154] > git reflog --format=... refs/stash --
[2026-01-05 16:39:58.164] > git -c log.showSignature=false log --max-count=301 --format=... --date-order --branches --tags --remotes bad801dc4c8378635b7f73efd85e7685da793265 HEAD --
[2026-01-05 16:39:58.168] > git show-ref -d --head
[2026-01-05 16:39:58.175] > git status --untracked-files=all --porcelain
[2026-01-05 16:40:26.706] > git branch -a --no-color
[2026-01-05 16:40:26.711] > git remote
[2026-01-05 16:40:26.715] > git reflog --format=... refs/stash --
[2026-01-05 16:40:26.726] > git -c log.showSignature=false log --max-count=301 --format=... --date-order --branches --tags --remotes bad801dc4c8378635b7f73efd85e7685da793265 HEAD --
[2026-01-05 16:40:26.730] > git show-ref -d --head
[2026-01-05 16:40:26.736] > git status --untracked-files=all --porcelain
[2026-01-05 16:40:45.528] Stopped watching repo: /home/ell/Documents/ai-content-gen
[2026-01-05 16:40:49.068] > git branch -a --no-color
[2026-01-05 16:40:49.072] > git remote
[2026-01-05 16:40:49.077] > git reflog --format=... refs/stash --
[2026-01-05 16:40:49.079] Started watching repo: /home/ell/Documents/ai-content-gen
[2026-01-05 16:40:49.093] > git -c log.showSignature=false log --max-count=301 --format=... --date-order --branches --tags --remotes bad801dc4c8378635b7f73efd85e7685da793265 HEAD --
[2026-01-05 16:40:49.098] > git show-ref -d --head
[2026-01-05 16:40:49.108] > git status --untracked-files=all --porcelain
[2026-01-05 16:41:00.322] Stopped watching repo: /home/ell/Documents/ai-content-gen
[2026-01-05 16:41:47.519] > git branch -a --no-color
[2026-01-05 16:41:47.524] > git remote
[2026-01-05 16:41:47.528] > git reflog --format=... refs/stash --
[2026-01-05 16:41:47.530] Started watching repo: /home/ell/Documents/ai-content-gen
[2026-01-05 16:41:47.547] > git -c log.showSignature=false log --max-count=301 --format=... --date-order --branches --tags --remotes bad801dc4c8378635b7f73efd85e7685da793265 HEAD --
[2026-01-05 16:41:47.555] > git show-ref -d --head
[2026-01-05 16:41:47.562] > git status --untracked-files=all --porcelain
[2026-01-05 16:42:48.791] > git -c log.showSignature=false show --quiet ef117326891eda4f4ee1cc4de69656bbb4b25962 --format=...
[2026-01-05 16:42:48.796] > git diff --name-status --find-renames --diff-filter=AMDR -z bad801dc4c8378635b7f73efd85e7685da793265 ef117326891eda4f4ee1cc4de69656bbb4b25962
[2026-01-05 16:42:48.800] > git diff --numstat --find-renames --diff-filter=AMDR -z bad801dc4c8378635b7f73efd85e7685da793265 ef117326891eda4f4ee1cc4de69656bbb4b25962
[2026-01-05 16:42:48.806] > git diff-tree --name-status -r --root --find-renames --diff-filter=AMDR -z 61189f32f8c26888be1798171b3292c41231d336
[2026-01-05 16:42:48.811] > git diff-tree --numstat -r --root --find-renames --diff-filter=AMDR -z 61189f32f8c26888be1798171b3292c41231d336
[2026-01-05 16:42:59.059] > git show 61189f32f8c26888be1798171b3292c41231d336:app/_splash/useSplash.ts
[2026-01-05 16:42:59.167] Stopped watching repo: /home/ell/Documents/ai-content-gen
[2026-01-05 16:43:00.778] > git branch -a --no-color
[2026-01-05 16:43:00.784] > git remote
[2026-01-05 16:43:00.789] > git reflog --format=... refs/stash --
[2026-01-05 16:43:00.791] Started watching repo: /home/ell/Documents/ai-content-gen
[2026-01-05 16:43:00.819] > git -c log.showSignature=false log --max-count=301 --format=... --date-order --branches --tags --remotes bad801dc4c8378635b7f73efd85e7685da793265 HEAD --
[2026-01-05 16:43:00.825] > git show-ref -d --head
[2026-01-05 16:43:00.832] > git status --untracked-files=all --porcelain
[2026-01-05 16:43:53.782] > git branch -a --no-color
[2026-01-05 16:43:53.787] > git remote
[2026-01-05 16:43:53.795] > git reflog --format=... refs/stash --
[2026-01-05 16:43:53.805] > git -c log.showSignature=false log --max-count=301 --format=... --date-order --branches --tags --remotes bad801dc4c8378635b7f73efd85e7685da793265 HEAD --
[2026-01-05 16:43:53.811] > git show-ref -d --head
[2026-01-05 16:43:53.822] > git status --untracked-files=all --porcelain
[2026-01-05 16:45:37.284] > git branch -a --no-color
[2026-01-05 16:45:37.290] > git remote
[2026-01-05 16:45:37.296] > git reflog --format=... refs/stash --
[2026-01-05 16:45:37.304] > git -c log.showSignature=false log --max-count=301 --format=... --date-order --branches --tags --remotes bad801dc4c8378635b7f73efd85e7685da793265 HEAD --
[2026-01-05 16:45:37.308] > git show-ref -d --head
[2026-01-05 16:45:37.314] > git status --untracked-files=all --porcelain
[2026-01-05 16:49:17.848] Stopped watching repo: /home/ell/Documents/ai-content-gen
[2026-01-05 17:00:03.797] > git branch -a --no-color
[2026-01-05 17:00:03.803] > git remote
[2026-01-05 17:00:03.808] > git reflog --format=... refs/stash --
[2026-01-05 17:00:03.810] Started watching repo: /home/ell/Documents/ai-content-gen
[2026-01-05 17:00:03.838] > git -c log.showSignature=false log --max-count=301 --format=... --date-order --branches --tags --remotes bad801dc4c8378635b7f73efd85e7685da793265 HEAD --
[2026-01-05 17:00:03.845] > git show-ref -d --head
[2026-01-05 17:00:03.853] > git status --untracked-files=all --porcelain
[2026-01-05 17:00:20.126] > git push origin refactor-dashboard-ssr --set-upstream
[2026-01-05 17:00:32.815] > git --no-pager config --list -z --includes
[2026-01-05 17:00:32.821] > git --no-pager config --list -z --includes --local
[2026-01-05 17:00:32.826] > git --no-pager config --list -z --includes --global
[2026-01-05 17:00:51.535] > git push origin refactor-dashboard-ssr --set-upstream
[2026-01-05 17:04:37.056] > git branch -a --no-color
[2026-01-05 17:04:37.061] > git remote
[2026-01-05 17:04:37.067] > git reflog --format=... refs/stash --
[2026-01-05 17:04:37.078] > git -c log.showSignature=false log --max-count=301 --format=... --date-order --branches --tags --remotes bad801dc4c8378635b7f73efd85e7685da793265 HEAD --
[2026-01-05 17:04:37.083] > git show-ref -d --head
[2026-01-05 17:04:37.091] > git status --untracked-files=all --porcelain
[2026-01-05 17:07:44.666] > git branch -a --no-color
[2026-01-05 17:07:44.674] > git remote
[2026-01-05 17:07:44.679] > git reflog --format=... refs/stash --
[2026-01-05 17:07:44.691] > git -c log.showSignature=false log --max-count=301 --format=... --date-order --branches --tags --remotes bad801dc4c8378635b7f73efd85e7685da793265 HEAD --
[2026-01-05 17:07:44.695] > git show-ref -d --head
[2026-01-05 17:07:44.704] > git status --untracked-files=all --porcelain
[2026-01-05 17:08:53.813] > git diff --name-status --find-renames --diff-filter=AMDR -z HEAD
[2026-01-05 17:08:53.818] > git diff --numstat --find-renames --diff-filter=AMDR -z HEAD
[2026-01-05 17:08:53.825] > git status -s --untracked-files=all --porcelain -z
[2026-01-05 17:09:06.009] > git checkout main
[2026-01-05 17:09:31.830] > git branch -a --no-color
[2026-01-05 17:09:31.839] > git remote
[2026-01-05 17:09:31.846] > git reflog --format=... refs/stash --
[2026-01-05 17:09:31.861] > git -c log.showSignature=false log --max-count=301 --format=... --date-order --branches --tags --remotes bad801dc4c8378635b7f73efd85e7685da793265 HEAD --
[2026-01-05 17:09:31.868] > git show-ref -d --head
[2026-01-05 17:09:31.877] > git status --untracked-files=all --porcelain
[2026-01-05 17:09:34.473] > git checkout main
[2026-01-05 17:09:34.487] > git branch -a --no-color
[2026-01-05 17:09:34.494] > git remote
[2026-01-05 17:09:34.499] > git reflog --format=... refs/stash --
[2026-01-05 17:09:34.510] > git -c log.showSignature=false log --max-count=301 --format=... --date-order --branches --tags --remotes bad801dc4c8378635b7f73efd85e7685da793265 HEAD --
[2026-01-05 17:09:34.517] > git show-ref -d --head
[2026-01-05 17:09:34.525] > git status --untracked-files=all --porcelain
[2026-01-05 17:09:40.657] > git branch -a --no-color
[2026-01-05 17:09:40.664] > git remote
[2026-01-05 17:09:40.669] > git reflog --format=... refs/stash --
[2026-01-05 17:09:40.680] > git -c log.showSignature=false log --max-count=301 --format=... --date-order --branches --tags --remotes bad801dc4c8378635b7f73efd85e7685da793265 HEAD --
[2026-01-05 17:09:40.685] > git show-ref -d --head
[2026-01-05 17:09:40.693] > git status --untracked-files=all --porcelain
[2026-01-05 17:09:51.620] > git branch -a --no-color
[2026-01-05 17:09:51.625] > git remote
[2026-01-05 17:09:51.632] > git reflog --format=... refs/stash --
[2026-01-05 17:09:51.641] > git -c log.showSignature=false log --max-count=301 --format=... --date-order --branches --tags --remotes bad801dc4c8378635b7f73efd85e7685da793265 HEAD --
[2026-01-05 17:09:51.647] > git show-ref -d --head
[2026-01-05 17:09:51.654] > git status --untracked-files=all --porcelain
[2026-01-05 17:10:58.489] > git branch -a --no-color
[2026-01-05 17:10:58.496] > git remote
[2026-01-05 17:10:58.506] > git reflog --format=... refs/stash --
[2026-01-05 17:10:58.523] > git -c log.showSignature=false log --max-count=301 --format=... --date-order --branches --tags --remotes bad801dc4c8378635b7f73efd85e7685da793265 HEAD --
[2026-01-05 17:10:58.534] > git show-ref -d --head
[2026-01-05 17:10:58.542] > git status --untracked-files=all --porcelain
[2026-01-05 17:11:58.430] > git branch -a --no-color
[2026-01-05 17:11:58.438] > git remote
[2026-01-05 17:11:58.443] > git reflog --format=... refs/stash --
[2026-01-05 17:11:58.452] > git -c log.showSignature=false log --max-count=301 --format=... --date-order --branches --tags --remotes bad801dc4c8378635b7f73efd85e7685da793265 HEAD --
[2026-01-05 17:11:58.459] > git show-ref -d --head
[2026-01-05 17:11:58.469] > git status --untracked-files=all --porcelain
[2026-01-05 17:12:46.145] > git branch -a --no-color
[2026-01-05 17:12:46.150] > git remote
[2026-01-05 17:12:46.156] > git reflog --format=... refs/stash --
[2026-01-05 17:12:46.166] > git -c log.showSignature=false log --max-count=301 --format=... --date-order --branches --tags --remotes bad801dc4c8378635b7f73efd85e7685da793265 HEAD --
[2026-01-05 17:12:46.171] > git show-ref -d --head
[2026-01-05 17:12:46.179] > git status --untracked-files=all --porcelain
[2026-01-05 17:14:13.420] > git branch -a --no-color
[2026-01-05 17:14:13.425] > git remote
[2026-01-05 17:14:13.437] > git reflog --format=... refs/stash --
[2026-01-05 17:14:13.455] > git -c log.showSignature=false log --max-count=301 --format=... --date-order --branches --tags --remotes bad801dc4c8378635b7f73efd85e7685da793265 HEAD --
[2026-01-05 17:14:13.468] > git show-ref -d --head
[2026-01-05 17:14:13.485] > git status --untracked-files=all --porcelain
[2026-01-05 17:14:16.139] > git branch -a --no-color
[2026-01-05 17:14:16.147] > git remote
[2026-01-05 17:14:16.154] > git reflog --format=... refs/stash --
[2026-01-05 17:14:16.167] > git -c log.showSignature=false log --max-count=301 --format=... --date-order --branches --tags --remotes bad801dc4c8378635b7f73efd85e7685da793265 HEAD --
[2026-01-05 17:14:16.172] > git show-ref -d --head
[2026-01-05 17:14:16.181] > git status --untracked-files=all --porcelain
[2026-01-05 17:14:25.162] > git branch -a --no-color
[2026-01-05 17:14:25.168] > git remote
[2026-01-05 17:14:25.173] > git reflog --format=... refs/stash --
[2026-01-05 17:14:25.182] > git -c log.showSignature=false log --max-count=301 --format=... --date-order --branches --tags --remotes bad801dc4c8378635b7f73efd85e7685da793265 HEAD --
[2026-01-05 17:14:25.190] > git show-ref -d --head
[2026-01-05 17:14:25.200] > git status --untracked-files=all --porcelain
[2026-01-05 17:14:28.058] > git branch -a --no-color
[2026-01-05 17:14:28.063] > git remote
[2026-01-05 17:14:28.068] > git reflog --format=... refs/stash --
[2026-01-05 17:14:28.076] > git -c log.showSignature=false log --max-count=301 --format=... --date-order --branches --tags --remotes bad801dc4c8378635b7f73efd85e7685da793265 HEAD --
[2026-01-05 17:14:28.081] > git show-ref -d --head
[2026-01-05 17:14:28.087] > git status --untracked-files=all --porcelain
[2026-01-05 17:14:30.659] > git branch -a --no-color
[2026-01-05 17:14:30.664] > git remote
[2026-01-05 17:14:30.668] > git reflog --format=... refs/stash --
[2026-01-05 17:14:30.676] > git -c log.showSignature=false log --max-count=301 --format=... --date-order --branches --tags --remotes bad801dc4c8378635b7f73efd85e7685da793265 HEAD --
[2026-01-05 17:14:30.681] > git show-ref -d --head
[2026-01-05 17:14:30.688] > git status --untracked-files=all --porcelain
[2026-01-05 17:14:48.523] > git branch -a --no-color
[2026-01-05 17:14:48.528] > git remote
[2026-01-05 17:14:48.533] > git reflog --format=... refs/stash --
[2026-01-05 17:14:48.541] > git -c log.showSignature=false log --max-count=301 --format=... --date-order --branches --tags --remotes bad801dc4c8378635b7f73efd85e7685da793265 HEAD --
[2026-01-05 17:14:48.546] > git show-ref -d --head
[2026-01-05 17:14:48.554] > git status --untracked-files=all --porcelain
[2026-01-05 17:14:56.044] > git branch -a --no-color
[2026-01-05 17:14:56.048] > git remote
[2026-01-05 17:14:56.052] > git reflog --format=... refs/stash --
[2026-01-05 17:14:56.060] > git -c log.showSignature=false log --max-count=301 --format=... --date-order --branches --tags --remotes bad801dc4c8378635b7f73efd85e7685da793265 HEAD --
[2026-01-05 17:14:56.064] > git show-ref -d --head
[2026-01-05 17:14:56.071] > git status --untracked-files=all --porcelain
[2026-01-05 17:15:00.200] > git branch -a --no-color
[2026-01-05 17:15:00.204] > git remote
[2026-01-05 17:15:00.208] > git reflog --format=... refs/stash --
[2026-01-05 17:15:00.217] > git -c log.showSignature=false log --max-count=301 --format=... --date-order --branches --tags --remotes bad801dc4c8378635b7f73efd85e7685da793265 HEAD --
[2026-01-05 17:15:00.221] > git show-ref -d --head
[2026-01-05 17:15:00.227] > git status --untracked-files=all --porcelain
[2026-01-05 17:15:57.041] > git branch -a --no-color
[2026-01-05 17:15:57.045] > git remote
[2026-01-05 17:15:57.051] > git reflog --format=... refs/stash --
[2026-01-05 17:15:57.059] > git -c log.showSignature=false log --max-count=301 --format=... --date-order --branches --tags --remotes bad801dc4c8378635b7f73efd85e7685da793265 HEAD --
[2026-01-05 17:15:57.063] > git show-ref -d --head
[2026-01-05 17:15:57.071] > git status --untracked-files=all --porcelain
[2026-01-05 17:28:04.925] > git branch -a --no-color
[2026-01-05 17:28:04.932] > git remote
[2026-01-05 17:28:04.937] > git reflog --format=... refs/stash --
[2026-01-05 17:28:04.948] > git -c log.showSignature=false log --max-count=301 --format=... --date-order --branches --tags --remotes bad801dc4c8378635b7f73efd85e7685da793265 HEAD --
[2026-01-05 17:28:04.954] > git show-ref -d --head
[2026-01-05 17:28:04.961] > git status --untracked-files=all --porcelain
[2026-01-05 17:28:38.143] > git branch -a --no-color
[2026-01-05 17:28:38.155] > git remote
[2026-01-05 17:28:38.163] > git reflog --format=... refs/stash --
[2026-01-05 17:28:38.186] > git -c log.showSignature=false log --max-count=301 --format=... --date-order --branches --tags --remotes bad801dc4c8378635b7f73efd85e7685da793265 HEAD --
[2026-01-05 17:28:38.207] > git show-ref -d --head
[2026-01-05 17:28:38.221] > git status --untracked-files=all --porcelain
[2026-01-05 17:28:43.768] > git diff --name-status --find-renames --diff-filter=AMDR -z HEAD
[2026-01-05 17:28:43.772] > git diff --numstat --find-renames --diff-filter=AMDR -z HEAD
[2026-01-05 17:28:43.777] > git status -s --untracked-files=all --porcelain -z
[2026-01-05 17:28:45.668] Stopped watching repo: /home/ell/Documents/ai-content-gen
[2026-01-05 17:28:54.334] > git branch -a --no-color
[2026-01-05 17:28:54.340] > git remote
[2026-01-05 17:28:54.344] > git reflog --format=... refs/stash --
[2026-01-05 17:28:54.347] Started watching repo: /home/ell/Documents/ai-content-gen
[2026-01-05 17:28:54.359] > git -c log.showSignature=false log --max-count=301 --format=... --date-order --branches --tags --remotes bad801dc4c8378635b7f73efd85e7685da793265 HEAD --
[2026-01-05 17:28:54.365] > git show-ref -d --head
[2026-01-05 17:28:54.373] > git status --untracked-files=all --porcelain
[2026-01-05 17:28:59.591] Stopped watching repo: /home/ell/Documents/ai-content-gen
[2026-01-05 17:29:32.401] > git branch -a --no-color
[2026-01-05 17:29:32.407] > git remote
[2026-01-05 17:29:32.411] > git reflog --format=... refs/stash --
[2026-01-05 17:29:32.413] Started watching repo: /home/ell/Documents/ai-content-gen
[2026-01-05 17:29:32.424] > git -c log.showSignature=false log --max-count=301 --format=... --date-order --branches --tags --remotes bad801dc4c8378635b7f73efd85e7685da793265 HEAD --
[2026-01-05 17:29:32.430] > git show-ref -d --head
[2026-01-05 17:29:32.437] > git status --untracked-files=all --porcelain
[2026-01-05 17:29:36.254] > git -c log.showSignature=false show --quiet 61dc97c381cb031c710efd86a30c647e7d3b3f1a --format=...
[2026-01-05 17:29:36.259] > git diff --name-status --find-renames --diff-filter=AMDR -z 61dc97c381cb031c710efd86a30c647e7d3b3f1a^ 61dc97c381cb031c710efd86a30c647e7d3b3f1a
[2026-01-05 17:29:36.265] > git diff --numstat --find-renames --diff-filter=AMDR -z 61dc97c381cb031c710efd86a30c647e7d3b3f1a^ 61dc97c381cb031c710efd86a30c647e7d3b3f1a
[2026-01-05 17:29:56.737] > git branch -a --no-color
[2026-01-05 17:29:56.743] > git remote
[2026-01-05 17:29:56.748] > git reflog --format=... refs/stash --
[2026-01-05 17:29:56.757] > git -c log.showSignature=false log --max-count=301 --format=... --date-order --branches --tags --remotes bad801dc4c8378635b7f73efd85e7685da793265 HEAD --
[2026-01-05 17:29:56.762] > git show-ref -d --head
[2026-01-05 17:29:56.769] > git status --untracked-files=all --porcelain
[2026-01-05 17:30:17.988] Stopped watching repo: /home/ell/Documents/ai-content-gen
[2026-01-05 17:30:31.096] > git branch -a --no-color
[2026-01-05 17:30:31.101] > git remote
[2026-01-05 17:30:31.106] > git reflog --format=... refs/stash --
[2026-01-05 17:30:31.107] Started watching repo: /home/ell/Documents/ai-content-gen
[2026-01-05 17:30:31.130] > git -c log.showSignature=false log --max-count=301 --format=... --date-order --branches --tags --remotes bad801dc4c8378635b7f73efd85e7685da793265 HEAD --
[2026-01-05 17:30:31.138] > git show-ref -d --head
[2026-01-05 17:30:31.147] > git status --untracked-files=all --porcelain
[2026-01-05 17:31:28.236] Stopped watching repo: /home/ell/Documents/ai-content-gen
[2026-01-05 17:31:29.915] > git branch -a --no-color
[2026-01-05 17:31:29.923] > git remote
[2026-01-05 17:31:29.933] > git reflog --format=... refs/stash --
[2026-01-05 17:31:29.935] Started watching repo: /home/ell/Documents/ai-content-gen
[2026-01-05 17:31:29.952] > git -c log.showSignature=false log --max-count=301 --format=... --date-order --branches --tags --remotes bad801dc4c8378635b7f73efd85e7685da793265 HEAD --
[2026-01-05 17:31:29.958] > git show-ref -d --head
[2026-01-05 17:31:29.967] > git status --untracked-files=all --porcelain
[2026-01-05 17:32:41.744] > git branch -a --no-color
[2026-01-05 17:32:41.751] > git remote
[2026-01-05 17:32:41.756] > git reflog --format=... refs/stash --
[2026-01-05 17:32:41.765] > git -c log.showSignature=false log --max-count=301 --format=... --date-order --branches --tags --remotes bad801dc4c8378635b7f73efd85e7685da793265 HEAD --
[2026-01-05 17:32:41.769] > git show-ref -d --head
[2026-01-05 17:32:41.777] > git status --untracked-files=all --porcelain
[2026-01-05 17:32:45.526] > git branch -a --no-color
[2026-01-05 17:32:45.532] > git remote
[2026-01-05 17:32:45.537] > git reflog --format=... refs/stash --
[2026-01-05 17:32:45.546] > git -c log.showSignature=false log --max-count=301 --format=... --date-order --branches --tags --remotes bad801dc4c8378635b7f73efd85e7685da793265 HEAD --
[2026-01-05 17:32:45.552] > git show-ref -d --head
[2026-01-05 17:32:45.560] > git status --untracked-files=all --porcelain
[2026-01-05 17:32:48.349] > git branch -a --no-color
[2026-01-05 17:32:48.354] > git remote
[2026-01-05 17:32:48.359] > git reflog --format=... refs/stash --
[2026-01-05 17:32:48.370] > git -c log.showSignature=false log --max-count=301 --format=... --date-order --branches --tags --remotes bad801dc4c8378635b7f73efd85e7685da793265 HEAD --
[2026-01-05 17:32:48.375] > git show-ref -d --head
[2026-01-05 17:32:48.382] > git status --untracked-files=all --porcelain
[2026-01-05 17:32:53.342] > git branch -a --no-color
[2026-01-05 17:32:53.347] > git remote
[2026-01-05 17:32:53.352] > git reflog --format=... refs/stash --
[2026-01-05 17:32:53.361] > git -c log.showSignature=false log --max-count=301 --format=... --date-order --branches --tags --remotes bad801dc4c8378635b7f73efd85e7685da793265 HEAD --
[2026-01-05 17:32:53.366] > git show-ref -d --head
[2026-01-05 17:32:53.373] > git status --untracked-files=all --porcelain
[2026-01-05 17:33:33.939] > git branch -a --no-color
[2026-01-05 17:33:33.945] > git remote
[2026-01-05 17:33:33.952] > git reflog --format=... refs/stash --
[2026-01-05 17:33:33.965] > git -c log.showSignature=false log --max-count=301 --format=... --date-order --branches --tags --remotes bad801dc4c8378635b7f73efd85e7685da793265 HEAD --
[2026-01-05 17:33:33.974] > git show-ref -d --head
[2026-01-05 17:33:33.985] > git status --untracked-files=all --porcelain
[2026-01-05 17:33:46.247] > git branch -a --no-color
[2026-01-05 17:33:46.254] > git remote
[2026-01-05 17:33:46.259] > git reflog --format=... refs/stash --
[2026-01-05 17:33:46.269] > git -c log.showSignature=false log --max-count=301 --format=... --date-order --branches --tags --remotes bad801dc4c8378635b7f73efd85e7685da793265 HEAD --
[2026-01-05 17:33:46.274] > git show-ref -d --head
[2026-01-05 17:33:46.281] > git status --untracked-files=all --porcelain
[2026-01-05 17:45:41.355] > git branch -a --no-color
[2026-01-05 17:45:41.361] > git remote
[2026-01-05 17:45:41.366] > git reflog --format=... refs/stash --
[2026-01-05 17:45:41.375] > git -c log.showSignature=false log --max-count=301 --format=... --date-order --branches --tags --remotes bad801dc4c8378635b7f73efd85e7685da793265 HEAD --
[2026-01-05 17:45:41.380] > git show-ref -d --head
[2026-01-05 17:45:41.387] > git status --untracked-files=all --porcelain
[2026-01-05 17:45:45.688] Stopped watching repo: /home/ell/Documents/ai-content-gen
[2026-01-05 17:45:54.158] > git branch -a --no-color
[2026-01-05 17:45:54.163] > git remote
[2026-01-05 17:45:54.168] > git reflog --format=... refs/stash --
[2026-01-05 17:45:54.171] Started watching repo: /home/ell/Documents/ai-content-gen
[2026-01-05 17:45:54.192] > git -c log.showSignature=false log --max-count=301 --format=... --date-order --branches --tags --remotes bad801dc4c8378635b7f73efd85e7685da793265 HEAD --
[2026-01-05 17:45:54.206] > git show-ref -d --head
[2026-01-05 17:45:54.218] > git status --untracked-files=all --porcelain
[2026-01-05 17:46:34.787] > git branch -a --no-color
[2026-01-05 17:46:34.792] > git remote
[2026-01-05 17:46:34.797] > git reflog --format=... refs/stash --
[2026-01-05 17:46:34.807] > git -c log.showSignature=false log --max-count=301 --format=... --date-order --branches --tags --remotes bad801dc4c8378635b7f73efd85e7685da793265 HEAD --
[2026-01-05 17:46:34.812] > git show-ref -d --head
[2026-01-05 17:46:34.820] > git status --untracked-files=all --porcelain
[2026-01-05 17:46:44.551] > git branch -a --no-color
[2026-01-05 17:46:44.555] > git remote
[2026-01-05 17:46:44.560] > git reflog --format=... refs/stash --
[2026-01-05 17:46:44.569] > git -c log.showSignature=false log --max-count=301 --format=... --date-order --branches --tags --remotes bad801dc4c8378635b7f73efd85e7685da793265 HEAD --
[2026-01-05 17:46:44.574] > git show-ref -d --head
[2026-01-05 17:46:44.582] > git status --untracked-files=all --porcelain
[2026-01-05 17:46:51.387] > git branch -a --no-color
[2026-01-05 17:46:51.396] > git remote
[2026-01-05 17:46:51.406] > git reflog --format=... refs/stash --
[2026-01-05 17:46:51.439] > git -c log.showSignature=false log --max-count=301 --format=... --date-order --branches --tags --remotes bad801dc4c8378635b7f73efd85e7685da793265 HEAD --
[2026-01-05 17:46:51.444] > git show-ref -d --head
[2026-01-05 17:46:51.459] > git status --untracked-files=all --porcelain
[2026-01-05 17:47:00.059] > git branch -a --no-color
[2026-01-05 17:47:00.064] > git remote
[2026-01-05 17:47:00.070] > git reflog --format=... refs/stash --
[2026-01-05 17:47:00.086] > git -c log.showSignature=false log --max-count=301 --format=... --date-order --branches --tags --remotes bad801dc4c8378635b7f73efd85e7685da793265 HEAD --
[2026-01-05 17:47:00.101] > git show-ref -d --head
[2026-01-05 17:47:00.121] > git status --untracked-files=all --porcelain
[2026-01-05 17:47:04.978] > git branch -a --no-color
[2026-01-05 17:47:04.992] > git remote
[2026-01-05 17:47:05.007] > git reflog --format=... refs/stash --
[2026-01-05 17:47:05.027] > git -c log.showSignature=false log --max-count=301 --format=... --date-order --branches --tags --remotes bad801dc4c8378635b7f73efd85e7685da793265 HEAD --
[2026-01-05 17:47:05.036] > git show-ref -d --head
[2026-01-05 17:47:05.053] > git status --untracked-files=all --porcelain
[2026-01-05 17:47:09.805] > git branch -a --no-color
[2026-01-05 17:47:09.814] > git remote
[2026-01-05 17:47:09.821] > git reflog --format=... refs/stash --
[2026-01-05 17:47:09.848] > git -c log.showSignature=false log --max-count=301 --format=... --date-order --branches --tags --remotes bad801dc4c8378635b7f73efd85e7685da793265 HEAD --
[2026-01-05 17:47:09.857] > git show-ref -d --head
[2026-01-05 17:47:09.872] > git status --untracked-files=all --porcelain
[2026-01-05 17:47:12.944] > git branch -a --no-color
[2026-01-05 17:47:12.950] > git remote
[2026-01-05 17:47:12.955] > git reflog --format=... refs/stash --
[2026-01-05 17:47:12.990] > git -c log.showSignature=false log --max-count=301 --format=... --date-order --branches --tags --remotes bad801dc4c8378635b7f73efd85e7685da793265 HEAD --
[2026-01-05 17:47:13.001] > git show-ref -d --head
[2026-01-05 17:47:13.018] > git status --untracked-files=all --porcelain
[2026-01-05 17:47:15.758] > git branch -a --no-color
[2026-01-05 17:47:15.763] > git remote
[2026-01-05 17:47:15.771] > git reflog --format=... refs/stash --
[2026-01-05 17:47:15.786] > git -c log.showSignature=false log --max-count=301 --format=... --date-order --branches --tags --remotes bad801dc4c8378635b7f73efd85e7685da793265 HEAD --
[2026-01-05 17:47:15.796] > git show-ref -d --head
[2026-01-05 17:47:15.805] > git status --untracked-files=all --porcelain
[2026-01-05 17:48:17.284] > git branch -a --no-color
[2026-01-05 17:48:17.291] > git remote
[2026-01-05 17:48:17.296] > git reflog --format=... refs/stash --
[2026-01-05 17:48:17.305] > git -c log.showSignature=false log --max-count=301 --format=... --date-order --branches --tags --remotes bad801dc4c8378635b7f73efd85e7685da793265 HEAD --
[2026-01-05 17:48:17.310] > git show-ref -d --head
[2026-01-05 17:48:17.319] > git status --untracked-files=all --porcelain
[2026-01-05 17:48:35.302] Stopped watching repo: /home/ell/Documents/ai-content-gen
[2026-01-05 17:48:56.011] > git branch -a --no-color
[2026-01-05 17:48:56.016] > git remote
[2026-01-05 17:48:56.021] > git reflog --format=... refs/stash --
[2026-01-05 17:48:56.022] Started watching repo: /home/ell/Documents/ai-content-gen
[2026-01-05 17:48:56.035] > git -c log.showSignature=false log --max-count=301 --format=... --date-order --branches --tags --remotes bad801dc4c8378635b7f73efd85e7685da793265 HEAD --
[2026-01-05 17:48:56.041] > git show-ref -d --head
[2026-01-05 17:48:56.049] > git status --untracked-files=all --porcelain
[2026-01-05 17:48:59.785] Stopped watching repo: /home/ell/Documents/ai-content-gen
[2026-01-05 17:55:51.879] > git branch -a --no-color
[2026-01-05 17:55:51.885] > git remote
[2026-01-05 17:55:51.893] > git reflog --format=... refs/stash --
[2026-01-05 17:55:51.894] Started watching repo: /home/ell/Documents/ai-content-gen
[2026-01-05 17:55:51.908] > git -c log.showSignature=false log --max-count=301 --format=... --date-order --branches --tags --remotes bad801dc4c8378635b7f73efd85e7685da793265 HEAD --
[2026-01-05 17:55:51.915] > git show-ref -d --head
[2026-01-05 17:55:51.925] > git status --untracked-files=all --porcelain
[2026-01-05 17:55:52.305] Stopped watching repo: /home/ell/Documents/ai-content-gen
