2026-01-05 15:40:11.530 [info] Extension host with pid 5578 started
2026-01-05 15:40:11.530 [info] Skipping acquiring lock for /home/ell/.config/Code - OSS/User/workspaceStorage/28706329798525d3416b29f0274b0c01.
2026-01-05 15:40:11.821 [info] ExtensionService#_doActivateExtension vscode.github-authentication, startup: false, activationEvent: 'onAuthenticationRequest:github'
2026-01-05 15:40:11.870 [info] ExtensionService#_doActivateExtension vscode.emmet, startup: false, activationEvent: 'onLanguage'
2026-01-05 15:40:11.910 [info] ExtensionService#_doActivateExtension vscode.typescript-language-features, startup: false, activationEvent: 'onLanguage:typescriptreact'
2026-01-05 15:40:12.026 [info] ExtensionService#_doActivateExtension christian-kohler.npm-intellisense, startup: false, activationEvent: 'onLanguage:typescriptreact'
2026-01-05 15:40:12.436 [info] ExtensionService#_doActivateExtension vscode.git-base, startup: true, activationEvent: '*', root cause: vscode.git
2026-01-05 15:40:12.443 [info] ExtensionService#_doActivateExtension formulahendry.auto-rename-tag, startup: true, activationEvent: '*'
2026-01-05 15:40:12.531 [info] ExtensionService#_doActivateExtension mhutchie.git-graph, startup: true, activationEvent: '*'
2026-01-05 15:40:12.595 [info] ExtensionService#_doActivateExtension vscode.npm, startup: true, activationEvent: 'workspaceContains:package.json'
2026-01-05 15:40:12.957 [info] ExtensionService#_doActivateExtension vscode.git, startup: true, activationEvent: '*'
2026-01-05 15:40:13.157 [info] ExtensionService#_doActivateExtension vscode.github, startup: true, activationEvent: '*'
2026-01-05 15:40:13.169 [info] ExtensionService#_doActivateExtension vscode.terminal-suggest, startup: false, activationEvent: 'onTerminalShellIntegration:*'
2026-01-05 15:40:13.892 [info] Eager extensions activated
2026-01-05 15:40:13.945 [info] ExtensionService#_doActivateExtension vscode.debug-auto-launch, startup: false, activationEvent: 'onStartupFinished'
2026-01-05 15:40:13.967 [info] ExtensionService#_doActivateExtension vscode.merge-conflict, startup: false, activationEvent: 'onStartupFinished'
2026-01-05 15:40:14.061 [info] ExtensionService#_doActivateExtension bradlc.vscode-tailwindcss, startup: false, activationEvent: 'onStartupFinished'
2026-01-05 15:40:14.269 [info] ExtensionService#_doActivateExtension dsznajder.es7-react-js-snippets, startup: false, activationEvent: 'onStartupFinished'
2026-01-05 15:40:15.585 [info] ExtensionService#_doActivateExtension esbenp.prettier-vscode, startup: false, activationEvent: 'onStartupFinished'
2026-01-05 15:40:15.704 [info] ExtensionService#_doActivateExtension PKief.material-icon-theme, startup: false, activationEvent: 'onStartupFinished'
2026-01-05 15:40:15.727 [info] ExtensionService#_doActivateExtension usernamehw.errorlens, startup: false, activationEvent: 'onStartupFinished'
2026-01-05 15:40:18.538 [info] ExtensionService#_doActivateExtension vscode.configuration-editing, startup: false, activationEvent: 'onLanguage:json'
2026-01-05 15:40:18.566 [info] ExtensionService#_doActivateExtension vscode.extension-editing, startup: false, activationEvent: 'onLanguage:json'
2026-01-05 15:40:18.591 [info] ExtensionService#_doActivateExtension vscode.json-language-features, startup: false, activationEvent: 'onLanguage:json'
2026-01-05 16:51:13.837 [warning] Illegal argument: TextEditor(vs.editor.ICodeEditor:1,$model21)
2026-01-05 17:29:32.196 [warning] Illegal argument: TextEditor(vs.editor.ICodeEditor:5,$model21)
2026-01-05 17:29:32.196 [warning] Illegal argument: TextEditor(vs.editor.ICodeEditor:5,$model21)
2026-01-05 17:29:32.197 [warning] Illegal argument: TextEditor(vs.editor.ICodeEditor:5,$model21)
2026-01-05 17:29:32.199 [warning] Illegal argument: TextEditor(vs.editor.ICodeEditor:5,$model21)
2026-01-05 17:29:32.199 [warning] Illegal argument: TextEditor(vs.editor.ICodeEditor:5,$model21)
2026-01-05 17:48:38.857 [info] ExtensionService#_doActivateExtension vscode.css-language-features, startup: false, activationEvent: 'onLanguage:css'
2026-01-05 17:48:40.582 [warning] Illegal argument: TextEditor(vs.editor.ICodeEditor:5,$model67)
2026-01-05 17:48:40.582 [warning] Illegal argument: TextEditor(vs.editor.ICodeEditor:5,$model67)
2026-01-05 17:48:40.582 [warning] Illegal argument: TextEditor(vs.editor.ICodeEditor:5,$model67)
2026-01-05 17:48:40.583 [warning] Illegal argument: TextEditor(vs.editor.ICodeEditor:5,$model67)
2026-01-05 17:48:48.840 [warning] Illegal argument: TextEditor(vs.editor.ICodeEditor:5,$model72)
2026-01-05 17:48:48.840 [warning] Illegal argument: TextEditor(vs.editor.ICodeEditor:5,$model72)
2026-01-05 17:48:48.841 [warning] Illegal argument: TextEditor(vs.editor.ICodeEditor:5,$model72)
2026-01-05 17:48:48.841 [warning] Illegal argument: TextEditor(vs.editor.ICodeEditor:5,$model72)
2026-01-05 17:48:55.729 [warning] Illegal argument: TextEditor(vs.editor.ICodeEditor:5,$model72)
2026-01-05 17:48:55.729 [warning] Illegal argument: TextEditor(vs.editor.ICodeEditor:5,$model72)
2026-01-05 17:48:55.729 [warning] Illegal argument: TextEditor(vs.editor.ICodeEditor:5,$model72)
2026-01-05 17:48:55.730 [warning] Illegal argument: TextEditor(vs.editor.ICodeEditor:5,$model72)
2026-01-05 19:02:35.988 [info] Extension host terminating: renderer closed the MessagePort
2026-01-05 19:02:36.057 [info] Extension host with pid 5578 exiting with code 0
