[2026-01-04 19:00:09.931] Starting Git Graph ...
[2026-01-04 19:00:10.004] Using git (version: 2.52.0)
[2026-01-04 19:00:10.020] > git rev-parse --show-toplevel
[2026-01-04 19:00:10.021] Showing "Git Graph" Status Bar Item
[2026-01-04 19:00:10.025] Started Git Graph - Ready to use!
[2026-01-04 19:00:10.074] Searching workspace for new repos ...
[2026-01-04 19:00:10.074] Completed searching workspace for new repos
[2026-01-04 19:00:10.397] Successfully set Visual Studio Code Context "git-graph:codiconsSupported" to "true"
[2026-01-04 19:00:31.838] Created Git Graph View
[2026-01-04 19:00:32.076] > git branch -a --no-color
[2026-01-04 19:00:32.080] > git remote
[2026-01-04 19:00:32.086] > git reflog --format=... refs/stash --
[2026-01-04 19:00:32.088] Started watching repo: /home/ell/Documents/ai-content-gen
[2026-01-04 19:00:32.098] > git -c log.showSignature=false log --max-count=301 --format=... --date-order --branches --tags --remotes HEAD --
[2026-01-04 19:00:32.102] > git show-ref -d --head
[2026-01-04 19:00:32.109] > git status --untracked-files=all --porcelain
[2026-01-04 19:00:32.223] > git --no-pager config --list -z --includes
[2026-01-04 19:00:32.226] > git --no-pager config --list -z --includes --local
[2026-01-04 19:00:32.232] > git --no-pager config --list -z --includes --global
[2026-01-04 19:00:48.770] > git branch -a --no-color
[2026-01-04 19:00:48.775] > git remote
[2026-01-04 19:00:48.780] > git reflog --format=... refs/stash --
[2026-01-04 19:00:48.790] > git -c log.showSignature=false log --max-count=301 --format=... --date-order --branches --tags --remotes HEAD --
[2026-01-04 19:00:48.794] > git show-ref -d --head
[2026-01-04 19:00:48.800] > git status --untracked-files=all --porcelain
[2026-01-04 19:00:56.527] > git branch -a --no-color
[2026-01-04 19:00:56.533] > git remote
[2026-01-04 19:00:56.538] > git reflog --format=... refs/stash --
[2026-01-04 19:00:56.547] > git -c log.showSignature=false log --max-count=301 --format=... --date-order --branches --tags --remotes HEAD --
[2026-01-04 19:00:56.551] > git show-ref -d --head
[2026-01-04 19:00:56.559] > git status --untracked-files=all --porcelain
[2026-01-04 19:01:41.502] Stopped watching repo: /home/ell/Documents/ai-content-gen
[2026-01-04 19:01:49.685] > git branch -a --no-color
[2026-01-04 19:01:49.691] > git remote
[2026-01-04 19:01:49.697] > git reflog --format=... refs/stash --
[2026-01-04 19:01:49.700] Started watching repo: /home/ell/Documents/ai-content-gen
[2026-01-04 19:01:49.710] > git -c log.showSignature=false log --max-count=301 --format=... --date-order --branches --tags --remotes HEAD --
[2026-01-04 19:01:49.718] > git show-ref -d --head
[2026-01-04 19:01:49.726] > git status --untracked-files=all --porcelain
[2026-01-04 19:01:51.213] Stopped watching repo: /home/ell/Documents/ai-content-gen
