2026-01-04 14:58:42.048 [info] Reading sessions from keychain...
2026-01-04 14:58:42.048 [info] Getting sessions for all scopes...
2026-01-04 14:58:42.048 [info] Got 0 sessions for ...
2026-01-04 14:58:42.048 [info] Getting sessions for all scopes...
2026-01-04 14:58:42.048 [info] Got 0 sessions for ...
2026-01-04 14:58:42.048 [info] Getting sessions for all scopes...
2026-01-04 14:58:42.048 [info] Got 0 sessions for ...
2026-01-04 14:58:42.048 [info] Getting sessions for all scopes...
2026-01-04 14:58:42.048 [info] Got 0 sessions for ...
2026-01-04 14:58:42.048 [info] Getting sessions for all scopes...
2026-01-04 14:58:42.048 [info] Got 0 sessions for ...
2026-01-04 14:58:42.048 [info] Getting sessions for all scopes...
2026-01-04 14:58:42.048 [info] Got 0 sessions for ...
2026-01-04 14:58:42.048 [info] Getting sessions for all scopes...
2026-01-04 14:58:42.048 [info] Got 0 sessions for ...
2026-01-04 14:58:42.048 [info] Getting sessions for all scopes...
2026-01-04 14:58:42.048 [info] Got 0 sessions for ...
2026-01-04 14:58:42.048 [info] Getting sessions for all scopes...
2026-01-04 14:58:42.048 [info] Got 0 sessions for ...
2026-01-04 14:58:42.048 [info] Getting sessions for all scopes...
2026-01-04 14:58:42.048 [info] Got 0 sessions for ...
2026-01-04 14:58:42.049 [info] Getting sessions for all scopes...
2026-01-04 14:58:42.049 [info] Got 0 sessions for ...
2026-01-04 14:58:42.049 [info] Getting sessions for all scopes...
2026-01-04 14:58:42.049 [info] Got 0 sessions for ...
2026-01-04 14:58:42.049 [info] Getting sessions for all scopes...
2026-01-04 14:58:42.049 [info] Got 0 sessions for ...
2026-01-04 14:58:42.049 [info] Getting sessions for all scopes...
2026-01-04 14:58:42.049 [info] Got 0 sessions for ...
2026-01-04 14:58:42.049 [info] Getting sessions for all scopes...
2026-01-04 14:58:42.049 [info] Got 0 sessions for ...
2026-01-04 14:58:42.049 [info] Getting sessions for all scopes...
2026-01-04 14:58:42.049 [info] Got 0 sessions for ...
2026-01-04 14:58:43.134 [info] Getting sessions for all scopes...
2026-01-04 14:58:43.135 [info] Got 0 sessions for ...
2026-01-04 14:58:43.214 [info] Getting sessions for all scopes...
2026-01-04 14:58:43.214 [info] Got 0 sessions for ...
2026-01-04 14:58:44.125 [info] Getting sessions for read:user,repo,user:email,workflow...
2026-01-04 14:58:44.125 [info] Got 0 sessions for read:user,repo,user:email,workflow...
2026-01-04 15:00:16.794 [info] Getting sessions for all scopes...
2026-01-04 15:00:16.794 [info] Got 0 sessions for ...
2026-01-04 15:00:19.593 [info] Getting sessions for all scopes...
2026-01-04 15:00:19.593 [info] Got 0 sessions for ...
2026-01-04 15:01:00.974 [info] Getting sessions for all scopes...
2026-01-04 15:01:00.974 [info] Got 0 sessions for ...
2026-01-04 15:01:07.210 [info] Getting sessions for all scopes...
2026-01-04 15:01:07.210 [info] Got 0 sessions for ...
2026-01-04 15:01:34.665 [info] Getting sessions for all scopes...
2026-01-04 15:01:34.665 [info] Got 0 sessions for ...
2026-01-04 15:01:45.282 [info] Getting sessions for all scopes...
2026-01-04 15:01:45.282 [info] Got 0 sessions for ...
2026-01-04 15:12:33.339 [info] Getting sessions for all scopes...
2026-01-04 15:12:33.339 [info] Got 0 sessions for ...
2026-01-04 15:13:30.753 [info] Getting sessions for all scopes...
2026-01-04 15:13:30.753 [info] Got 0 sessions for ...
