2026-01-04 19:00:08.900 [info] Extension host with pid 17840 started
2026-01-04 19:00:08.900 [info] Skipping acquiring lock for /home/ell/.config/Code - OSS/User/workspaceStorage/28706329798525d3416b29f0274b0c01.
2026-01-04 19:00:08.979 [info] ExtensionService#_doActivateExtension vscode.github-authentication, startup: false, activationEvent: 'onAuthenticationRequest:github'
2026-01-04 19:00:09.031 [info] ExtensionService#_doActivateExtension vscode.git-base, startup: false, activationEvent: 'onFileSystem:git', root cause: vscode.git
2026-01-04 19:00:09.035 [info] ExtensionService#_doActivateExtension vscode.emmet, startup: false, activationEvent: 'onLanguage'
2026-01-04 19:00:09.062 [info] ExtensionService#_doActivateExtension vscode.typescript-language-features, startup: false, activationEvent: 'onLanguage:typescriptreact'
2026-01-04 19:00:09.195 [info] ExtensionService#_doActivateExtension christian-kohler.npm-intellisense, startup: false, activationEvent: 'onLanguage:typescriptreact'
2026-01-04 19:00:09.410 [info] ExtensionService#_doActivateExtension vscode.git, startup: false, activationEvent: 'onFileSystem:git'
2026-01-04 19:00:09.758 [info] ExtensionService#_doActivateExtension vscode.github, startup: true, activationEvent: '*'
2026-01-04 19:00:09.759 [info] ExtensionService#_doActivateExtension formulahendry.auto-rename-tag, startup: true, activationEvent: '*'
2026-01-04 19:00:09.811 [info] ExtensionService#_doActivateExtension mhutchie.git-graph, startup: true, activationEvent: '*'
2026-01-04 19:00:09.829 [info] ExtensionService#_doActivateExtension vscode.npm, startup: true, activationEvent: 'workspaceContains:package.json'
2026-01-04 19:00:10.950 [info] Eager extensions activated
2026-01-04 19:00:11.014 [info] ExtensionService#_doActivateExtension vscode.debug-auto-launch, startup: false, activationEvent: 'onStartupFinished'
2026-01-04 19:00:11.029 [info] ExtensionService#_doActivateExtension vscode.merge-conflict, startup: false, activationEvent: 'onStartupFinished'
2026-01-04 19:00:11.182 [info] ExtensionService#_doActivateExtension bradlc.vscode-tailwindcss, startup: false, activationEvent: 'onStartupFinished'
2026-01-04 19:00:11.515 [info] ExtensionService#_doActivateExtension dsznajder.es7-react-js-snippets, startup: false, activationEvent: 'onStartupFinished'
2026-01-04 19:00:13.372 [info] ExtensionService#_doActivateExtension esbenp.prettier-vscode, startup: false, activationEvent: 'onStartupFinished'
2026-01-04 19:00:13.527 [info] ExtensionService#_doActivateExtension PKief.material-icon-theme, startup: false, activationEvent: 'onStartupFinished'
2026-01-04 19:00:13.603 [info] ExtensionService#_doActivateExtension usernamehw.errorlens, startup: false, activationEvent: 'onStartupFinished'
2026-01-04 19:00:14.075 [info] ExtensionService#_doActivateExtension vscode.terminal-suggest, startup: false, activationEvent: 'onTerminalShellIntegration:*'
2026-01-04 19:00:15.397 [info] ExtensionService#_doActivateExtension vscode.configuration-editing, startup: false, activationEvent: 'onLanguage:json'
2026-01-04 19:00:15.422 [info] ExtensionService#_doActivateExtension vscode.extension-editing, startup: false, activationEvent: 'onLanguage:json'
2026-01-04 19:00:15.452 [info] ExtensionService#_doActivateExtension vscode.json-language-features, startup: false, activationEvent: 'onLanguage:json'
2026-01-04 19:30:07.889 [info] Extension host terminating: renderer closed the MessagePort
2026-01-04 19:30:07.957 [warning] Canceled
2026-01-04 19:30:07.968 [info] Extension host with pid 17840 exiting with code 0
