2026-01-04 14:58:43.468 [info] [main] Log level: Info
2026-01-04 14:58:43.468 [info] [main] Validating found git in: "git"
2026-01-04 14:58:43.468 [info] [main] Using git "2.52.0" from "git"
2026-01-04 14:58:43.468 [info] [Model][doInitialScan] Initial repository scan started
2026-01-04 14:58:43.468 [info] > git rev-parse --show-toplevel [64ms]
2026-01-04 14:58:43.468 [info] > git rev-parse --git-dir --git-common-dir --show-superproject-working-tree [33ms]
2026-01-04 14:58:43.468 [info] [Model][openRepository] Opened repository (path): /home/ell/Documents/ai-content-gen
2026-01-04 14:58:43.468 [info] [Model][openRepository] Opened repository (real path): /home/ell/Documents/ai-content-gen
2026-01-04 14:58:43.468 [info] [Model][openRepository] Opened repository (kind): repository
2026-01-04 14:58:43.468 [info] > git rev-parse --show-toplevel [58ms]
2026-01-04 14:58:43.468 [info] > git config --get commit.template [65ms]
2026-01-04 14:58:43.486 [info] > git check-ignore -v -z --stdin [320ms]
2026-01-04 14:58:43.539 [info] > git for-each-ref --format=%(refname)%00%(upstream:short)%00%(objectname)%00%(upstream:track)%00%(upstream:remotename)%00%(upstream:remoteref) refs/heads/dev-frontend refs/remotes/dev-frontend [74ms]
2026-01-04 14:58:43.546 [info] > git rev-parse --show-toplevel [9ms]
2026-01-04 14:58:43.685 [info] > git status -z -uall [64ms]
2026-01-04 14:58:43.685 [info] > git for-each-ref --sort -committerdate --format %(refname)%00%(objectname)%00%(*objectname) [30ms]
2026-01-04 14:58:43.774 [info] > git rev-parse --show-toplevel [168ms]
2026-01-04 14:58:43.815 [info] > git for-each-ref --format=%(refname)%00%(upstream:short)%00%(objectname)%00%(upstream:track)%00%(upstream:remotename)%00%(upstream:remoteref) refs/heads/dev-frontend refs/remotes/dev-frontend [43ms]
2026-01-04 14:58:43.891 [info] > git config --get --local branch.dev-frontend.vscode-merge-base [55ms]
2026-01-04 14:58:43.907 [info] > git rev-parse --show-toplevel [95ms]
2026-01-04 14:58:43.908 [info] > git config --get commit.template [124ms]
2026-01-04 14:58:43.916 [info] > git for-each-ref --format=%(refname)%00%(upstream:short)%00%(objectname)%00%(upstream:track)%00%(upstream:remotename)%00%(upstream:remoteref) refs/heads/origin/dev-frontend refs/remotes/origin/dev-frontend [9ms]
2026-01-04 14:58:43.949 [info] > git rev-parse --show-toplevel [33ms]
2026-01-04 14:58:43.981 [info] > git for-each-ref --format=%(refname)%00%(upstream:short)%00%(objectname)%00%(upstream:track)%00%(upstream:remotename)%00%(upstream:remoteref) refs/heads/dev-frontend refs/remotes/dev-frontend [33ms]
2026-01-04 14:58:43.981 [info] > git merge-base refs/heads/dev-frontend refs/remotes/origin/dev-frontend [47ms]
2026-01-04 14:58:43.998 [info] > git rev-parse --show-toplevel [25ms]
2026-01-04 14:58:44.061 [info] > git rev-parse --show-toplevel [56ms]
2026-01-04 14:58:44.062 [info] > git diff --name-status -z --diff-filter=ADMR --find-renames=50% 20b0581f00c79f3e2a3680212781a76da4f4f06b...refs/remotes/origin/dev-frontend -- [66ms]
2026-01-04 14:58:44.098 [info] > git status -z -uall [17ms]
2026-01-04 14:58:44.098 [info] > git for-each-ref --sort -committerdate --format %(refname)%00%(objectname)%00%(*objectname) [8ms]
2026-01-04 14:58:44.113 [info] > git rev-parse --show-toplevel [16ms]
2026-01-04 14:58:44.127 [info] > git rev-parse --show-toplevel [4ms]
2026-01-04 14:58:44.128 [info] [Model][doInitialScan] Initial repository scan completed - repositories (1), closed repositories (0), parent repositories (0), unsafe repositories (0)
2026-01-04 14:58:44.156 [info] > git show --textconv :stores/useUsageStore.ts [10ms]
2026-01-04 14:58:44.156 [info] > git ls-files --stage -- stores/useUsageStore.ts [2ms]
2026-01-04 14:58:44.176 [info] > git hash-object -t tree /dev/null [10ms]
2026-01-04 14:58:44.176 [warning] [GitFileSystemProvider][stat] File not found - git:/home/ell/Documents/ai-content-gen/stores/useUsageStore.ts.git?%7B%22path%22%3A%22%2Fhome%2Fell%2FDocuments%2Fai-content-gen%2Fstores%2FuseUsageStore.ts%22%2C%22ref%22%3A%22%22%7D
2026-01-04 14:58:44.183 [info] > git hash-object -t tree /dev/null [7ms]
2026-01-04 14:58:44.183 [warning] [GitFileSystemProvider][readFile] File not found - git:/home/ell/Documents/ai-content-gen/stores/useUsageStore.ts.git?%7B%22path%22%3A%22%2Fhome%2Fell%2FDocuments%2Fai-content-gen%2Fstores%2FuseUsageStore.ts%22%2C%22ref%22%3A%22%22%7D
2026-01-04 14:58:44.225 [info] > git blame --root --incremental bad801dc4c8378635b7f73efd85e7685da793265 -- stores/useUsageStore.ts [23ms]
2026-01-04 14:58:44.225 [info] fatal: no such path stores/useUsageStore.ts in bad801dc4c8378635b7f73efd85e7685da793265
2026-01-04 14:58:55.167 [info] > git show --textconv :app/(pages)/dashboard/_components/PlanCard.tsx [35ms]
2026-01-04 14:58:55.186 [info] > git ls-files --stage -- app/(pages)/dashboard/_components/PlanCard.tsx [5ms]
2026-01-04 14:58:55.215 [info] > git check-ignore -v -z --stdin [8ms]
2026-01-04 14:58:55.216 [info] > git cat-file -s a514e5449195f08685ce31835ed5930677894342 [19ms]
2026-01-04 14:58:55.466 [info] > git blame --root --incremental bad801dc4c8378635b7f73efd85e7685da793265 -- app/(pages)/dashboard/_components/PlanCard.tsx [69ms]
2026-01-04 15:00:44.789 [info] > git config --get commit.template [2ms]
2026-01-04 15:00:44.797 [info] > git for-each-ref --format=%(refname)%00%(upstream:short)%00%(objectname)%00%(upstream:track)%00%(upstream:remotename)%00%(upstream:remoteref) refs/heads/dev-frontend refs/remotes/dev-frontend [1ms]
2026-01-04 15:00:44.808 [info] > git status -z -uall [6ms]
2026-01-04 15:00:44.809 [info] > git for-each-ref --sort -committerdate --format %(refname)%00%(objectname)%00%(*objectname) [2ms]
2026-01-04 15:01:00.062 [info] > git config --get commit.template [7ms]
2026-01-04 15:01:00.063 [info] > git for-each-ref --format=%(refname)%00%(upstream:short)%00%(objectname)%00%(upstream:track)%00%(upstream:remotename)%00%(upstream:remoteref) refs/heads/dev-frontend refs/remotes/dev-frontend [3ms]
2026-01-04 15:01:00.074 [info] > git status -z -uall [6ms]
2026-01-04 15:01:00.075 [info] > git for-each-ref --sort -committerdate --format %(refname)%00%(objectname)%00%(*objectname) [2ms]
2026-01-04 15:01:05.093 [info] > git config --get commit.template [5ms]
2026-01-04 15:01:05.094 [info] > git for-each-ref --format=%(refname)%00%(upstream:short)%00%(objectname)%00%(upstream:track)%00%(upstream:remotename)%00%(upstream:remoteref) refs/heads/dev-frontend refs/remotes/dev-frontend [1ms]
2026-01-04 15:01:05.102 [info] > git status -z -uall [4ms]
2026-01-04 15:01:05.103 [info] > git for-each-ref --sort -committerdate --format %(refname)%00%(objectname)%00%(*objectname) [1ms]
2026-01-04 15:01:10.227 [info] > git check-ignore -v -z --stdin [2ms]
2026-01-04 15:01:15.620 [info] > git check-ignore -v -z --stdin [1ms]
2026-01-04 15:01:18.165 [info] > git show --textconv :app/api/history/route.ts [6ms]
2026-01-04 15:01:18.165 [info] > git ls-files --stage -- app/api/history/route.ts [2ms]
2026-01-04 15:01:18.170 [info] > git cat-file -s 46c11595054127fdbcb10055740b79ab0a8853b8 [2ms]
2026-01-04 15:01:18.225 [info] > git blame --root --incremental bad801dc4c8378635b7f73efd85e7685da793265 -- app/api/history/route.ts [46ms]
2026-01-04 15:01:18.438 [info] > git check-ignore -v -z --stdin [1ms]
2026-01-04 15:01:23.500 [info] > git check-ignore -v -z --stdin [1ms]
2026-01-04 15:01:34.511 [info] > git for-each-ref --format=%(refname)%00%(upstream:short)%00%(objectname)%00%(upstream:track)%00%(upstream:remotename)%00%(upstream:remoteref) refs/heads/dev-frontend refs/remotes/dev-frontend [1ms]
2026-01-04 15:01:34.511 [info] > git config --get commit.template [7ms]
2026-01-04 15:01:34.529 [info] > git status -z -uall [11ms]
2026-01-04 15:01:34.529 [info] > git for-each-ref --sort -committerdate --format %(refname)%00%(objectname)%00%(*objectname) [2ms]
2026-01-04 15:05:42.218 [info] > git for-each-ref --format=%(refname)%00%(upstream:short)%00%(objectname)%00%(upstream:track)%00%(upstream:remotename)%00%(upstream:remoteref) refs/heads/dev-frontend refs/remotes/dev-frontend [3ms]
2026-01-04 15:05:42.219 [info] > git config --get commit.template [10ms]
2026-01-04 15:05:42.234 [info] > git status -z -uall [9ms]
2026-01-04 15:05:42.235 [info] > git for-each-ref --sort -committerdate --format %(refname)%00%(objectname)%00%(*objectname) [2ms]
2026-01-04 15:07:12.024 [info] > git config --get commit.template [5ms]
2026-01-04 15:07:12.024 [info] > git for-each-ref --format=%(refname)%00%(upstream:short)%00%(objectname)%00%(upstream:track)%00%(upstream:remotename)%00%(upstream:remoteref) refs/heads/dev-frontend refs/remotes/dev-frontend [1ms]
2026-01-04 15:07:12.034 [info] > git status -z -uall [5ms]
2026-01-04 15:07:12.035 [info] > git for-each-ref --sort -committerdate --format %(refname)%00%(objectname)%00%(*objectname) [2ms]
2026-01-04 15:08:12.801 [info] > git config --get commit.template [5ms]
2026-01-04 15:08:12.801 [info] > git for-each-ref --format=%(refname)%00%(upstream:short)%00%(objectname)%00%(upstream:track)%00%(upstream:remotename)%00%(upstream:remoteref) refs/heads/dev-frontend refs/remotes/dev-frontend [1ms]
2026-01-04 15:08:12.811 [info] > git status -z -uall [5ms]
2026-01-04 15:08:12.811 [info] > git for-each-ref --sort -committerdate --format %(refname)%00%(objectname)%00%(*objectname) [1ms]
2026-01-04 15:11:46.401 [info] > git config --get commit.template [5ms]
2026-01-04 15:11:46.401 [info] > git for-each-ref --format=%(refname)%00%(upstream:short)%00%(objectname)%00%(upstream:track)%00%(upstream:remotename)%00%(upstream:remoteref) refs/heads/dev-frontend refs/remotes/dev-frontend [1ms]
2026-01-04 15:11:46.411 [info] > git status -z -uall [5ms]
2026-01-04 15:11:46.412 [info] > git for-each-ref --sort -committerdate --format %(refname)%00%(objectname)%00%(*objectname) [2ms]
2026-01-04 15:11:58.754 [info] > git config --get commit.template [0ms]
2026-01-04 15:11:58.762 [info] > git for-each-ref --format=%(refname)%00%(upstream:short)%00%(objectname)%00%(upstream:track)%00%(upstream:remotename)%00%(upstream:remoteref) refs/heads/dev-frontend refs/remotes/dev-frontend [1ms]
2026-01-04 15:11:58.776 [info] > git status -z -uall [7ms]
2026-01-04 15:11:58.777 [info] > git for-each-ref --sort -committerdate --format %(refname)%00%(objectname)%00%(*objectname) [2ms]
2026-01-04 15:12:14.704 [info] > git config --get commit.template [1ms]
2026-01-04 15:12:14.712 [info] > git for-each-ref --format=%(refname)%00%(upstream:short)%00%(objectname)%00%(upstream:track)%00%(upstream:remotename)%00%(upstream:remoteref) refs/heads/dev-frontend refs/remotes/dev-frontend [0ms]
2026-01-04 15:12:14.728 [info] > git status -z -uall [9ms]
2026-01-04 15:12:14.729 [info] > git for-each-ref --sort -committerdate --format %(refname)%00%(objectname)%00%(*objectname) [3ms]
2026-01-04 15:12:19.749 [info] > git config --get commit.template [5ms]
2026-01-04 15:12:19.750 [info] > git for-each-ref --format=%(refname)%00%(upstream:short)%00%(objectname)%00%(upstream:track)%00%(upstream:remotename)%00%(upstream:remoteref) refs/heads/dev-frontend refs/remotes/dev-frontend [2ms]
2026-01-04 15:12:19.760 [info] > git status -z -uall [6ms]
2026-01-04 15:12:19.761 [info] > git for-each-ref --sort -committerdate --format %(refname)%00%(objectname)%00%(*objectname) [2ms]
2026-01-04 15:12:57.104 [info] > git config --get commit.template [5ms]
2026-01-04 15:12:57.105 [info] > git for-each-ref --format=%(refname)%00%(upstream:short)%00%(objectname)%00%(upstream:track)%00%(upstream:remotename)%00%(upstream:remoteref) refs/heads/dev-frontend refs/remotes/dev-frontend [2ms]
2026-01-04 15:12:57.115 [info] > git status -z -uall [5ms]
2026-01-04 15:12:57.117 [info] > git for-each-ref --sort -committerdate --format %(refname)%00%(objectname)%00%(*objectname) [2ms]
2026-01-04 15:13:29.094 [info] > git config --get commit.template [7ms]
2026-01-04 15:13:29.095 [info] > git for-each-ref --format=%(refname)%00%(upstream:short)%00%(objectname)%00%(upstream:track)%00%(upstream:remotename)%00%(upstream:remoteref) refs/heads/dev-frontend refs/remotes/dev-frontend [1ms]
2026-01-04 15:13:29.114 [info] > git status -z -uall [12ms]
2026-01-04 15:13:29.117 [info] > git for-each-ref --sort -committerdate --format %(refname)%00%(objectname)%00%(*objectname) [6ms]
2026-01-04 15:16:50.921 [info] > git config --get commit.template [11ms]
2026-01-04 15:16:50.922 [info] > git for-each-ref --format=%(refname)%00%(upstream:short)%00%(objectname)%00%(upstream:track)%00%(upstream:remotename)%00%(upstream:remoteref) refs/heads/dev-frontend refs/remotes/dev-frontend [2ms]
2026-01-04 15:16:50.937 [info] > git status -z -uall [8ms]
2026-01-04 15:16:50.939 [info] > git for-each-ref --sort -committerdate --format %(refname)%00%(objectname)%00%(*objectname) [2ms]
2026-01-04 15:17:45.270 [info] > git config --get commit.template [7ms]
2026-01-04 15:17:45.272 [info] > git for-each-ref --format=%(refname)%00%(upstream:short)%00%(objectname)%00%(upstream:track)%00%(upstream:remotename)%00%(upstream:remoteref) refs/heads/dev-frontend refs/remotes/dev-frontend [2ms]
2026-01-04 15:17:45.287 [info] > git status -z -uall [10ms]
2026-01-04 15:17:45.287 [info] > git for-each-ref --sort -committerdate --format %(refname)%00%(objectname)%00%(*objectname) [1ms]
2026-01-04 15:18:14.671 [info] > git config --get commit.template [5ms]
2026-01-04 15:18:14.672 [info] > git for-each-ref --format=%(refname)%00%(upstream:short)%00%(objectname)%00%(upstream:track)%00%(upstream:remotename)%00%(upstream:remoteref) refs/heads/dev-frontend refs/remotes/dev-frontend [2ms]
2026-01-04 15:18:14.681 [info] > git status -z -uall [5ms]
2026-01-04 15:18:14.682 [info] > git for-each-ref --sort -committerdate --format %(refname)%00%(objectname)%00%(*objectname) [1ms]
2026-01-04 15:18:57.025 [info] > git for-each-ref --format=%(refname)%00%(upstream:short)%00%(objectname)%00%(upstream:track)%00%(upstream:remotename)%00%(upstream:remoteref) refs/heads/dev-frontend refs/remotes/dev-frontend [2ms]
2026-01-04 15:18:57.026 [info] > git config --get commit.template [10ms]
2026-01-04 15:18:57.037 [info] > git status -z -uall [6ms]
2026-01-04 15:18:57.039 [info] > git for-each-ref --sort -committerdate --format %(refname)%00%(objectname)%00%(*objectname) [2ms]
2026-01-04 15:19:22.149 [info] > git config --get commit.template [3ms]
2026-01-04 15:19:22.156 [info] > git for-each-ref --format=%(refname)%00%(upstream:short)%00%(objectname)%00%(upstream:track)%00%(upstream:remotename)%00%(upstream:remoteref) refs/heads/dev-frontend refs/remotes/dev-frontend [0ms]
2026-01-04 15:19:22.172 [info] > git status -z -uall [8ms]
2026-01-04 15:19:22.174 [info] > git for-each-ref --sort -committerdate --format %(refname)%00%(objectname)%00%(*objectname) [3ms]
2026-01-04 15:19:41.223 [info] > git config --get commit.template [2ms]
2026-01-04 15:19:41.233 [info] > git for-each-ref --format=%(refname)%00%(upstream:short)%00%(objectname)%00%(upstream:track)%00%(upstream:remotename)%00%(upstream:remoteref) refs/heads/dev-frontend refs/remotes/dev-frontend [3ms]
2026-01-04 15:19:41.250 [info] > git status -z -uall [9ms]
2026-01-04 15:19:41.254 [info] > git for-each-ref --sort -committerdate --format %(refname)%00%(objectname)%00%(*objectname) [4ms]
2026-01-04 15:19:57.102 [info] > git config --get commit.template [1ms]
2026-01-04 15:19:57.112 [info] > git for-each-ref --format=%(refname)%00%(upstream:short)%00%(objectname)%00%(upstream:track)%00%(upstream:remotename)%00%(upstream:remoteref) refs/heads/dev-frontend refs/remotes/dev-frontend [3ms]
2026-01-04 15:19:57.127 [info] > git status -z -uall [8ms]
2026-01-04 15:19:57.128 [info] > git for-each-ref --sort -committerdate --format %(refname)%00%(objectname)%00%(*objectname) [3ms]
2026-01-04 15:21:51.520 [info] > git config --get commit.template [7ms]
2026-01-04 15:21:51.521 [info] > git for-each-ref --format=%(refname)%00%(upstream:short)%00%(objectname)%00%(upstream:track)%00%(upstream:remotename)%00%(upstream:remoteref) refs/heads/dev-frontend refs/remotes/dev-frontend [2ms]
2026-01-04 15:21:51.530 [info] > git status -z -uall [5ms]
2026-01-04 15:21:51.532 [info] > git for-each-ref --sort -committerdate --format %(refname)%00%(objectname)%00%(*objectname) [2ms]
2026-01-04 15:22:18.376 [info] > git config --get commit.template [2ms]
2026-01-04 15:22:18.395 [info] > git for-each-ref --format=%(refname)%00%(upstream:short)%00%(objectname)%00%(upstream:track)%00%(upstream:remotename)%00%(upstream:remoteref) refs/heads/dev-frontend refs/remotes/dev-frontend [2ms]
2026-01-04 15:22:18.439 [info] > git status -z -uall [18ms]
2026-01-04 15:22:18.441 [info] > git for-each-ref --sort -committerdate --format %(refname)%00%(objectname)%00%(*objectname) [3ms]
2026-01-04 15:22:35.824 [info] > git for-each-ref --format=%(refname)%00%(upstream:short)%00%(objectname)%00%(upstream:track)%00%(upstream:remotename)%00%(upstream:remoteref) refs/heads/dev-frontend refs/remotes/dev-frontend [1ms]
2026-01-04 15:22:35.824 [info] > git config --get commit.template [9ms]
2026-01-04 15:22:35.835 [info] > git status -z -uall [6ms]
2026-01-04 15:22:35.837 [info] > git for-each-ref --sort -committerdate --format %(refname)%00%(objectname)%00%(*objectname) [3ms]
2026-01-04 15:24:15.294 [info] > git config --get commit.template [7ms]
2026-01-04 15:24:15.295 [info] > git for-each-ref --format=%(refname)%00%(upstream:short)%00%(objectname)%00%(upstream:track)%00%(upstream:remotename)%00%(upstream:remoteref) refs/heads/dev-frontend refs/remotes/dev-frontend [1ms]
2026-01-04 15:24:15.308 [info] > git status -z -uall [6ms]
2026-01-04 15:24:15.309 [info] > git for-each-ref --sort -committerdate --format %(refname)%00%(objectname)%00%(*objectname) [2ms]
2026-01-04 15:25:25.584 [info] > git for-each-ref --format=%(refname)%00%(upstream:short)%00%(objectname)%00%(upstream:track)%00%(upstream:remotename)%00%(upstream:remoteref) refs/heads/dev-frontend refs/remotes/dev-frontend [1ms]
2026-01-04 15:25:25.584 [info] > git config --get commit.template [7ms]
2026-01-04 15:25:25.594 [info] > git status -z -uall [5ms]
2026-01-04 15:25:25.595 [info] > git for-each-ref --sort -committerdate --format %(refname)%00%(objectname)%00%(*objectname) [1ms]
2026-01-04 15:26:55.848 [info] > git config --get commit.template [5ms]
2026-01-04 15:26:55.850 [info] > git for-each-ref --format=%(refname)%00%(upstream:short)%00%(objectname)%00%(upstream:track)%00%(upstream:remotename)%00%(upstream:remoteref) refs/heads/dev-frontend refs/remotes/dev-frontend [2ms]
2026-01-04 15:26:55.861 [info] > git status -z -uall [6ms]
2026-01-04 15:26:55.862 [info] > git for-each-ref --sort -committerdate --format %(refname)%00%(objectname)%00%(*objectname) [2ms]
