2026-01-03 23:23:38.706 [info] [main] Log level: Info
2026-01-03 23:23:38.706 [info] [main] Validating found git in: "git"
2026-01-03 23:23:38.706 [info] [main] Using git "2.52.0" from "git"
2026-01-03 23:23:38.706 [info] [Model][doInitialScan] Initial repository scan started
2026-01-03 23:23:38.706 [info] > git rev-parse --show-toplevel [18ms]
2026-01-03 23:23:38.706 [info] > git rev-parse --git-dir --git-common-dir --show-superproject-working-tree [18ms]
2026-01-03 23:23:38.706 [info] [Model][openRepository] Opened repository (path): /home/ell/Documents/ai-content-gen
2026-01-03 23:23:38.706 [info] [Model][openRepository] Opened repository (real path): /home/ell/Documents/ai-content-gen
2026-01-03 23:23:38.706 [info] [Model][openRepository] Opened repository (kind): repository
2026-01-03 23:23:38.706 [info] > git config --get commit.template [14ms]
2026-01-03 23:23:38.706 [info] > git rev-parse --show-toplevel [10ms]
2026-01-03 23:23:38.706 [info] > git rev-parse --show-toplevel [49ms]
2026-01-03 23:23:38.706 [info] > git for-each-ref --format=%(refname)%00%(upstream:short)%00%(objectname)%00%(upstream:track)%00%(upstream:remotename)%00%(upstream:remoteref) refs/heads/dev-frontend refs/remotes/dev-frontend [57ms]
2026-01-03 23:23:38.706 [info] > git rev-parse --show-toplevel [28ms]
2026-01-03 23:23:38.716 [info] > git check-ignore -v -z --stdin [178ms]
2026-01-03 23:23:38.717 [info] > git status -z -uall [17ms]
2026-01-03 23:23:38.717 [info] > git rev-parse --show-toplevel [203ms]
2026-01-03 23:23:38.741 [info] > git for-each-ref --sort -committerdate --format %(refname)%00%(objectname)%00%(*objectname) [36ms]
2026-01-03 23:23:38.778 [info] > git for-each-ref --format=%(refname)%00%(upstream:short)%00%(objectname)%00%(upstream:track)%00%(upstream:remotename)%00%(upstream:remoteref) refs/heads/dev-frontend refs/remotes/dev-frontend [20ms]
2026-01-03 23:23:38.784 [info] > git rev-parse --show-toplevel [47ms]
2026-01-03 23:23:38.785 [info] > git config --get --local branch.dev-frontend.vscode-merge-base [1ms]
2026-01-03 23:23:38.792 [info] > git config --get commit.template [23ms]
2026-01-03 23:23:38.802 [info] > git for-each-ref --format=%(refname)%00%(upstream:short)%00%(objectname)%00%(upstream:track)%00%(upstream:remotename)%00%(upstream:remoteref) refs/heads/origin/dev-frontend refs/remotes/origin/dev-frontend [11ms]
2026-01-03 23:23:38.831 [info] > git merge-base refs/heads/dev-frontend refs/remotes/origin/dev-frontend [22ms]
2026-01-03 23:23:38.839 [info] > git rev-parse --show-toplevel [38ms]
2026-01-03 23:23:38.847 [info] > git for-each-ref --format=%(refname)%00%(upstream:short)%00%(objectname)%00%(upstream:track)%00%(upstream:remotename)%00%(upstream:remoteref) refs/heads/dev-frontend refs/remotes/dev-frontend [19ms]
2026-01-03 23:23:38.865 [info] > git rev-parse --show-toplevel [20ms]
2026-01-03 23:23:38.866 [info] > git diff --name-status -z --diff-filter=ADMR --find-renames=50% 20b0581f00c79f3e2a3680212781a76da4f4f06b...refs/remotes/origin/dev-frontend -- [27ms]
2026-01-03 23:23:38.887 [info] > git rev-parse --show-toplevel [14ms]
2026-01-03 23:23:38.895 [info] > git status -z -uall [14ms]
2026-01-03 23:23:38.895 [info] > git for-each-ref --sort -committerdate --format %(refname)%00%(objectname)%00%(*objectname) [8ms]
2026-01-03 23:23:38.914 [info] > git rev-parse --show-toplevel [19ms]
2026-01-03 23:23:38.914 [info] [Model][doInitialScan] Initial repository scan completed - repositories (1), closed repositories (0), parent repositories (0), unsafe repositories (0)
2026-01-03 23:23:38.943 [info] > git show --textconv :app/(pages)/dashboard/_components/PlanCard.tsx [24ms]
2026-01-03 23:23:38.943 [info] > git ls-files --stage -- app/(pages)/dashboard/_components/PlanCard.tsx [20ms]
2026-01-03 23:23:38.951 [info] > git cat-file -s a514e5449195f08685ce31835ed5930677894342 [3ms]
2026-01-03 23:23:39.195 [info] > git blame --root --incremental bad801dc4c8378635b7f73efd85e7685da793265 -- app/(pages)/dashboard/_components/PlanCard.tsx [83ms]
2026-01-03 23:25:49.006 [info] > git config --get commit.template [5ms]
2026-01-03 23:25:49.007 [info] > git for-each-ref --format=%(refname)%00%(upstream:short)%00%(objectname)%00%(upstream:track)%00%(upstream:remotename)%00%(upstream:remoteref) refs/heads/dev-frontend refs/remotes/dev-frontend [2ms]
2026-01-03 23:25:49.017 [info] > git status -z -uall [5ms]
2026-01-03 23:25:49.018 [info] > git for-each-ref --sort -committerdate --format %(refname)%00%(objectname)%00%(*objectname) [1ms]
2026-01-03 23:26:27.731 [info] > git config --get commit.template [1ms]
2026-01-03 23:26:27.739 [info] > git for-each-ref --format=%(refname)%00%(upstream:short)%00%(objectname)%00%(upstream:track)%00%(upstream:remotename)%00%(upstream:remoteref) refs/heads/dev-frontend refs/remotes/dev-frontend [2ms]
2026-01-03 23:26:27.751 [info] > git status -z -uall [8ms]
2026-01-03 23:26:27.752 [info] > git for-each-ref --sort -committerdate --format %(refname)%00%(objectname)%00%(*objectname) [1ms]
2026-01-03 23:27:31.512 [info] > git config --get commit.template [7ms]
2026-01-03 23:27:31.514 [info] > git for-each-ref --format=%(refname)%00%(upstream:short)%00%(objectname)%00%(upstream:track)%00%(upstream:remotename)%00%(upstream:remoteref) refs/heads/dev-frontend refs/remotes/dev-frontend [3ms]
2026-01-03 23:27:31.528 [info] > git status -z -uall [9ms]
2026-01-03 23:27:31.528 [info] > git for-each-ref --sort -committerdate --format %(refname)%00%(objectname)%00%(*objectname) [1ms]
2026-01-03 23:27:37.521 [info] > git config --get commit.template [1ms]
2026-01-03 23:27:37.527 [info] > git for-each-ref --format=%(refname)%00%(upstream:short)%00%(objectname)%00%(upstream:track)%00%(upstream:remotename)%00%(upstream:remoteref) refs/heads/dev-frontend refs/remotes/dev-frontend [1ms]
2026-01-03 23:27:37.539 [info] > git status -z -uall [7ms]
2026-01-03 23:27:37.541 [info] > git for-each-ref --sort -committerdate --format %(refname)%00%(objectname)%00%(*objectname) [3ms]
2026-01-03 23:28:00.039 [info] > git config --get commit.template [5ms]
2026-01-03 23:28:00.040 [info] > git for-each-ref --format=%(refname)%00%(upstream:short)%00%(objectname)%00%(upstream:track)%00%(upstream:remotename)%00%(upstream:remoteref) refs/heads/dev-frontend refs/remotes/dev-frontend [2ms]
2026-01-03 23:28:00.049 [info] > git status -z -uall [5ms]
2026-01-03 23:28:00.050 [info] > git for-each-ref --sort -committerdate --format %(refname)%00%(objectname)%00%(*objectname) [1ms]
2026-01-03 23:31:21.007 [info] > git config --get commit.template [5ms]
2026-01-03 23:31:21.008 [info] > git for-each-ref --format=%(refname)%00%(upstream:short)%00%(objectname)%00%(upstream:track)%00%(upstream:remotename)%00%(upstream:remoteref) refs/heads/dev-frontend refs/remotes/dev-frontend [1ms]
2026-01-03 23:31:21.020 [info] > git status -z -uall [6ms]
2026-01-03 23:31:21.021 [info] > git for-each-ref --sort -committerdate --format %(refname)%00%(objectname)%00%(*objectname) [2ms]
2026-01-03 23:31:26.038 [info] > git config --get commit.template [5ms]
2026-01-03 23:31:26.039 [info] > git for-each-ref --format=%(refname)%00%(upstream:short)%00%(objectname)%00%(upstream:track)%00%(upstream:remotename)%00%(upstream:remoteref) refs/heads/dev-frontend refs/remotes/dev-frontend [1ms]
2026-01-03 23:31:26.048 [info] > git status -z -uall [4ms]
2026-01-03 23:31:26.049 [info] > git for-each-ref --sort -committerdate --format %(refname)%00%(objectname)%00%(*objectname) [1ms]
2026-01-03 23:31:31.575 [info] > git config --get commit.template [1ms]
2026-01-03 23:31:31.585 [info] > git for-each-ref --format=%(refname)%00%(upstream:short)%00%(objectname)%00%(upstream:track)%00%(upstream:remotename)%00%(upstream:remoteref) refs/heads/dev-frontend refs/remotes/dev-frontend [3ms]
2026-01-03 23:31:31.601 [info] > git status -z -uall [6ms]
2026-01-03 23:31:31.602 [info] > git for-each-ref --sort -committerdate --format %(refname)%00%(objectname)%00%(*objectname) [2ms]
2026-01-03 23:31:42.070 [info] > git config --get commit.template [6ms]
2026-01-03 23:31:42.071 [info] > git for-each-ref --format=%(refname)%00%(upstream:short)%00%(objectname)%00%(upstream:track)%00%(upstream:remotename)%00%(upstream:remoteref) refs/heads/dev-frontend refs/remotes/dev-frontend [1ms]
2026-01-03 23:31:42.084 [info] > git status -z -uall [8ms]
2026-01-03 23:31:42.085 [info] > git for-each-ref --sort -committerdate --format %(refname)%00%(objectname)%00%(*objectname) [2ms]
2026-01-03 23:31:47.098 [info] > git config --get commit.template [5ms]
2026-01-03 23:31:47.099 [info] > git for-each-ref --format=%(refname)%00%(upstream:short)%00%(objectname)%00%(upstream:track)%00%(upstream:remotename)%00%(upstream:remoteref) refs/heads/dev-frontend refs/remotes/dev-frontend [2ms]
2026-01-03 23:31:47.108 [info] > git status -z -uall [5ms]
2026-01-03 23:31:47.109 [info] > git for-each-ref --sort -committerdate --format %(refname)%00%(objectname)%00%(*objectname) [2ms]
2026-01-03 23:31:52.124 [info] > git config --get commit.template [5ms]
2026-01-03 23:31:52.124 [info] > git for-each-ref --format=%(refname)%00%(upstream:short)%00%(objectname)%00%(upstream:track)%00%(upstream:remotename)%00%(upstream:remoteref) refs/heads/dev-frontend refs/remotes/dev-frontend [1ms]
2026-01-03 23:31:52.140 [info] > git status -z -uall [8ms]
2026-01-03 23:31:52.140 [info] > git for-each-ref --sort -committerdate --format %(refname)%00%(objectname)%00%(*objectname) [2ms]
2026-01-03 23:32:03.081 [info] > git config --get commit.template [10ms]
2026-01-03 23:32:03.084 [info] > git for-each-ref --format=%(refname)%00%(upstream:short)%00%(objectname)%00%(upstream:track)%00%(upstream:remotename)%00%(upstream:remoteref) refs/heads/dev-frontend refs/remotes/dev-frontend [4ms]
2026-01-03 23:32:03.098 [info] > git status -z -uall [8ms]
2026-01-03 23:32:03.099 [info] > git for-each-ref --sort -committerdate --format %(refname)%00%(objectname)%00%(*objectname) [2ms]
2026-01-03 23:32:56.216 [info] > git config --get commit.template [2ms]
2026-01-03 23:32:56.222 [info] > git for-each-ref --format=%(refname)%00%(upstream:short)%00%(objectname)%00%(upstream:track)%00%(upstream:remotename)%00%(upstream:remoteref) refs/heads/dev-frontend refs/remotes/dev-frontend [2ms]
2026-01-03 23:32:56.232 [info] > git status -z -uall [6ms]
2026-01-03 23:32:56.233 [info] > git for-each-ref --sort -committerdate --format %(refname)%00%(objectname)%00%(*objectname) [2ms]
2026-01-03 23:34:25.722 [info] > git config --get commit.template [1ms]
2026-01-03 23:34:25.728 [info] > git for-each-ref --format=%(refname)%00%(upstream:short)%00%(objectname)%00%(upstream:track)%00%(upstream:remotename)%00%(upstream:remoteref) refs/heads/dev-frontend refs/remotes/dev-frontend [2ms]
2026-01-03 23:34:25.738 [info] > git status -z -uall [6ms]
2026-01-03 23:34:25.739 [info] > git for-each-ref --sort -committerdate --format %(refname)%00%(objectname)%00%(*objectname) [1ms]
2026-01-03 23:34:48.909 [info] > git config --get commit.template [6ms]
2026-01-03 23:34:48.910 [info] > git for-each-ref --format=%(refname)%00%(upstream:short)%00%(objectname)%00%(upstream:track)%00%(upstream:remotename)%00%(upstream:remoteref) refs/heads/dev-frontend refs/remotes/dev-frontend [2ms]
2026-01-03 23:34:48.919 [info] > git status -z -uall [5ms]
2026-01-03 23:34:48.920 [info] > git for-each-ref --sort -committerdate --format %(refname)%00%(objectname)%00%(*objectname) [1ms]
2026-01-03 23:34:58.694 [info] > git config --get commit.template [6ms]
2026-01-03 23:34:58.695 [info] > git for-each-ref --format=%(refname)%00%(upstream:short)%00%(objectname)%00%(upstream:track)%00%(upstream:remotename)%00%(upstream:remoteref) refs/heads/dev-frontend refs/remotes/dev-frontend [2ms]
2026-01-03 23:34:58.704 [info] > git status -z -uall [5ms]
2026-01-03 23:34:58.706 [info] > git for-each-ref --sort -committerdate --format %(refname)%00%(objectname)%00%(*objectname) [3ms]
2026-01-03 23:35:23.069 [info] > git config --get commit.template [5ms]
2026-01-03 23:35:23.070 [info] > git for-each-ref --format=%(refname)%00%(upstream:short)%00%(objectname)%00%(upstream:track)%00%(upstream:remotename)%00%(upstream:remoteref) refs/heads/dev-frontend refs/remotes/dev-frontend [2ms]
2026-01-03 23:35:23.080 [info] > git status -z -uall [5ms]
2026-01-03 23:35:23.082 [info] > git for-each-ref --sort -committerdate --format %(refname)%00%(objectname)%00%(*objectname) [3ms]
2026-01-03 23:35:42.535 [info] > git config --get commit.template [12ms]
2026-01-03 23:35:42.547 [info] > git for-each-ref --format=%(refname)%00%(upstream:short)%00%(objectname)%00%(upstream:track)%00%(upstream:remotename)%00%(upstream:remoteref) refs/heads/dev-frontend refs/remotes/dev-frontend [1ms]
2026-01-03 23:35:42.565 [info] > git status -z -uall [8ms]
2026-01-03 23:35:42.565 [info] > git for-each-ref --sort -committerdate --format %(refname)%00%(objectname)%00%(*objectname) [2ms]
2026-01-03 23:35:47.585 [info] > git config --get commit.template [5ms]
2026-01-03 23:35:47.586 [info] > git for-each-ref --format=%(refname)%00%(upstream:short)%00%(objectname)%00%(upstream:track)%00%(upstream:remotename)%00%(upstream:remoteref) refs/heads/dev-frontend refs/remotes/dev-frontend [2ms]
2026-01-03 23:35:47.597 [info] > git status -z -uall [6ms]
2026-01-03 23:35:47.599 [info] > git for-each-ref --sort -committerdate --format %(refname)%00%(objectname)%00%(*objectname) [2ms]
2026-01-03 23:35:52.612 [info] > git config --get commit.template [5ms]
2026-01-03 23:35:52.613 [info] > git for-each-ref --format=%(refname)%00%(upstream:short)%00%(objectname)%00%(upstream:track)%00%(upstream:remotename)%00%(upstream:remoteref) refs/heads/dev-frontend refs/remotes/dev-frontend [2ms]
2026-01-03 23:35:52.622 [info] > git status -z -uall [5ms]
2026-01-03 23:35:52.623 [info] > git for-each-ref --sort -committerdate --format %(refname)%00%(objectname)%00%(*objectname) [2ms]
2026-01-03 23:36:04.372 [info] > git config --get commit.template [0ms]
2026-01-03 23:36:04.378 [info] > git for-each-ref --format=%(refname)%00%(upstream:short)%00%(objectname)%00%(upstream:track)%00%(upstream:remotename)%00%(upstream:remoteref) refs/heads/dev-frontend refs/remotes/dev-frontend [1ms]
2026-01-03 23:36:04.390 [info] > git status -z -uall [6ms]
2026-01-03 23:36:04.393 [info] > git for-each-ref --sort -committerdate --format %(refname)%00%(objectname)%00%(*objectname) [3ms]
2026-01-03 23:40:05.499 [info] > git config --get commit.template [1ms]
2026-01-03 23:40:05.506 [info] > git for-each-ref --format=%(refname)%00%(upstream:short)%00%(objectname)%00%(upstream:track)%00%(upstream:remotename)%00%(upstream:remoteref) refs/heads/dev-frontend refs/remotes/dev-frontend [1ms]
2026-01-03 23:40:05.518 [info] > git status -z -uall [7ms]
2026-01-03 23:40:05.519 [info] > git for-each-ref --sort -committerdate --format %(refname)%00%(objectname)%00%(*objectname) [2ms]
2026-01-03 23:40:18.635 [info] > git config --get commit.template [1ms]
2026-01-03 23:40:18.642 [info] > git for-each-ref --format=%(refname)%00%(upstream:short)%00%(objectname)%00%(upstream:track)%00%(upstream:remotename)%00%(upstream:remoteref) refs/heads/dev-frontend refs/remotes/dev-frontend [2ms]
2026-01-03 23:40:18.650 [info] > git status -z -uall [4ms]
2026-01-03 23:40:18.652 [info] > git for-each-ref --sort -committerdate --format %(refname)%00%(objectname)%00%(*objectname) [2ms]
2026-01-03 23:40:23.665 [info] > git config --get commit.template [4ms]
2026-01-03 23:40:23.667 [info] > git for-each-ref --format=%(refname)%00%(upstream:short)%00%(objectname)%00%(upstream:track)%00%(upstream:remotename)%00%(upstream:remoteref) refs/heads/dev-frontend refs/remotes/dev-frontend [3ms]
2026-01-03 23:40:23.676 [info] > git status -z -uall [5ms]
2026-01-03 23:40:23.677 [info] > git for-each-ref --sort -committerdate --format %(refname)%00%(objectname)%00%(*objectname) [2ms]
2026-01-03 23:41:07.788 [info] > git config --get commit.template [6ms]
2026-01-03 23:41:07.788 [info] > git for-each-ref --format=%(refname)%00%(upstream:short)%00%(objectname)%00%(upstream:track)%00%(upstream:remotename)%00%(upstream:remoteref) refs/heads/dev-frontend refs/remotes/dev-frontend [1ms]
2026-01-03 23:41:07.798 [info] > git status -z -uall [5ms]
2026-01-03 23:41:07.799 [info] > git for-each-ref --sort -committerdate --format %(refname)%00%(objectname)%00%(*objectname) [2ms]
2026-01-03 23:41:12.814 [info] > git config --get commit.template [2ms]
2026-01-03 23:41:12.822 [info] > git for-each-ref --format=%(refname)%00%(upstream:short)%00%(objectname)%00%(upstream:track)%00%(upstream:remotename)%00%(upstream:remoteref) refs/heads/dev-frontend refs/remotes/dev-frontend [2ms]
2026-01-03 23:41:12.837 [info] > git status -z -uall [9ms]
2026-01-03 23:41:12.841 [info] > git for-each-ref --sort -committerdate --format %(refname)%00%(objectname)%00%(*objectname) [4ms]
2026-01-03 23:41:17.854 [info] > git config --get commit.template [6ms]
2026-01-03 23:41:17.855 [info] > git for-each-ref --format=%(refname)%00%(upstream:short)%00%(objectname)%00%(upstream:track)%00%(upstream:remotename)%00%(upstream:remoteref) refs/heads/dev-frontend refs/remotes/dev-frontend [2ms]
2026-01-03 23:41:17.864 [info] > git status -z -uall [5ms]
2026-01-03 23:41:17.865 [info] > git for-each-ref --sort -committerdate --format %(refname)%00%(objectname)%00%(*objectname) [2ms]
2026-01-03 23:41:22.880 [info] > git config --get commit.template [5ms]
2026-01-03 23:41:22.881 [info] > git for-each-ref --format=%(refname)%00%(upstream:short)%00%(objectname)%00%(upstream:track)%00%(upstream:remotename)%00%(upstream:remoteref) refs/heads/dev-frontend refs/remotes/dev-frontend [1ms]
2026-01-03 23:41:22.892 [info] > git status -z -uall [6ms]
2026-01-03 23:41:22.893 [info] > git for-each-ref --sort -committerdate --format %(refname)%00%(objectname)%00%(*objectname) [2ms]
2026-01-03 23:42:18.965 [info] > git config --get commit.template [1ms]
2026-01-03 23:42:18.973 [info] > git for-each-ref --format=%(refname)%00%(upstream:short)%00%(objectname)%00%(upstream:track)%00%(upstream:remotename)%00%(upstream:remoteref) refs/heads/dev-frontend refs/remotes/dev-frontend [2ms]
2026-01-03 23:42:19.030 [info] > git status -z -uall [12ms]
2026-01-03 23:42:19.033 [info] > git for-each-ref --sort -committerdate --format %(refname)%00%(objectname)%00%(*objectname) [6ms]
2026-01-03 23:42:19.449 [info] > git check-ignore -v -z --stdin [2ms]
2026-01-03 23:42:25.706 [info] > git config --get commit.template [1ms]
2026-01-03 23:42:25.713 [info] > git for-each-ref --format=%(refname)%00%(upstream:short)%00%(objectname)%00%(upstream:track)%00%(upstream:remotename)%00%(upstream:remoteref) refs/heads/dev-frontend refs/remotes/dev-frontend [2ms]
2026-01-03 23:42:25.722 [info] > git status -z -uall [5ms]
2026-01-03 23:42:25.723 [info] > git for-each-ref --sort -committerdate --format %(refname)%00%(objectname)%00%(*objectname) [2ms]
2026-01-03 23:42:37.969 [info] > git config --get commit.template [6ms]
2026-01-03 23:42:37.971 [info] > git for-each-ref --format=%(refname)%00%(upstream:short)%00%(objectname)%00%(upstream:track)%00%(upstream:remotename)%00%(upstream:remoteref) refs/heads/dev-frontend refs/remotes/dev-frontend [3ms]
2026-01-03 23:42:37.981 [info] > git status -z -uall [5ms]
2026-01-03 23:42:37.982 [info] > git for-each-ref --sort -committerdate --format %(refname)%00%(objectname)%00%(*objectname) [2ms]
2026-01-03 23:43:27.114 [info] > git config --get commit.template [4ms]
2026-01-03 23:43:27.115 [info] > git for-each-ref --format=%(refname)%00%(upstream:short)%00%(objectname)%00%(upstream:track)%00%(upstream:remotename)%00%(upstream:remoteref) refs/heads/dev-frontend refs/remotes/dev-frontend [2ms]
2026-01-03 23:43:27.125 [info] > git status -z -uall [5ms]
2026-01-03 23:43:27.126 [info] > git for-each-ref --sort -committerdate --format %(refname)%00%(objectname)%00%(*objectname) [2ms]
2026-01-03 23:43:38.272 [info] > git config --get commit.template [2ms]
2026-01-03 23:43:38.278 [info] > git for-each-ref --format=%(refname)%00%(upstream:short)%00%(objectname)%00%(upstream:track)%00%(upstream:remotename)%00%(upstream:remoteref) refs/heads/dev-frontend refs/remotes/dev-frontend [1ms]
2026-01-03 23:43:38.289 [info] > git status -z -uall [6ms]
2026-01-03 23:43:38.290 [info] > git for-each-ref --sort -committerdate --format %(refname)%00%(objectname)%00%(*objectname) [1ms]
