2026-01-12 11:11:36.218 [info] [main] Log level: Info
2026-01-12 11:11:36.218 [info] [main] Validating found git in: "git"
2026-01-12 11:11:36.218 [info] [main] Using git "2.52.0" from "git"
2026-01-12 11:11:36.218 [info] [Model][doInitialScan] Initial repository scan started
2026-01-12 11:11:36.218 [info] > git rev-parse --show-toplevel [15ms]
2026-01-12 11:11:36.219 [info] > git rev-parse --git-dir --git-common-dir --show-superproject-working-tree [4ms]
2026-01-12 11:11:36.236 [info] [Model][openRepository] Opened repository (path): /home/ell/Documents/ai-content-gen
2026-01-12 11:11:36.236 [info] [Model][openRepository] Opened repository (real path): /home/ell/Documents/ai-content-gen
2026-01-12 11:11:36.236 [info] [Model][openRepository] Opened repository (kind): repository
2026-01-12 11:11:36.627 [info] > git config --get commit.template [139ms]
2026-01-12 11:11:36.801 [info] > git rev-parse --show-toplevel [97ms]
2026-01-12 11:11:36.836 [info] > git for-each-ref --format=%(refname)%00%(upstream:short)%00%(objectname)%00%(upstream:track)%00%(upstream:remotename)%00%(upstream:remoteref) refs/heads/dev refs/remotes/dev [55ms]
2026-01-12 11:11:36.868 [info] > git rev-parse --show-toplevel [33ms]
2026-01-12 11:11:36.920 [info] > git status -z -uall [16ms]
2026-01-12 11:11:36.920 [info] > git rev-parse --show-toplevel [34ms]
2026-01-12 11:11:37.187 [info] > git for-each-ref --sort -committerdate --format %(refname)%00%(objectname)%00%(*objectname) [268ms]
2026-01-12 11:11:37.243 [info] > git check-ignore -v -z --stdin [18ms]
2026-01-12 11:11:37.245 [info] > git for-each-ref --format=%(refname)%00%(upstream:short)%00%(objectname)%00%(upstream:track)%00%(upstream:remotename)%00%(upstream:remoteref) refs/heads/dev refs/remotes/dev [29ms]
2026-01-12 11:11:37.250 [info] > git rev-parse --show-toplevel [87ms]
2026-01-12 11:11:37.266 [info] > git config --get --local branch.dev.vscode-merge-base [17ms]
2026-01-12 11:11:37.273 [info] > git rev-parse --show-toplevel [8ms]
2026-01-12 11:11:37.273 [info] > git config --get commit.template [17ms]
2026-01-12 11:11:38.441 [info] > git for-each-ref --format=%(refname)%00%(upstream:short)%00%(objectname)%00%(upstream:track)%00%(upstream:remotename)%00%(upstream:remoteref) refs/heads/origin/main refs/remotes/origin/main [1170ms]
2026-01-12 11:11:38.650 [info] > git merge-base refs/heads/dev refs/remotes/origin/dev [201ms]
2026-01-12 11:11:38.655 [info] > git rev-parse --show-toplevel [216ms]
2026-01-12 11:11:38.671 [info] > git diff --name-status -z --diff-filter=ADMR --find-renames=50% 83b755410c3e396ecd68b1c20189261fa266706f...refs/remotes/origin/dev -- [16ms]
2026-01-12 11:11:38.672 [info] > git for-each-ref --format=%(refname)%00%(upstream:short)%00%(objectname)%00%(upstream:track)%00%(upstream:remotename)%00%(upstream:remoteref) refs/heads/dev refs/remotes/dev [26ms]
2026-01-12 11:11:38.675 [info] > git rev-parse --show-toplevel [4ms]
2026-01-12 11:11:38.691 [info] > git status -z -uall [4ms]
2026-01-12 11:11:38.691 [info] > git rev-parse --show-toplevel [10ms]
2026-01-12 11:11:38.697 [info] > git for-each-ref --sort -committerdate --format %(refname)%00%(objectname)%00%(*objectname) [7ms]
2026-01-12 11:11:38.701 [info] > git rev-parse --show-toplevel [6ms]
2026-01-12 11:11:38.702 [info] [Model][doInitialScan] Initial repository scan completed - repositories (1), closed repositories (0), parent repositories (0), unsafe repositories (0)
2026-01-12 11:11:38.721 [info] > git show --textconv HEAD:app/(pages)/_components/NavBar.tsx [15ms]
2026-01-12 11:11:38.721 [info] > git show --textconv :app/(pages)/_components/NavBar.tsx [11ms]
2026-01-12 11:11:38.721 [info] > git ls-files --stage -- app/(pages)/_components/NavBar.tsx [1ms]
2026-01-12 11:11:38.725 [info] > git ls-tree -l HEAD -- app/(pages)/_components/NavBar.tsx [10ms]
2026-01-12 11:11:38.728 [info] > git cat-file -s 5d6b83779a56a58d56be88af1761cac826d4a1bd [3ms]
2026-01-12 11:11:38.758 [info] > git ls-tree -l HEAD -- app/(pages)/_components/NavBar.tsx [6ms]
2026-01-12 11:11:39.207 [info] > git ls-files --stage -- app/(pages)/_components/NavBar.tsx [450ms]
2026-01-12 11:11:39.278 [info] > git cat-file -s 5d6b83779a56a58d56be88af1761cac826d4a1bd [66ms]
2026-01-12 11:11:40.043 [info] > git blame --root --incremental 9378639f5e7dd9f12e72ac5895e2c498bfa12efd -- app/(pages)/_components/NavBar.tsx [94ms]
2026-01-12 11:12:45.683 [info] > git ls-tree -l HEAD -- app/(pages)/_components/NavBar.tsx [11ms]
2026-01-12 11:12:45.685 [info] > git ls-files --stage -- app/(pages)/_components/NavBar.tsx [4ms]
2026-01-12 11:12:45.692 [info] > git cat-file -s 5d6b83779a56a58d56be88af1761cac826d4a1bd [1ms]
2026-01-12 11:12:47.258 [info] > git ls-tree -l HEAD -- app/(pages)/_components/NavBar.tsx [12ms]
2026-01-12 11:12:47.260 [info] > git ls-files --stage -- app/(pages)/_components/NavBar.tsx [4ms]
2026-01-12 11:12:47.268 [info] > git cat-file -s 5d6b83779a56a58d56be88af1761cac826d4a1bd [3ms]
2026-01-12 11:13:04.842 [info] > git ls-tree -l HEAD -- app/(pages)/_components/NavBar.tsx [9ms]
2026-01-12 11:13:04.844 [info] > git ls-files --stage -- app/(pages)/_components/NavBar.tsx [4ms]
2026-01-12 11:13:04.852 [info] > git cat-file -s 5d6b83779a56a58d56be88af1761cac826d4a1bd [2ms]
2026-01-12 11:13:06.979 [info] > git ls-tree -l HEAD -- app/(pages)/_components/NavBar.tsx [8ms]
2026-01-12 11:13:06.980 [info] > git ls-files --stage -- app/(pages)/_components/NavBar.tsx [2ms]
2026-01-12 11:13:06.990 [info] > git cat-file -s 5d6b83779a56a58d56be88af1761cac826d4a1bd [2ms]
2026-01-12 11:13:11.825 [info] > git ls-tree -l HEAD -- app/(pages)/_components/NavBar.tsx [6ms]
2026-01-12 11:13:11.826 [info] > git ls-files --stage -- app/(pages)/_components/NavBar.tsx [2ms]
2026-01-12 11:13:11.832 [info] > git cat-file -s 5d6b83779a56a58d56be88af1761cac826d4a1bd [1ms]
2026-01-12 11:33:36.654 [info] > git ls-tree -l HEAD -- app/(pages)/_components/NavBar.tsx [6ms]
2026-01-12 11:33:36.656 [info] > git ls-files --stage -- app/(pages)/_components/NavBar.tsx [1ms]
2026-01-12 11:33:36.662 [info] > git cat-file -s 5d6b83779a56a58d56be88af1761cac826d4a1bd [2ms]
2026-01-12 11:35:29.714 [info] > git ls-tree -l HEAD -- app/(pages)/_components/NavBar.tsx [6ms]
2026-01-12 11:35:29.715 [info] > git ls-files --stage -- app/(pages)/_components/NavBar.tsx [1ms]
2026-01-12 11:35:29.722 [info] > git cat-file -s 5d6b83779a56a58d56be88af1761cac826d4a1bd [2ms]
2026-01-12 11:35:35.445 [info] > git show --textconv :app/(pages)/_components/NavBar.tsx [30ms]
2026-01-12 11:35:35.445 [info] > git ls-files --stage -- app/(pages)/_components/NavBar.tsx [5ms]
2026-01-12 11:35:35.476 [info] > git cat-file -s 5d6b83779a56a58d56be88af1761cac826d4a1bd [8ms]
2026-01-12 11:35:39.965 [info] > git config --get commit.template [1ms]
2026-01-12 11:35:39.971 [info] > git for-each-ref --format=%(refname)%00%(upstream:short)%00%(objectname)%00%(upstream:track)%00%(upstream:remotename)%00%(upstream:remoteref) refs/heads/dev refs/remotes/dev [2ms]
2026-01-12 11:35:39.982 [info] > git status -z -uall [6ms]
2026-01-12 11:35:39.983 [info] > git for-each-ref --sort -committerdate --format %(refname)%00%(objectname)%00%(*objectname) [2ms]
2026-01-12 11:35:42.410 [info] > git add -A -- app/(pages)/_components/NavBar.tsx [4ms]
2026-01-12 11:35:42.422 [info] > git config --get commit.template [6ms]
2026-01-12 11:35:42.423 [info] > git for-each-ref --format=%(refname)%00%(upstream:short)%00%(objectname)%00%(upstream:track)%00%(upstream:remotename)%00%(upstream:remoteref) refs/heads/dev refs/remotes/dev [2ms]
2026-01-12 11:35:42.434 [info] > git status -z -uall [6ms]
2026-01-12 11:35:42.435 [info] > git for-each-ref --sort -committerdate --format %(refname)%00%(objectname)%00%(*objectname) [2ms]
2026-01-12 11:35:42.761 [info] > git show --textconv HEAD:app/(pages)/_components/NavBar.tsx [6ms]
2026-01-12 11:35:42.763 [info] > git ls-tree -l HEAD -- app/(pages)/_components/NavBar.tsx [2ms]
2026-01-12 11:35:43.608 [info] > git ls-files --stage -- app/(pages)/_components/NavBar.tsx [5ms]
2026-01-12 11:35:43.612 [info] > git ls-tree -l HEAD -- app/(pages)/_components/NavBar.tsx [4ms]
2026-01-12 11:35:43.613 [info] > git cat-file -s f5d234dc849c63f93d3509d0ae098cd498ab4078 [2ms]
2026-01-12 11:35:43.624 [info] > git show --textconv HEAD:app/(pages)/_components/NavBar.tsx [6ms]
2026-01-12 11:35:43.625 [info] > git show --textconv :app/(pages)/_components/NavBar.tsx [2ms]
2026-01-12 11:35:44.998 [info] > git config --get commit.template [2ms]
2026-01-12 11:35:45.004 [info] > git for-each-ref --format=%(refname)%00%(upstream:short)%00%(objectname)%00%(upstream:track)%00%(upstream:remotename)%00%(upstream:remoteref) refs/heads/dev refs/remotes/dev [2ms]
2026-01-12 11:35:45.015 [info] > git status -z -uall [6ms]
2026-01-12 11:35:45.016 [info] > git for-each-ref --sort -committerdate --format %(refname)%00%(objectname)%00%(*objectname) [2ms]
2026-01-12 11:36:22.030 [info] > git -c user.useConfigOnly=true commit --quiet --allow-empty-message --file - [17ms]
2026-01-12 11:36:22.037 [info] > git config --get commit.template [1ms]
2026-01-12 11:36:22.047 [info] > git config --get commit.template [2ms]
2026-01-12 11:36:22.055 [info] > git for-each-ref --format=%(refname)%00%(upstream:short)%00%(objectname)%00%(upstream:track)%00%(upstream:remotename)%00%(upstream:remoteref) refs/heads/dev refs/remotes/dev [2ms]
2026-01-12 11:36:22.070 [info] > git status -z -uall [11ms]
2026-01-12 11:36:22.070 [info] > git for-each-ref --sort -committerdate --format %(refname)%00%(objectname)%00%(*objectname) [3ms]
2026-01-12 11:36:22.088 [info] > git merge-base refs/heads/dev refs/remotes/origin/dev [5ms]
2026-01-12 11:36:22.093 [info] > git blame --root --incremental 4070c688c709ff122481025084a2bdf48a9a59b0 -- app/(pages)/_components/NavBar.tsx [16ms]
2026-01-12 11:36:22.097 [info] > git diff --name-status -z --diff-filter=ADMR --find-renames=50% 83b755410c3e396ecd68b1c20189261fa266706f...refs/remotes/origin/dev -- [3ms]
2026-01-12 11:36:22.141 [info] > git config --get commit.template [3ms]
2026-01-12 11:36:22.150 [info] > git for-each-ref --format=%(refname)%00%(upstream:short)%00%(objectname)%00%(upstream:track)%00%(upstream:remotename)%00%(upstream:remoteref) refs/heads/dev refs/remotes/dev [4ms]
2026-01-12 11:36:22.166 [info] > git status -z -uall [8ms]
2026-01-12 11:36:22.167 [info] > git for-each-ref --sort -committerdate --format %(refname)%00%(objectname)%00%(*objectname) [4ms]
2026-01-12 11:36:23.234 [info] > git ls-files --stage -- app/(pages)/_components/NavBar.tsx [1ms]
2026-01-12 11:36:23.240 [info] > git cat-file -s f5d234dc849c63f93d3509d0ae098cd498ab4078 [2ms]
2026-01-12 11:36:23.248 [info] > git show --textconv :app/(pages)/_components/NavBar.tsx [2ms]
2026-01-12 11:36:52.792 [info] > git config --get commit.template [6ms]
2026-01-12 11:36:52.793 [info] > git for-each-ref --format=%(refname)%00%(upstream:short)%00%(objectname)%00%(upstream:track)%00%(upstream:remotename)%00%(upstream:remoteref) refs/heads/dev refs/remotes/dev [2ms]
2026-01-12 11:36:52.810 [info] > git status -z -uall [9ms]
2026-01-12 11:36:52.811 [info] > git for-each-ref --sort -committerdate --format %(refname)%00%(objectname)%00%(*objectname) [2ms]
2026-01-12 11:36:57.048 [info] > git show --textconv :types/index.d.ts [6ms]
2026-01-12 11:36:57.048 [info] > git ls-files --stage -- types/index.d.ts [1ms]
2026-01-12 11:36:57.056 [info] > git cat-file -s 796cc89aa8b04c3fbdba0933129f822b11fa1a79 [2ms]
2026-01-12 11:36:57.231 [info] > git check-ignore -v -z --stdin [2ms]
2026-01-12 11:36:57.833 [info] > git config --get commit.template [7ms]
2026-01-12 11:36:57.834 [info] > git for-each-ref --format=%(refname)%00%(upstream:short)%00%(objectname)%00%(upstream:track)%00%(upstream:remotename)%00%(upstream:remoteref) refs/heads/dev refs/remotes/dev [2ms]
2026-01-12 11:36:57.844 [info] > git status -z -uall [5ms]
2026-01-12 11:36:57.846 [info] > git for-each-ref --sort -committerdate --format %(refname)%00%(objectname)%00%(*objectname) [2ms]
2026-01-12 11:36:58.185 [info] > git blame --root --incremental 4070c688c709ff122481025084a2bdf48a9a59b0 -- types/index.d.ts [43ms]
2026-01-12 11:37:48.467 [info] > git config --get commit.template [5ms]
2026-01-12 11:37:48.468 [info] > git for-each-ref --format=%(refname)%00%(upstream:short)%00%(objectname)%00%(upstream:track)%00%(upstream:remotename)%00%(upstream:remoteref) refs/heads/dev refs/remotes/dev [2ms]
2026-01-12 11:37:48.478 [info] > git status -z -uall [4ms]
2026-01-12 11:37:48.479 [info] > git for-each-ref --sort -committerdate --format %(refname)%00%(objectname)%00%(*objectname) [2ms]
2026-01-12 11:37:49.962 [info] > git add -A -- types/index.d.ts [7ms]
2026-01-12 11:37:49.969 [info] > git config --get commit.template [2ms]
2026-01-12 11:37:49.978 [info] > git for-each-ref --format=%(refname)%00%(upstream:short)%00%(objectname)%00%(upstream:track)%00%(upstream:remotename)%00%(upstream:remoteref) refs/heads/dev refs/remotes/dev [3ms]
2026-01-12 11:37:49.989 [info] > git status -z -uall [6ms]
2026-01-12 11:37:49.990 [info] > git for-each-ref --sort -committerdate --format %(refname)%00%(objectname)%00%(*objectname) [2ms]
2026-01-12 11:37:50.313 [info] > git show --textconv HEAD:types/index.d.ts [5ms]
2026-01-12 11:37:50.314 [info] > git ls-tree -l HEAD -- types/index.d.ts [1ms]
2026-01-12 11:37:51.161 [info] > git ls-files --stage -- types/index.d.ts [6ms]
2026-01-12 11:37:51.167 [info] > git ls-tree -l HEAD -- types/index.d.ts [7ms]
2026-01-12 11:37:51.175 [info] > git cat-file -s 31e340a3f6bc85b55759482671bb4dc8033a68c1 [8ms]
2026-01-12 11:37:51.176 [info] > git show --textconv HEAD:types/index.d.ts [2ms]
2026-01-12 11:37:51.183 [info] > git show --textconv :types/index.d.ts [2ms]
2026-01-12 11:37:53.502 [info] > git config --get commit.template [8ms]
2026-01-12 11:37:53.504 [info] > git for-each-ref --format=%(refname)%00%(upstream:short)%00%(objectname)%00%(upstream:track)%00%(upstream:remotename)%00%(upstream:remoteref) refs/heads/dev refs/remotes/dev [3ms]
2026-01-12 11:37:53.514 [info] > git status -z -uall [6ms]
2026-01-12 11:37:53.515 [info] > git for-each-ref --sort -committerdate --format %(refname)%00%(objectname)%00%(*objectname) [2ms]
2026-01-12 11:39:08.024 [info] > git -c user.useConfigOnly=true commit --quiet --allow-empty-message --file - [6ms]
2026-01-12 11:39:08.030 [info] > git config --get commit.template [2ms]
2026-01-12 11:39:08.040 [info] > git config --get commit.template [5ms]
2026-01-12 11:39:08.042 [info] > git for-each-ref --format=%(refname)%00%(upstream:short)%00%(objectname)%00%(upstream:track)%00%(upstream:remotename)%00%(upstream:remoteref) refs/heads/dev refs/remotes/dev [2ms]
2026-01-12 11:39:08.054 [info] > git status -z -uall [6ms]
2026-01-12 11:39:08.054 [info] > git for-each-ref --sort -committerdate --format %(refname)%00%(objectname)%00%(*objectname) [2ms]
2026-01-12 11:39:08.072 [info] > git merge-base refs/heads/dev refs/remotes/origin/dev [4ms]
2026-01-12 11:39:08.079 [info] > git blame --root --incremental f38793ea44295aa0df1da503b164709d4bc2aac4 -- types/index.d.ts [17ms]
2026-01-12 11:39:08.083 [info] > git diff --name-status -z --diff-filter=ADMR --find-renames=50% 83b755410c3e396ecd68b1c20189261fa266706f...refs/remotes/origin/dev -- [5ms]
2026-01-12 11:39:08.135 [info] > git config --get commit.template [9ms]
2026-01-12 11:39:08.137 [info] > git for-each-ref --format=%(refname)%00%(upstream:short)%00%(objectname)%00%(upstream:track)%00%(upstream:remotename)%00%(upstream:remoteref) refs/heads/dev refs/remotes/dev [2ms]
2026-01-12 11:39:08.149 [info] > git status -z -uall [7ms]
2026-01-12 11:39:08.150 [info] > git for-each-ref --sort -committerdate --format %(refname)%00%(objectname)%00%(*objectname) [2ms]
2026-01-12 11:39:09.241 [info] > git ls-files --stage -- types/index.d.ts [1ms]
2026-01-12 11:39:09.246 [info] > git cat-file -s 31e340a3f6bc85b55759482671bb4dc8033a68c1 [2ms]
2026-01-12 11:39:09.253 [info] > git show --textconv :types/index.d.ts [1ms]
2026-01-12 11:39:14.717 [info] > git log --format=%H%n%aN%n%aE%n%at%n%ct%n%P%n%D%n%B -z --shortstat --diff-merges=first-parent -n50 --skip=0 --topo-order --decorate=full --stdin [64ms]
2026-01-12 11:39:16.660 [info] > git merge-base dev origin/dev [2ms]
2026-01-12 11:39:19.248 [info] > git diff --name-status -z --diff-filter=ADMR --find-renames=50% 4070c688c709ff122481025084a2bdf48a9a59b0...f38793ea44295aa0df1da503b164709d4bc2aac4 -- [2ms]
2026-01-12 11:39:19.790 [info] > git check-ignore -v -z --stdin [2ms]
2026-01-12 11:40:00.848 [info] > git check-ignore -v -z --stdin [1ms]
2026-01-12 11:40:04.989 [info] > git show --textconv :stores/historyStore.ts [6ms]
2026-01-12 11:40:04.991 [info] > git ls-files --stage -- stores/historyStore.ts [2ms]
2026-01-12 11:40:05.007 [info] > git check-ignore -v -z --stdin [1ms]
2026-01-12 11:40:05.008 [info] > git cat-file -s b9cca1077a405f76565d19c59247f6b4e3930828 [6ms]
2026-01-12 11:40:12.439 [info] > git show --textconv :stores/useHistoryStore.ts [9ms]
2026-01-12 11:40:12.446 [info] > git ls-files --stage -- stores/useHistoryStore.ts [8ms]
2026-01-12 11:40:12.451 [info] > git hash-object -t tree /dev/null [7ms]
2026-01-12 11:40:12.451 [warning] [GitFileSystemProvider][readFile] File not found - git:/home/ell/Documents/ai-content-gen/stores/useHistoryStore.ts.git?%7B%22path%22%3A%22%2Fhome%2Fell%2FDocuments%2Fai-content-gen%2Fstores%2FuseHistoryStore.ts%22%2C%22ref%22%3A%22%22%7D
2026-01-12 11:40:12.456 [info] > git hash-object -t tree /dev/null [6ms]
2026-01-12 11:40:12.456 [warning] [GitFileSystemProvider][stat] File not found - git:/home/ell/Documents/ai-content-gen/stores/useHistoryStore.ts.git?%7B%22path%22%3A%22%2Fhome%2Fell%2FDocuments%2Fai-content-gen%2Fstores%2FuseHistoryStore.ts%22%2C%22ref%22%3A%22%22%7D
2026-01-12 11:40:12.682 [info] > git check-ignore -v -z --stdin [2ms]
2026-01-12 11:40:13.882 [info] > git config --get commit.template [6ms]
2026-01-12 11:40:13.883 [info] > git for-each-ref --format=%(refname)%00%(upstream:short)%00%(objectname)%00%(upstream:track)%00%(upstream:remotename)%00%(upstream:remoteref) refs/heads/dev refs/remotes/dev [2ms]
2026-01-12 11:40:13.894 [info] > git status -z -uall [7ms]
2026-01-12 11:40:13.897 [info] > git for-each-ref --sort -committerdate --format %(refname)%00%(objectname)%00%(*objectname) [5ms]
2026-01-12 11:40:18.918 [info] > git config --get commit.template [5ms]
2026-01-12 11:40:18.919 [info] > git for-each-ref --format=%(refname)%00%(upstream:short)%00%(objectname)%00%(upstream:track)%00%(upstream:remotename)%00%(upstream:remoteref) refs/heads/dev refs/remotes/dev [2ms]
2026-01-12 11:40:18.929 [info] > git status -z -uall [5ms]
2026-01-12 11:40:18.930 [info] > git for-each-ref --sort -committerdate --format %(refname)%00%(objectname)%00%(*objectname) [1ms]
2026-01-12 11:40:19.609 [info] > git check-ignore -v -z --stdin [1ms]
2026-01-12 11:40:26.936 [info] > git show --textconv :app/(pages)/dashboard/page.tsx [6ms]
2026-01-12 11:40:26.937 [info] > git ls-files --stage -- app/(pages)/dashboard/page.tsx [1ms]
2026-01-12 11:40:26.942 [info] > git cat-file -s 4f7181e56890bce839cf9ed6e4b8d46d46365ba5 [2ms]
2026-01-12 11:40:28.101 [info] > git show --textconv :app/(pages)/history/page.tsx [5ms]
2026-01-12 11:40:28.102 [info] > git ls-files --stage -- app/(pages)/history/page.tsx [2ms]
2026-01-12 11:40:28.107 [info] > git cat-file -s f8ef1a7e2ed11a6f97fa926362c0443905878b2a [1ms]
2026-01-12 11:40:34.603 [info] > git show --textconv HEAD:app/(pages)/dashboard/page.tsx [6ms]
2026-01-12 11:40:34.604 [info] > git ls-tree -l HEAD -- app/(pages)/dashboard/page.tsx [2ms]
2026-01-12 11:40:34.818 [info] > git blame --root --incremental f38793ea44295aa0df1da503b164709d4bc2aac4 -- app/(pages)/dashboard/page.tsx [26ms]
2026-01-12 11:40:35.598 [info] > git check-ignore -v -z --stdin [1ms]
2026-01-12 11:40:38.166 [info] > git show --textconv HEAD:app/(pages)/history/page.tsx [5ms]
2026-01-12 11:40:38.167 [info] > git ls-tree -l HEAD -- app/(pages)/history/page.tsx [2ms]
2026-01-12 11:40:38.282 [info] > git blame --root --incremental f38793ea44295aa0df1da503b164709d4bc2aac4 -- app/(pages)/history/page.tsx [23ms]
2026-01-12 11:40:39.741 [info] > git show --textconv HEAD:stores/historyStore.ts [5ms]
2026-01-12 11:40:39.743 [info] > git ls-tree -l HEAD -- stores/historyStore.ts [3ms]
2026-01-12 11:40:40.256 [info] > git check-ignore -v -z --stdin [4ms]
2026-01-12 11:40:42.421 [info] > git add -A -- app/(pages)/dashboard/page.tsx app/(pages)/history/page.tsx stores/historyStore.ts stores/useHistoryStore.ts [3ms]
2026-01-12 11:40:42.430 [info] > git config --get commit.template [4ms]
2026-01-12 11:40:42.431 [info] > git for-each-ref --format=%(refname)%00%(upstream:short)%00%(objectname)%00%(upstream:track)%00%(upstream:remotename)%00%(upstream:remoteref) refs/heads/dev refs/remotes/dev [2ms]
2026-01-12 11:40:42.440 [info] > git status -z -uall [5ms]
2026-01-12 11:40:42.441 [info] > git for-each-ref --sort -committerdate --format %(refname)%00%(objectname)%00%(*objectname) [2ms]
2026-01-12 11:40:42.775 [info] > git show --textconv :stores/useHistoryStore.ts [14ms]
2026-01-12 11:40:42.775 [info] > git show --textconv HEAD:stores/useHistoryStore.ts [10ms]
2026-01-12 11:40:42.775 [info] > git ls-files --stage -- stores/useHistoryStore.ts [5ms]
2026-01-12 11:40:42.779 [warning] [GitFileSystemProvider][readFile] File not found - git:/home/ell/Documents/ai-content-gen/stores/useHistoryStore.ts.git?%7B%22path%22%3A%22%2Fhome%2Fell%2FDocuments%2Fai-content-gen%2Fstores%2FuseHistoryStore.ts%22%2C%22ref%22%3A%22HEAD%22%7D
2026-01-12 11:40:42.780 [info] > git cat-file -s b9cca1077a405f76565d19c59247f6b4e3930828 [2ms]
2026-01-12 11:40:42.781 [info] > git ls-tree -l HEAD -- stores/useHistoryStore.ts [7ms]
2026-01-12 11:40:42.781 [warning] [GitFileSystemProvider][stat] File not found - git:/home/ell/Documents/ai-content-gen/stores/useHistoryStore.ts.git?%7B%22path%22%3A%22%2Fhome%2Fell%2FDocuments%2Fai-content-gen%2Fstores%2FuseHistoryStore.ts%22%2C%22ref%22%3A%22HEAD%22%7D
2026-01-12 11:40:42.793 [info] > git blame --root --incremental f38793ea44295aa0df1da503b164709d4bc2aac4 -- stores/useHistoryStore.ts [2ms]
2026-01-12 11:40:42.793 [info] fatal: no such path stores/useHistoryStore.ts in f38793ea44295aa0df1da503b164709d4bc2aac4
2026-01-12 11:40:43.514 [info] > git config --get commit.template [5ms]
2026-01-12 11:40:43.515 [info] > git for-each-ref --format=%(refname)%00%(upstream:short)%00%(objectname)%00%(upstream:track)%00%(upstream:remotename)%00%(upstream:remoteref) refs/heads/dev refs/remotes/dev [1ms]
2026-01-12 11:40:43.526 [info] > git status -z -uall [5ms]
2026-01-12 11:40:43.527 [info] > git for-each-ref --sort -committerdate --format %(refname)%00%(objectname)%00%(*objectname) [2ms]
2026-01-12 11:40:43.617 [info] > git ls-tree -l HEAD -- stores/historyStore.ts [5ms]
2026-01-12 11:40:43.619 [info] > git ls-files --stage -- stores/useHistoryStore.ts [2ms]
2026-01-12 11:40:43.629 [info] > git cat-file -s b9cca1077a405f76565d19c59247f6b4e3930828 [6ms]
2026-01-12 11:40:43.631 [info] > git show --textconv HEAD:stores/historyStore.ts [3ms]
2026-01-12 11:40:43.638 [info] > git show --textconv :stores/useHistoryStore.ts [2ms]
2026-01-12 11:40:48.550 [info] > git config --get commit.template [7ms]
2026-01-12 11:40:48.551 [info] > git for-each-ref --format=%(refname)%00%(upstream:short)%00%(objectname)%00%(upstream:track)%00%(upstream:remotename)%00%(upstream:remoteref) refs/heads/dev refs/remotes/dev [2ms]
2026-01-12 11:40:48.561 [info] > git status -z -uall [5ms]
2026-01-12 11:40:48.562 [info] > git for-each-ref --sort -committerdate --format %(refname)%00%(objectname)%00%(*objectname) [2ms]
2026-01-12 11:41:06.522 [info] > git -c user.useConfigOnly=true commit --quiet --allow-empty-message --file - [7ms]
2026-01-12 11:41:06.529 [info] > git config --get commit.template [1ms]
2026-01-12 11:41:06.541 [info] > git config --get commit.template [5ms]
2026-01-12 11:41:06.542 [info] > git for-each-ref --format=%(refname)%00%(upstream:short)%00%(objectname)%00%(upstream:track)%00%(upstream:remotename)%00%(upstream:remoteref) refs/heads/dev refs/remotes/dev [2ms]
2026-01-12 11:41:06.553 [info] > git status -z -uall [6ms]
2026-01-12 11:41:06.555 [info] > git for-each-ref --sort -committerdate --format %(refname)%00%(objectname)%00%(*objectname) [2ms]
2026-01-12 11:41:06.573 [info] > git merge-base refs/heads/dev refs/remotes/origin/dev [4ms]
2026-01-12 11:41:06.580 [info] > git blame --root --incremental 278be666805749fb721b1917c8ee4a01337d9ccf -- stores/useHistoryStore.ts [18ms]
2026-01-12 11:41:06.582 [info] > git diff --name-status -z --diff-filter=ADMR --find-renames=50% 83b755410c3e396ecd68b1c20189261fa266706f...refs/remotes/origin/dev -- [3ms]
2026-01-12 11:41:06.627 [info] > git config --get commit.template [3ms]
2026-01-12 11:41:06.635 [info] > git for-each-ref --format=%(refname)%00%(upstream:short)%00%(objectname)%00%(upstream:track)%00%(upstream:remotename)%00%(upstream:remoteref) refs/heads/dev refs/remotes/dev [3ms]
2026-01-12 11:41:06.635 [info] > git log --format=%H%n%aN%n%aE%n%at%n%ct%n%P%n%D%n%B -z --shortstat --diff-merges=first-parent -n50 --skip=0 --topo-order --decorate=full --stdin [24ms]
2026-01-12 11:41:06.670 [info] > git status -z -uall [6ms]
2026-01-12 11:41:06.671 [info] > git for-each-ref --sort -committerdate --format %(refname)%00%(objectname)%00%(*objectname) [1ms]
2026-01-12 11:41:07.754 [info] > git ls-tree -l HEAD -- stores/historyStore.ts [5ms]
2026-01-12 11:41:07.754 [warning] [GitFileSystemProvider][stat] File not found - git:/home/ell/Documents/ai-content-gen/stores/historyStore.ts?%7B%22path%22%3A%22%2Fhome%2Fell%2FDocuments%2Fai-content-gen%2Fstores%2FhistoryStore.ts%22%2C%22ref%22%3A%22HEAD%22%7D
2026-01-12 11:41:07.755 [info] > git ls-files --stage -- stores/useHistoryStore.ts [2ms]
2026-01-12 11:41:07.760 [info] > git cat-file -s b9cca1077a405f76565d19c59247f6b4e3930828 [2ms]
2026-01-12 11:41:07.766 [info] > git show --textconv :stores/useHistoryStore.ts [2ms]
2026-01-12 11:41:08.046 [info] > git merge-base dev origin/dev [2ms]
2026-01-12 11:41:08.751 [info] > git config --get commit.template [4ms]
2026-01-12 11:41:08.752 [info] > git for-each-ref --format=%(refname)%00%(upstream:short)%00%(objectname)%00%(upstream:track)%00%(upstream:remotename)%00%(upstream:remoteref) refs/heads/dev refs/remotes/dev [1ms]
2026-01-12 11:41:08.762 [info] > git status -z -uall [5ms]
2026-01-12 11:41:08.763 [info] > git for-each-ref --sort -committerdate --format %(refname)%00%(objectname)%00%(*objectname) [2ms]
2026-01-12 11:49:16.713 [info] > git ls-tree -l HEAD -- stores/historyStore.ts [2ms]
2026-01-12 11:49:16.714 [warning] [GitFileSystemProvider][stat] File not found - git:/home/ell/Documents/ai-content-gen/stores/historyStore.ts?%7B%22path%22%3A%22%2Fhome%2Fell%2FDocuments%2Fai-content-gen%2Fstores%2FhistoryStore.ts%22%2C%22ref%22%3A%22HEAD%22%7D
2026-01-12 11:49:18.047 [info] > git show --textconv :app/(pages)/_components/NavBar.tsx [6ms]
2026-01-12 11:49:18.049 [info] > git ls-files --stage -- app/(pages)/_components/NavBar.tsx [2ms]
2026-01-12 11:49:18.055 [info] > git cat-file -s f5d234dc849c63f93d3509d0ae098cd498ab4078 [1ms]
2026-01-12 11:49:18.079 [info] > git blame --root --incremental 278be666805749fb721b1917c8ee4a01337d9ccf -- app/(pages)/_components/NavBar.tsx [9ms]
2026-01-12 11:49:25.034 [info] > git show --textconv :lib/db/index.ts [6ms]
2026-01-12 11:49:25.036 [info] > git ls-files --stage -- lib/db/index.ts [2ms]
2026-01-12 11:49:25.044 [info] > git cat-file -s 950cab4def17d49ed9f44cf5b4b0c2faf4f49453 [2ms]
2026-01-12 11:49:25.504 [info] > git check-ignore -v -z --stdin [1ms]
2026-01-12 11:49:25.943 [info] > git blame --root --incremental 278be666805749fb721b1917c8ee4a01337d9ccf -- lib/db/index.ts [12ms]
2026-01-12 11:49:31.423 [info] > git config --get commit.template [6ms]
2026-01-12 11:49:31.424 [info] > git for-each-ref --format=%(refname)%00%(upstream:short)%00%(objectname)%00%(upstream:track)%00%(upstream:remotename)%00%(upstream:remoteref) refs/heads/dev refs/remotes/dev [2ms]
2026-01-12 11:49:31.433 [info] > git status -z -uall [4ms]
2026-01-12 11:49:31.435 [info] > git for-each-ref --sort -committerdate --format %(refname)%00%(objectname)%00%(*objectname) [2ms]
2026-01-12 11:49:47.282 [info] > git config --get commit.template [2ms]
2026-01-12 11:49:47.290 [info] > git for-each-ref --format=%(refname)%00%(upstream:short)%00%(objectname)%00%(upstream:track)%00%(upstream:remotename)%00%(upstream:remoteref) refs/heads/dev refs/remotes/dev [2ms]
2026-01-12 11:49:47.301 [info] > git status -z -uall [6ms]
2026-01-12 11:49:47.302 [info] > git for-each-ref --sort -committerdate --format %(refname)%00%(objectname)%00%(*objectname) [2ms]
2026-01-12 11:49:49.171 [info] > git show --textconv :.env [6ms]
2026-01-12 11:49:49.171 [warning] [GitFileSystemProvider][readFile] File not found - git:/home/ell/Documents/ai-content-gen/.env.git?%7B%22path%22%3A%22%2Fhome%2Fell%2FDocuments%2Fai-content-gen%2F.env%22%2C%22ref%22%3A%22%22%7D
2026-01-12 11:49:49.172 [info] > git ls-files --stage -- .env [2ms]
2026-01-12 11:49:49.172 [warning] [GitFileSystemProvider][stat] File not found - git:/home/ell/Documents/ai-content-gen/.env.git?%7B%22path%22%3A%22%2Fhome%2Fell%2FDocuments%2Fai-content-gen%2F.env%22%2C%22ref%22%3A%22%22%7D
2026-01-12 11:49:50.300 [info] > git blame --root --incremental 278be666805749fb721b1917c8ee4a01337d9ccf -- .env [2ms]
2026-01-12 11:49:50.300 [info] fatal: no such path .env in 278be666805749fb721b1917c8ee4a01337d9ccf
2026-01-12 11:49:51.579 [info] > git show --textconv :lib/db/index.ts [7ms]
2026-01-12 11:49:51.580 [info] > git ls-files --stage -- lib/db/index.ts [2ms]
2026-01-12 11:49:51.588 [info] > git cat-file -s 950cab4def17d49ed9f44cf5b4b0c2faf4f49453 [1ms]
2026-01-12 11:49:54.485 [info] > git config --get commit.template [5ms]
2026-01-12 11:49:54.486 [info] > git for-each-ref --format=%(refname)%00%(upstream:short)%00%(objectname)%00%(upstream:track)%00%(upstream:remotename)%00%(upstream:remoteref) refs/heads/dev refs/remotes/dev [2ms]
2026-01-12 11:49:54.497 [info] > git status -z -uall [6ms]
2026-01-12 11:49:54.498 [info] > git for-each-ref --sort -committerdate --format %(refname)%00%(objectname)%00%(*objectname) [2ms]
2026-01-12 11:49:55.544 [info] > git show --textconv :.env [6ms]
2026-01-12 11:49:55.545 [warning] [GitFileSystemProvider][readFile] File not found - git:/home/ell/Documents/ai-content-gen/.env.git?%7B%22path%22%3A%22%2Fhome%2Fell%2FDocuments%2Fai-content-gen%2F.env%22%2C%22ref%22%3A%22%22%7D
2026-01-12 11:49:55.546 [info] > git ls-files --stage -- .env [3ms]
2026-01-12 11:49:55.546 [warning] [GitFileSystemProvider][stat] File not found - git:/home/ell/Documents/ai-content-gen/.env.git?%7B%22path%22%3A%22%2Fhome%2Fell%2FDocuments%2Fai-content-gen%2F.env%22%2C%22ref%22%3A%22%22%7D
2026-01-12 11:49:56.112 [info] > git show --textconv :lib/db/index.ts [5ms]
2026-01-12 11:49:56.113 [info] > git ls-files --stage -- lib/db/index.ts [2ms]
2026-01-12 11:49:56.120 [info] > git cat-file -s 950cab4def17d49ed9f44cf5b4b0c2faf4f49453 [3ms]
2026-01-12 11:54:48.287 [info] > git show --textconv HEAD:lib/db/index.ts [7ms]
2026-01-12 11:54:48.288 [info] > git ls-tree -l HEAD -- lib/db/index.ts [3ms]
2026-01-12 11:55:00.893 [info] > git show --textconv :lib/db/schema.ts [5ms]
2026-01-12 11:55:00.896 [info] > git ls-files --stage -- lib/db/schema.ts [3ms]
2026-01-12 11:55:00.904 [info] > git cat-file -s 81c736a9b044ec94e3155cd1c53aee942eacd81b [2ms]
2026-01-12 11:55:01.843 [info] > git ls-tree -l HEAD -- lib/db/index.ts [1ms]
2026-01-12 11:55:10.296 [info] > git add -A -- lib/db/index.ts [2ms]
2026-01-12 11:55:10.304 [info] > git config --get commit.template [2ms]
2026-01-12 11:55:10.311 [info] > git for-each-ref --format=%(refname)%00%(upstream:short)%00%(objectname)%00%(upstream:track)%00%(upstream:remotename)%00%(upstream:remoteref) refs/heads/dev refs/remotes/dev [3ms]
2026-01-12 11:55:10.325 [info] > git status -z -uall [8ms]
2026-01-12 11:55:10.326 [info] > git for-each-ref --sort -committerdate --format %(refname)%00%(objectname)%00%(*objectname) [2ms]
2026-01-12 11:55:10.646 [info] > git show --textconv HEAD:lib/db/index.ts [5ms]
2026-01-12 11:55:10.647 [info] > git ls-tree -l HEAD -- lib/db/index.ts [1ms]
2026-01-12 11:55:11.392 [info] > git config --get commit.template [7ms]
2026-01-12 11:55:11.392 [info] > git for-each-ref --format=%(refname)%00%(upstream:short)%00%(objectname)%00%(upstream:track)%00%(upstream:remotename)%00%(upstream:remoteref) refs/heads/dev refs/remotes/dev [1ms]
2026-01-12 11:55:11.401 [info] > git status -z -uall [4ms]
2026-01-12 11:55:11.402 [info] > git for-each-ref --sort -committerdate --format %(refname)%00%(objectname)%00%(*objectname) [1ms]
2026-01-12 11:55:11.495 [info] > git ls-files --stage -- lib/db/index.ts [5ms]
2026-01-12 11:55:11.499 [info] > git ls-tree -l HEAD -- lib/db/index.ts [5ms]
2026-01-12 11:55:11.506 [info] > git cat-file -s 94b1eb9261f2ec0801a38ee8f438281201c74c56 [8ms]
2026-01-12 11:55:11.506 [info] > git show --textconv HEAD:lib/db/index.ts [2ms]
2026-01-12 11:55:11.513 [info] > git show --textconv :lib/db/index.ts [2ms]
2026-01-12 11:55:16.416 [info] > git config --get commit.template [5ms]
2026-01-12 11:55:16.416 [info] > git for-each-ref --format=%(refname)%00%(upstream:short)%00%(objectname)%00%(upstream:track)%00%(upstream:remotename)%00%(upstream:remoteref) refs/heads/dev refs/remotes/dev [1ms]
2026-01-12 11:55:16.424 [info] > git status -z -uall [4ms]
2026-01-12 11:55:16.426 [info] > git for-each-ref --sort -committerdate --format %(refname)%00%(objectname)%00%(*objectname) [2ms]
2026-01-12 11:56:18.464 [info] > git -c user.useConfigOnly=true commit --quiet --allow-empty-message --file - [15ms]
2026-01-12 11:56:18.470 [info] > git config --get commit.template [1ms]
2026-01-12 11:56:18.482 [info] > git config --get commit.template [6ms]
2026-01-12 11:56:18.483 [info] > git for-each-ref --format=%(refname)%00%(upstream:short)%00%(objectname)%00%(upstream:track)%00%(upstream:remotename)%00%(upstream:remoteref) refs/heads/dev refs/remotes/dev [3ms]
2026-01-12 11:56:18.493 [info] > git status -z -uall [5ms]
2026-01-12 11:56:18.495 [info] > git for-each-ref --sort -committerdate --format %(refname)%00%(objectname)%00%(*objectname) [2ms]
2026-01-12 11:56:18.513 [info] > git merge-base refs/heads/dev refs/remotes/origin/dev [4ms]
2026-01-12 11:56:18.519 [info] > git blame --root --incremental a3c6efaafeeb8f3983a5bfd98410890d9474f937 -- lib/db/index.ts [16ms]
2026-01-12 11:56:18.522 [info] > git diff --name-status -z --diff-filter=ADMR --find-renames=50% 83b755410c3e396ecd68b1c20189261fa266706f...refs/remotes/origin/dev -- [3ms]
2026-01-12 11:56:18.577 [info] > git config --get commit.template [9ms]
2026-01-12 11:56:18.578 [info] > git log --format=%H%n%aN%n%aE%n%at%n%ct%n%P%n%D%n%B -z --shortstat --diff-merges=first-parent -n50 --skip=0 --topo-order --decorate=full --stdin [24ms]
2026-01-12 11:56:18.605 [info] > git for-each-ref --format=%(refname)%00%(upstream:short)%00%(objectname)%00%(upstream:track)%00%(upstream:remotename)%00%(upstream:remoteref) refs/heads/dev refs/remotes/dev [29ms]
2026-01-12 11:56:18.622 [info] > git status -z -uall [11ms]
2026-01-12 11:56:18.623 [info] > git for-each-ref --sort -committerdate --format %(refname)%00%(objectname)%00%(*objectname) [1ms]
2026-01-12 11:56:19.674 [info] > git ls-tree -l HEAD -- lib/db/index.ts [4ms]
2026-01-12 11:56:19.675 [info] > git ls-tree -l HEAD -- lib/db/index.ts [1ms]
2026-01-12 11:56:19.685 [info] > git show --textconv HEAD:lib/db/index.ts [6ms]
2026-01-12 11:56:19.686 [info] > git show --textconv HEAD:lib/db/index.ts [2ms]
2026-01-12 11:56:20.485 [info] > git merge-base dev origin/dev [2ms]
2026-01-12 11:56:56.612 [info] > git config --get commit.template [7ms]
2026-01-12 11:56:56.618 [info] > git ls-tree -l HEAD -- lib/db/index.ts [7ms]
2026-01-12 11:56:56.620 [info] > git for-each-ref --format=%(refname)%00%(upstream:short)%00%(objectname)%00%(upstream:track)%00%(upstream:remotename)%00%(upstream:remoteref) refs/heads/dev refs/remotes/dev [2ms]
2026-01-12 11:56:56.632 [info] > git status -z -uall [5ms]
2026-01-12 11:56:56.634 [info] > git for-each-ref --sort -committerdate --format %(refname)%00%(objectname)%00%(*objectname) [2ms]
2026-01-12 11:57:32.226 [info] > git ls-tree -l HEAD -- lib/db/index.ts [8ms]
2026-01-12 11:57:32.228 [info] > git config --get commit.template [3ms]
2026-01-12 11:57:32.235 [info] > git for-each-ref --format=%(refname)%00%(upstream:short)%00%(objectname)%00%(upstream:track)%00%(upstream:remotename)%00%(upstream:remoteref) refs/heads/dev refs/remotes/dev [3ms]
2026-01-12 11:57:32.249 [info] > git status -z -uall [8ms]
2026-01-12 11:57:32.251 [info] > git for-each-ref --sort -committerdate --format %(refname)%00%(objectname)%00%(*objectname) [2ms]
2026-01-12 11:57:37.282 [info] > git config --get commit.template [2ms]
2026-01-12 11:57:37.291 [info] > git for-each-ref --format=%(refname)%00%(upstream:short)%00%(objectname)%00%(upstream:track)%00%(upstream:remotename)%00%(upstream:remoteref) refs/heads/dev refs/remotes/dev [1ms]
2026-01-12 11:57:37.305 [info] > git status -z -uall [9ms]
2026-01-12 11:57:37.307 [info] > git for-each-ref --sort -committerdate --format %(refname)%00%(objectname)%00%(*objectname) [4ms]
2026-01-12 11:57:41.839 [info] > git ls-tree -l HEAD -- lib/db/index.ts [4ms]
2026-01-12 11:57:42.322 [info] > git config --get commit.template [2ms]
2026-01-12 11:57:42.328 [info] > git for-each-ref --format=%(refname)%00%(upstream:short)%00%(objectname)%00%(upstream:track)%00%(upstream:remotename)%00%(upstream:remoteref) refs/heads/dev refs/remotes/dev [2ms]
2026-01-12 11:57:42.344 [info] > git status -z -uall [9ms]
2026-01-12 11:57:42.344 [info] > git for-each-ref --sort -committerdate --format %(refname)%00%(objectname)%00%(*objectname) [1ms]
2026-01-12 11:58:10.024 [info] > git show --textconv :stores/useHistoryStore.ts [8ms]
2026-01-12 11:58:10.025 [info] > git ls-files --stage -- stores/useHistoryStore.ts [2ms]
2026-01-12 11:58:10.030 [info] > git cat-file -s b9cca1077a405f76565d19c59247f6b4e3930828 [1ms]
2026-01-12 11:58:10.076 [info] > git blame --root --incremental a3c6efaafeeb8f3983a5bfd98410890d9474f937 -- stores/useHistoryStore.ts [8ms]
2026-01-12 11:58:37.459 [info] > git show --textconv :app/(pages)/layout.tsx [5ms]
2026-01-12 11:58:37.460 [info] > git ls-files --stage -- app/(pages)/layout.tsx [2ms]
2026-01-12 11:58:37.468 [info] > git cat-file -s c54f5b5fea5d823459ed1006d3a30cd07954af69 [2ms]
2026-01-12 11:58:43.723 [info] > git show --textconv :stores/useHistoryStore.ts [20ms]
2026-01-12 11:58:43.723 [info] > git ls-files --stage -- stores/useHistoryStore.ts [12ms]
2026-01-12 11:58:43.733 [info] > git cat-file -s b9cca1077a405f76565d19c59247f6b4e3930828 [3ms]
2026-01-12 11:58:45.208 [info] > git config --get commit.template [5ms]
2026-01-12 11:58:45.209 [info] > git for-each-ref --format=%(refname)%00%(upstream:short)%00%(objectname)%00%(upstream:track)%00%(upstream:remotename)%00%(upstream:remoteref) refs/heads/dev refs/remotes/dev [2ms]
2026-01-12 11:58:45.218 [info] > git status -z -uall [5ms]
2026-01-12 11:58:45.219 [info] > git for-each-ref --sort -committerdate --format %(refname)%00%(objectname)%00%(*objectname) [1ms]
2026-01-12 11:59:11.870 [info] > git config --get commit.template [4ms]
2026-01-12 11:59:11.872 [info] > git for-each-ref --format=%(refname)%00%(upstream:short)%00%(objectname)%00%(upstream:track)%00%(upstream:remotename)%00%(upstream:remoteref) refs/heads/dev refs/remotes/dev [2ms]
2026-01-12 11:59:11.881 [info] > git status -z -uall [5ms]
2026-01-12 11:59:11.882 [info] > git for-each-ref --sort -committerdate --format %(refname)%00%(objectname)%00%(*objectname) [2ms]
2026-01-12 11:59:16.898 [info] > git config --get commit.template [6ms]
2026-01-12 11:59:16.899 [info] > git for-each-ref --format=%(refname)%00%(upstream:short)%00%(objectname)%00%(upstream:track)%00%(upstream:remotename)%00%(upstream:remoteref) refs/heads/dev refs/remotes/dev [2ms]
2026-01-12 11:59:16.908 [info] > git status -z -uall [5ms]
2026-01-12 11:59:16.909 [info] > git for-each-ref --sort -committerdate --format %(refname)%00%(objectname)%00%(*objectname) [2ms]
2026-01-12 12:23:54.164 [info] > git show --textconv :lib/db/index.ts [6ms]
2026-01-12 12:23:54.166 [info] > git ls-files --stage -- lib/db/index.ts [3ms]
2026-01-12 12:23:54.172 [info] > git cat-file -s 94b1eb9261f2ec0801a38ee8f438281201c74c56 [1ms]
2026-01-12 12:23:55.843 [info] > git ls-tree -l HEAD -- lib/db/index.ts [2ms]
2026-01-12 12:23:57.245 [info] > git show --textconv :stores/useHistoryStore.ts [10ms]
2026-01-12 12:23:57.246 [info] > git ls-files --stage -- stores/useHistoryStore.ts [3ms]
2026-01-12 12:23:57.253 [info] > git cat-file -s b9cca1077a405f76565d19c59247f6b4e3930828 [2ms]
2026-01-12 12:24:00.745 [info] > git show --textconv :stores/useHistoryStore.ts [5ms]
2026-01-12 12:24:00.747 [info] > git ls-files --stage -- stores/useHistoryStore.ts [2ms]
2026-01-12 12:24:00.754 [info] > git cat-file -s b9cca1077a405f76565d19c59247f6b4e3930828 [1ms]
2026-01-12 12:24:02.526 [info] > git show --textconv :app/(pages)/layout.tsx [8ms]
2026-01-12 12:24:02.527 [info] > git ls-files --stage -- app/(pages)/layout.tsx [2ms]
2026-01-12 12:24:02.532 [info] > git cat-file -s c54f5b5fea5d823459ed1006d3a30cd07954af69 [1ms]
2026-01-12 12:24:04.148 [info] > git show --textconv :stores/useHistoryStore.ts [5ms]
2026-01-12 12:24:04.149 [info] > git ls-files --stage -- stores/useHistoryStore.ts [1ms]
2026-01-12 12:24:04.158 [info] > git cat-file -s b9cca1077a405f76565d19c59247f6b4e3930828 [3ms]
2026-01-12 12:24:07.532 [info] > git show --textconv :app/(pages)/dashboard/page.tsx [6ms]
2026-01-12 12:24:07.533 [info] > git ls-files --stage -- app/(pages)/dashboard/page.tsx [2ms]
2026-01-12 12:24:07.542 [info] > git cat-file -s 490a42f91398710bb73a451716c7f8d00bef5e0b [3ms]
2026-01-12 12:24:09.030 [info] > git blame --root --incremental a3c6efaafeeb8f3983a5bfd98410890d9474f937 -- app/(pages)/dashboard/page.tsx [21ms]
2026-01-12 12:24:32.619 [info] > git show --textconv :app/(pages)/history/page.tsx [7ms]
2026-01-12 12:24:32.619 [info] > git ls-files --stage -- app/(pages)/history/page.tsx [2ms]
2026-01-12 12:24:32.630 [info] > git cat-file -s 10a22d87c60b7c3638c1ada6a159530fdee98e42 [3ms]
2026-01-12 12:24:32.663 [info] > git blame --root --incremental a3c6efaafeeb8f3983a5bfd98410890d9474f937 -- app/(pages)/history/page.tsx [14ms]
2026-01-12 12:24:41.680 [info] > git show --textconv :app/(pages)/history/page.tsx [10ms]
2026-01-12 12:24:41.681 [info] > git ls-files --stage -- app/(pages)/history/page.tsx [3ms]
2026-01-12 12:24:41.687 [info] > git cat-file -s 10a22d87c60b7c3638c1ada6a159530fdee98e42 [1ms]
2026-01-12 12:24:42.073 [info] > git show --textconv :stores/useHistoryStore.ts [6ms]
2026-01-12 12:24:42.075 [info] > git ls-files --stage -- stores/useHistoryStore.ts [3ms]
2026-01-12 12:24:42.082 [info] > git cat-file -s b9cca1077a405f76565d19c59247f6b4e3930828 [2ms]
2026-01-12 12:24:56.658 [info] > git check-ignore -v -z --stdin [1ms]
2026-01-12 12:25:06.493 [info] > git config --get commit.template [5ms]
2026-01-12 12:25:06.493 [info] > git for-each-ref --format=%(refname)%00%(upstream:short)%00%(objectname)%00%(upstream:track)%00%(upstream:remotename)%00%(upstream:remoteref) refs/heads/dev refs/remotes/dev [2ms]
2026-01-12 12:25:06.502 [info] > git status -z -uall [5ms]
2026-01-12 12:25:06.503 [info] > git for-each-ref --sort -committerdate --format %(refname)%00%(objectname)%00%(*objectname) [1ms]
